<?xml version="1.0" encoding="UTF-8"?>
<coverage generated="1780146875858" clover="3.2.0">
  <project timestamp="1780146875858" name="All files">
    <metrics statements="2419" coveredstatements="1871" conditionals="1899" coveredconditionals="1307" methods="904" coveredmethods="671" elements="5222" coveredelements="3849" complexity="0" loc="2419" ncloc="2419" packages="11" files="57" classes="57"/>
    <package name="src">
      <metrics statements="4" coveredstatements="4" conditionals="0" coveredconditionals="0" methods="0" coveredmethods="0"/>
      <file name="events.ts" path="/Volumes/Projects/Development_Projects/Github_Repos/element/webview/src/events.ts">
        <metrics statements="4" coveredstatements="4" conditionals="0" coveredconditionals="0" methods="0" coveredmethods="0"/>
        <line num="3" count="5" type="stmt"/>
        <line num="4" count="5" type="stmt"/>
        <line num="5" count="5" type="stmt"/>
        <line num="6" count="5" type="stmt"/>
      </file>
    </package>
    <package name="src.bridge">
      <metrics statements="253" coveredstatements="250" conditionals="114" coveredconditionals="103" methods="84" coveredmethods="84"/>
      <file name="bridgeError.ts" path="/Volumes/Projects/Development_Projects/Github_Repos/element/webview/src/bridge/bridgeError.ts">
        <metrics statements="1" coveredstatements="1" conditionals="0" coveredconditionals="0" methods="1" coveredmethods="1"/>
        <line num="33" count="95" type="stmt"/>
      </file>
      <file name="juceBackend.ts" path="/Volumes/Projects/Development_Projects/Github_Repos/element/webview/src/bridge/juceBackend.ts">
        <metrics statements="24" coveredstatements="24" conditionals="15" coveredconditionals="12" methods="5" coveredmethods="5"/>
        <line num="34" count="1043" type="stmt"/>
        <line num="35" count="1043" type="stmt"/>
        <line num="38" count="21" type="stmt"/>
        <line num="42" count="21" type="stmt"/>
        <line num="43" count="21" type="stmt"/>
        <line num="46" count="1041" type="cond" truecount="2" falsecount="0"/>
        <line num="47" count="15" type="stmt"/>
        <line num="48" count="15" type="stmt"/>
        <line num="49" count="1040" type="cond" truecount="3" falsecount="1"/>
        <line num="50" count="1040" type="stmt"/>
        <line num="51" count="1040" type="cond" truecount="1" falsecount="1"/>
        <line num="52" count="1040" type="stmt"/>
        <line num="53" count="1040" type="cond" truecount="1" falsecount="1"/>
        <line num="54" count="1040" type="stmt"/>
        <line num="55" count="1040" type="stmt"/>
        <line num="66" count="1043" type="stmt"/>
        <line num="67" count="1043" type="cond" truecount="4" falsecount="0"/>
        <line num="68" count="2" type="stmt"/>
        <line num="70" count="1041" type="stmt"/>
        <line num="71" count="1041" type="stmt"/>
        <line num="72" count="1041" type="stmt"/>
        <line num="73" count="1041" type="stmt"/>
        <line num="75" count="1041" type="stmt"/>
        <line num="80" count="1041" type="stmt"/>
      </file>
      <file name="nativeApp.ts" path="/Volumes/Projects/Development_Projects/Github_Repos/element/webview/src/bridge/nativeApp.ts">
        <metrics statements="5" coveredstatements="5" conditionals="10" coveredconditionals="10" methods="2" coveredmethods="2"/>
        <line num="10" count="5" type="stmt"/>
        <line num="11" count="5" type="cond" truecount="4" falsecount="0"/>
        <line num="12" count="2" type="stmt"/>
        <line num="13" count="2" type="stmt"/>
        <line num="21" count="1" type="stmt"/>
      </file>
      <file name="nativeEngineSnapshot.ts" path="/Volumes/Projects/Development_Projects/Github_Repos/element/webview/src/bridge/nativeEngineSnapshot.ts">
        <metrics statements="29" coveredstatements="27" conditionals="30" coveredconditionals="25" methods="4" coveredmethods="4"/>
        <line num="38" count="8" type="stmt"/>
        <line num="55" count="157" type="cond" truecount="4" falsecount="0"/>
        <line num="56" count="115" type="cond" truecount="1" falsecount="1"/>
        <line num="57" count="0" type="stmt"/>
        <line num="58" count="0" type="cond" truecount="0" falsecount="2"/>
        <line num="60" count="115" type="stmt"/>
        <line num="64" count="63" type="cond" truecount="3" falsecount="0"/>
        <line num="68" count="21" type="cond" truecount="2" falsecount="0"/>
        <line num="77" count="651" type="stmt"/>
        <line num="78" count="651" type="stmt"/>
        <line num="80" count="1" type="stmt"/>
        <line num="81" count="1" type="stmt"/>
        <line num="85" count="650" type="cond" truecount="2" falsecount="0"/>
        <line num="86" count="22" type="stmt"/>
        <line num="87" count="22" type="cond" truecount="2" falsecount="0"/>
        <line num="88" count="4" type="stmt"/>
        <line num="89" count="4" type="stmt"/>
        <line num="91" count="1" type="stmt"/>
        <line num="92" count="1" type="stmt"/>
        <line num="94" count="18" type="cond" truecount="1" falsecount="1"/>
        <line num="95" count="18" type="stmt"/>
        <line num="97" count="21" type="cond" truecount="1" falsecount="1"/>
        <line num="99" count="21" type="stmt"/>
        <line num="100" count="21" type="stmt"/>
        <line num="101" count="21" type="cond" truecount="4" falsecount="0"/>
        <line num="102" count="5" type="stmt"/>
        <line num="104" count="21" type="stmt"/>
        <line num="106" count="21" type="cond" truecount="4" falsecount="0"/>
        <line num="108" count="651" type="stmt"/>
      </file>
      <file name="nativeGraph.ts" path="/Volumes/Projects/Development_Projects/Github_Repos/element/webview/src/bridge/nativeGraph.ts">
        <metrics statements="134" coveredstatements="133" conditionals="51" coveredconditionals="48" methods="42" coveredmethods="42"/>
        <line num="7" count="4" type="stmt"/>
        <line num="8" count="4" type="stmt"/>
        <line num="12" count="4" type="stmt"/>
        <line num="13" count="4" type="stmt"/>
        <line num="22" count="4" type="stmt"/>
        <line num="28" count="4" type="stmt"/>
        <line num="37" count="4" type="stmt"/>
        <line num="43" count="4" type="stmt"/>
        <line num="49" count="3" type="stmt"/>
        <line num="50" count="3" type="cond" truecount="2" falsecount="0"/>
        <line num="57" count="3" type="stmt"/>
        <line num="61" count="3" type="stmt"/>
        <line num="68" count="4" type="stmt"/>
        <line num="69" count="4" type="stmt"/>
        <line num="76" count="4" type="stmt"/>
        <line num="80" count="4" type="stmt"/>
        <line num="87" count="4" type="stmt"/>
        <line num="91" count="4" type="stmt"/>
        <line num="110" count="4" type="stmt"/>
        <line num="114" count="4" type="stmt"/>
        <line num="122" count="4" type="stmt"/>
        <line num="123" count="4" type="stmt"/>
        <line num="131" count="6" type="stmt"/>
        <line num="132" count="6" type="cond" truecount="2" falsecount="0"/>
        <line num="138" count="4" type="stmt"/>
        <line num="139" count="4" type="stmt"/>
        <line num="145" count="3" type="stmt"/>
        <line num="146" count="3" type="cond" truecount="2" falsecount="0"/>
        <line num="151" count="3" type="stmt"/>
        <line num="152" count="3" type="cond" truecount="2" falsecount="0"/>
        <line num="157" count="3" type="stmt"/>
        <line num="158" count="3" type="cond" truecount="2" falsecount="0"/>
        <line num="165" count="4" type="stmt"/>
        <line num="166" count="4" type="stmt"/>
        <line num="178" count="4" type="stmt"/>
        <line num="179" count="4" type="stmt"/>
        <line num="188" count="8" type="stmt"/>
        <line num="194" count="8" type="stmt"/>
        <line num="206" count="2" type="stmt"/>
        <line num="209" count="2" type="stmt"/>
        <line num="213" count="4" type="stmt"/>
        <line num="214" count="4" type="stmt"/>
        <line num="218" count="1" type="stmt"/>
        <line num="222" count="1" type="stmt"/>
        <line num="226" count="1" type="stmt"/>
        <line num="230" count="1" type="stmt"/>
        <line num="235" count="4" type="stmt"/>
        <line num="236" count="4" type="stmt"/>
        <line num="241" count="4" type="stmt"/>
        <line num="242" count="4" type="stmt"/>
        <line num="249" count="4" type="stmt"/>
        <line num="252" count="4" type="stmt"/>
        <line num="261" count="4" type="stmt"/>
        <line num="262" count="4" type="stmt"/>
        <line num="281" count="8" type="stmt"/>
        <line num="282" count="8" type="cond" truecount="2" falsecount="0"/>
        <line num="283" count="7" type="stmt"/>
        <line num="284" count="7" type="cond" truecount="1" falsecount="1"/>
        <line num="287" count="8" type="cond" truecount="2" falsecount="0"/>
        <line num="289" count="1" type="stmt"/>
        <line num="290" count="1" type="stmt"/>
        <line num="299" count="4" type="stmt"/>
        <line num="304" count="4" type="stmt"/>
        <line num="324" count="3" type="stmt"/>
        <line num="325" count="3" type="cond" truecount="2" falsecount="0"/>
        <line num="326" count="2" type="stmt"/>
        <line num="327" count="2" type="stmt"/>
        <line num="329" count="1" type="stmt"/>
        <line num="330" count="1" type="stmt"/>
        <line num="353" count="3" type="stmt"/>
        <line num="354" count="3" type="cond" truecount="2" falsecount="0"/>
        <line num="355" count="2" type="stmt"/>
        <line num="356" count="2" type="stmt"/>
        <line num="358" count="1" type="stmt"/>
        <line num="359" count="1" type="stmt"/>
        <line num="364" count="3" type="stmt"/>
        <line num="365" count="3" type="cond" truecount="2" falsecount="0"/>
        <line num="374" count="4" type="stmt"/>
        <line num="375" count="4" type="cond" truecount="2" falsecount="0"/>
        <line num="376" count="3" type="stmt"/>
        <line num="377" count="3" type="stmt"/>
        <line num="378" count="3" type="cond" truecount="2" falsecount="0"/>
        <line num="380" count="1" type="stmt"/>
        <line num="381" count="1" type="stmt"/>
        <line num="386" count="3" type="stmt"/>
        <line num="387" count="3" type="cond" truecount="2" falsecount="0"/>
        <line num="388" count="2" type="stmt"/>
        <line num="389" count="2" type="stmt"/>
        <line num="390" count="2" type="cond" truecount="1" falsecount="1"/>
        <line num="392" count="1" type="stmt"/>
        <line num="393" count="1" type="stmt"/>
        <line num="412" count="4" type="stmt"/>
        <line num="413" count="4" type="cond" truecount="2" falsecount="0"/>
        <line num="414" count="2" type="stmt"/>
        <line num="415" count="2" type="stmt"/>
        <line num="417" count="1" type="stmt"/>
        <line num="418" count="1" type="stmt"/>
        <line num="421" count="2" type="cond" truecount="4" falsecount="0"/>
        <line num="422" count="1" type="stmt"/>
        <line num="432" count="3" type="stmt"/>
        <line num="433" count="3" type="cond" truecount="2" falsecount="0"/>
        <line num="434" count="2" type="stmt"/>
        <line num="435" count="2" type="stmt"/>
        <line num="437" count="1" type="stmt"/>
        <line num="438" count="1" type="stmt"/>
        <line num="441" count="1" type="stmt"/>
        <line num="452" count="3" type="stmt"/>
        <line num="453" count="3" type="cond" truecount="2" falsecount="0"/>
        <line num="454" count="2" type="stmt"/>
        <line num="455" count="2" type="stmt"/>
        <line num="457" count="1" type="stmt"/>
        <line num="458" count="1" type="stmt"/>
        <line num="461" count="1" type="stmt"/>
        <line num="469" count="3" type="stmt"/>
        <line num="470" count="3" type="cond" truecount="2" falsecount="0"/>
        <line num="471" count="2" type="stmt"/>
        <line num="472" count="2" type="stmt"/>
        <line num="474" count="1" type="stmt"/>
        <line num="475" count="1" type="stmt"/>
        <line num="478" count="1" type="stmt"/>
        <line num="486" count="2" type="stmt"/>
        <line num="487" count="2" type="cond" truecount="1" falsecount="1"/>
        <line num="488" count="2" type="stmt"/>
        <line num="489" count="2" type="stmt"/>
        <line num="491" count="1" type="stmt"/>
        <line num="492" count="1" type="stmt"/>
        <line num="495" count="0" type="stmt"/>
        <line num="502" count="9" type="stmt"/>
        <line num="503" count="8" type="cond" truecount="2" falsecount="0"/>
        <line num="504" count="7" type="stmt"/>
        <line num="505" count="7" type="stmt"/>
        <line num="507" count="1" type="stmt"/>
        <line num="508" count="1" type="stmt"/>
        <line num="511" count="1" type="stmt"/>
      </file>
      <file name="nativeKeyboard.ts" path="/Volumes/Projects/Development_Projects/Github_Repos/element/webview/src/bridge/nativeKeyboard.ts">
        <metrics statements="4" coveredstatements="4" conditionals="0" coveredconditionals="0" methods="2" coveredmethods="2"/>
        <line num="22" count="3" type="stmt"/>
        <line num="27" count="3" type="stmt"/>
        <line num="39" count="3" type="stmt"/>
        <line num="43" count="3" type="stmt"/>
      </file>
      <file name="nativePerform.ts" path="/Volumes/Projects/Development_Projects/Github_Repos/element/webview/src/bridge/nativePerform.ts">
        <metrics statements="10" coveredstatements="10" conditionals="0" coveredconditionals="0" methods="5" coveredmethods="5"/>
        <line num="6" count="13" type="stmt"/>
        <line num="7" count="13" type="stmt"/>
        <line num="11" count="2" type="stmt"/>
        <line num="12" count="2" type="stmt"/>
        <line num="17" count="2" type="stmt"/>
        <line num="18" count="2" type="stmt"/>
        <line num="28" count="2" type="stmt"/>
        <line num="29" count="2" type="stmt"/>
        <line num="40" count="3" type="stmt"/>
        <line num="44" count="3" type="stmt"/>
      </file>
      <file name="nativePluginEditor.ts" path="/Volumes/Projects/Development_Projects/Github_Repos/element/webview/src/bridge/nativePluginEditor.ts">
        <metrics statements="11" coveredstatements="11" conditionals="4" coveredconditionals="4" methods="5" coveredmethods="5"/>
        <line num="12" count="2" type="stmt"/>
        <line num="21" count="3" type="stmt"/>
        <line num="22" count="8" type="cond" truecount="2" falsecount="0"/>
        <line num="23" count="5" type="stmt"/>
        <line num="24" count="5" type="stmt"/>
        <line num="27" count="8" type="stmt"/>
        <line num="34" count="8" type="cond" truecount="2" falsecount="0"/>
        <line num="36" count="1" type="stmt"/>
        <line num="40" count="1" type="stmt"/>
        <line num="49" count="1" type="stmt"/>
        <line num="53" count="1" type="stmt"/>
      </file>
      <file name="nativePrefs.ts" path="/Volumes/Projects/Development_Projects/Github_Repos/element/webview/src/bridge/nativePrefs.ts">
        <metrics statements="15" coveredstatements="15" conditionals="0" coveredconditionals="0" methods="9" coveredmethods="9"/>
        <line num="10" count="2" type="stmt"/>
        <line num="11" count="2" type="stmt"/>
        <line num="17" count="2" type="stmt"/>
        <line num="21" count="2" type="stmt"/>
        <line num="25" count="2" type="stmt"/>
        <line num="26" count="2" type="stmt"/>
        <line num="30" count="2" type="stmt"/>
        <line num="31" count="2" type="stmt"/>
        <line num="35" count="1" type="stmt"/>
        <line num="39" count="1" type="stmt"/>
        <line num="43" count="1" type="stmt"/>
        <line num="52" count="2" type="stmt"/>
        <line num="53" count="2" type="stmt"/>
        <line num="62" count="2" type="stmt"/>
        <line num="63" count="2" type="stmt"/>
      </file>
      <file name="nativeSession.ts" path="/Volumes/Projects/Development_Projects/Github_Repos/element/webview/src/bridge/nativeSession.ts">
        <metrics statements="20" coveredstatements="20" conditionals="4" coveredconditionals="4" methods="9" coveredmethods="9"/>
        <line num="5" count="1" type="stmt"/>
        <line num="9" count="1" type="stmt"/>
        <line num="13" count="1" type="stmt"/>
        <line num="18" count="2" type="stmt"/>
        <line num="19" count="2" type="stmt"/>
        <line num="24" count="2" type="stmt"/>
        <line num="25" count="2" type="stmt"/>
        <line num="31" count="2" type="stmt"/>
        <line num="34" count="2" type="stmt"/>
        <line num="39" count="1" type="stmt"/>
        <line num="40" count="1" type="stmt"/>
        <line num="45" count="1" type="stmt"/>
        <line num="46" count="1" type="stmt"/>
        <line num="58" count="4" type="stmt"/>
        <line num="59" count="4" type="cond" truecount="2" falsecount="0"/>
        <line num="60" count="3" type="stmt"/>
        <line num="61" count="3" type="stmt"/>
        <line num="62" count="3" type="cond" truecount="2" falsecount="0"/>
        <line num="64" count="1" type="stmt"/>
        <line num="65" count="1" type="stmt"/>
      </file>
    </package>
    <package name="src.components.canvas">
      <metrics statements="550" coveredstatements="319" conditionals="367" coveredconditionals="159" methods="211" coveredmethods="117"/>
      <file name="Block.tsx" path="/Volumes/Projects/Development_Projects/Github_Repos/element/webview/src/components/canvas/Block.tsx">
        <metrics statements="66" coveredstatements="49" conditionals="92" coveredconditionals="62" methods="20" coveredmethods="12"/>
        <line num="17" count="1" type="stmt"/>
        <line num="46" count="1" type="stmt"/>
        <line num="63" count="2" type="cond" truecount="1" falsecount="1"/>
        <line num="64" count="2" type="cond" truecount="1" falsecount="1"/>
        <line num="65" count="2" type="cond" truecount="2" falsecount="2"/>
        <line num="67" count="2" type="stmt"/>
        <line num="74" count="2" type="cond" truecount="1" falsecount="1"/>
        <line num="75" count="2" type="stmt"/>
        <line num="76" count="0" type="cond" truecount="0" falsecount="2"/>
        <line num="77" count="0" type="stmt"/>
        <line num="80" count="0" type="stmt"/>
        <line num="83" count="2" type="stmt"/>
        <line num="108" count="1" type="stmt"/>
        <line num="123" count="0" type="cond" truecount="0" falsecount="2"/>
        <line num="125" count="0" type="cond" truecount="0" falsecount="2"/>
        <line num="129" count="0" type="stmt"/>
        <line num="180" count="2" type="stmt"/>
        <line num="184" count="2" type="cond" truecount="2" falsecount="0"/>
        <line num="186" count="2" type="stmt"/>
        <line num="204" count="0" type="stmt"/>
        <line num="205" count="0" type="stmt"/>
        <line num="222" count="16" type="stmt"/>
        <line num="229" count="16" type="stmt"/>
        <line num="232" count="80" type="stmt"/>
        <line num="249" count="1" type="stmt"/>
        <line num="251" count="1" type="stmt"/>
        <line num="254" count="1" type="stmt"/>
        <line num="263" count="1" type="stmt"/>
        <line num="273" count="20" type="cond" truecount="2" falsecount="0"/>
        <line num="274" count="3" type="stmt"/>
        <line num="275" count="3" type="cond" truecount="4" falsecount="0"/>
        <line num="276" count="2" type="cond" truecount="4" falsecount="0"/>
        <line num="277" count="1" type="stmt"/>
        <line num="302" count="22" type="stmt"/>
        <line num="303" count="22" type="cond" truecount="2" falsecount="0"/>
        <line num="304" count="22" type="stmt"/>
        <line num="305" count="22" type="cond" truecount="2" falsecount="0"/>
        <line num="306" count="22" type="stmt"/>
        <line num="308" count="22" type="stmt"/>
        <line num="309" count="22" type="stmt"/>
        <line num="315" count="22" type="stmt"/>
        <line num="316" count="22" type="stmt"/>
        <line num="317" count="22" type="stmt"/>
        <line num="318" count="22" type="stmt"/>
        <line num="319" count="22" type="stmt"/>
        <line num="320" count="0" type="stmt"/>
        <line num="321" count="0" type="cond" truecount="0" falsecount="2"/>
        <line num="322" count="0" type="cond" truecount="0" falsecount="2"/>
        <line num="323" count="0" type="cond" truecount="0" falsecount="2"/>
        <line num="325" count="22" type="stmt"/>
        <line num="329" count="22" type="cond" truecount="2" falsecount="0"/>
        <line num="330" count="1" type="stmt"/>
        <line num="342" count="0" type="stmt"/>
        <line num="354" count="0" type="stmt"/>
        <line num="370" count="21" type="cond" truecount="2" falsecount="0"/>
        <line num="371" count="1" type="stmt"/>
        <line num="387" count="4" type="stmt"/>
        <line num="400" count="0" type="stmt"/>
        <line num="412" count="0" type="stmt"/>
        <line num="429" count="20" type="cond" truecount="1" falsecount="1"/>
        <line num="430" count="0" type="stmt"/>
        <line num="442" count="20" type="stmt"/>
        <line num="444" count="20" type="stmt"/>
        <line num="576" count="1" type="stmt"/>
        <line num="590" count="1" type="stmt"/>
        <line num="605" count="1" type="stmt"/>
      </file>
      <file name="BlockEmbed.tsx" path="/Volumes/Projects/Development_Projects/Github_Repos/element/webview/src/components/canvas/BlockEmbed.tsx">
        <metrics statements="39" coveredstatements="9" conditionals="28" coveredconditionals="4" methods="12" coveredmethods="2"/>
        <line num="8" count="1" type="stmt"/>
        <line num="16" count="1" type="stmt"/>
        <line num="31" count="1" type="stmt"/>
        <line num="40" count="0" type="cond" truecount="0" falsecount="2"/>
        <line num="51" count="0" type="stmt"/>
        <line num="52" count="0" type="stmt"/>
        <line num="54" count="0" type="stmt"/>
        <line num="57" count="0" type="stmt"/>
        <line num="58" count="0" type="stmt"/>
        <line num="112" count="0" type="stmt"/>
        <line num="113" count="0" type="stmt"/>
        <line num="123" count="0" type="stmt"/>
        <line num="125" count="0" type="stmt"/>
        <line num="126" count="0" type="cond" truecount="0" falsecount="2"/>
        <line num="127" count="0" type="stmt"/>
        <line num="128" count="0" type="stmt"/>
        <line num="130" count="0" type="stmt"/>
        <line num="131" count="0" type="stmt"/>
        <line num="132" count="0" type="stmt"/>
        <line num="133" count="0" type="cond" truecount="0" falsecount="2"/>
        <line num="135" count="0" type="stmt"/>
        <line num="139" count="0" type="stmt"/>
        <line num="144" count="0" type="stmt"/>
        <line num="147" count="0" type="stmt"/>
        <line num="163" count="2" type="stmt"/>
        <line num="164" count="2" type="stmt"/>
        <line num="168" count="2" type="stmt"/>
        <line num="170" count="2" type="stmt"/>
        <line num="221" count="1" type="stmt"/>
        <line num="246" count="0" type="stmt"/>
        <line num="247" count="0" type="stmt"/>
        <line num="248" count="0" type="stmt"/>
        <line num="251" count="0" type="stmt"/>
        <line num="259" count="0" type="stmt"/>
        <line num="269" count="0" type="stmt"/>
        <line num="340" count="0" type="cond" truecount="0" falsecount="2"/>
        <line num="342" count="0" type="stmt"/>
        <line num="344" count="0" type="stmt"/>
        <line num="368" count="1" type="stmt"/>
      </file>
      <file name="Cable.tsx" path="/Volumes/Projects/Development_Projects/Github_Repos/element/webview/src/components/canvas/Cable.tsx">
        <metrics statements="36" coveredstatements="30" conditionals="41" coveredconditionals="21" methods="8" coveredmethods="5"/>
        <line num="16" count="1" type="stmt"/>
        <line num="20" count="1" type="stmt"/>
        <line num="28" count="1" type="stmt"/>
        <line num="40" count="1" type="stmt"/>
        <line num="47" count="1" type="cond" truecount="1" falsecount="1"/>
        <line num="48" count="1" type="stmt"/>
        <line num="49" count="1" type="cond" truecount="1" falsecount="1"/>
        <line num="50" count="1" type="stmt"/>
        <line num="51" count="1" type="stmt"/>
        <line num="52" count="1" type="stmt"/>
        <line num="53" count="1" type="stmt"/>
        <line num="87" count="8" type="stmt"/>
        <line num="88" count="8" type="cond" truecount="2" falsecount="0"/>
        <line num="89" count="8" type="cond" truecount="2" falsecount="0"/>
        <line num="90" count="8" type="cond" truecount="2" falsecount="0"/>
        <line num="91" count="8" type="cond" truecount="2" falsecount="0"/>
        <line num="92" count="8" type="stmt"/>
        <line num="95" count="8" type="stmt"/>
        <line num="96" count="8" type="stmt"/>
        <line num="97" count="8" type="stmt"/>
        <line num="98" count="8" type="cond" truecount="2" falsecount="0"/>
        <line num="99" count="8" type="stmt"/>
        <line num="104" count="8" type="stmt"/>
        <line num="105" count="8" type="cond" truecount="1" falsecount="1"/>
        <line num="106" count="8" type="stmt"/>
        <line num="107" count="8" type="cond" truecount="1" falsecount="1"/>
        <line num="108" count="0" type="stmt"/>
        <line num="109" count="0" type="cond" truecount="0" falsecount="2"/>
        <line num="110" count="0" type="stmt"/>
        <line num="111" count="0" type="cond" truecount="0" falsecount="2"/>
        <line num="113" count="0" type="stmt"/>
        <line num="117" count="8" type="cond" truecount="1" falsecount="1"/>
        <line num="138" count="8" type="cond" truecount="1" falsecount="1"/>
        <line num="145" count="8" type="stmt"/>
        <line num="161" count="0" type="stmt"/>
        <line num="195" count="1" type="stmt"/>
      </file>
      <file name="CommandPalette.tsx" path="/Volumes/Projects/Development_Projects/Github_Repos/element/webview/src/components/canvas/CommandPalette.tsx">
        <metrics statements="113" coveredstatements="88" conditionals="47" coveredconditionals="31" methods="61" coveredmethods="38"/>
        <line num="46" count="1" type="stmt"/>
        <line num="54" count="1" type="stmt"/>
        <line num="68" count="1" type="stmt"/>
        <line num="70" count="1" type="stmt"/>
        <line num="76" count="1" type="stmt"/>
        <line num="102" count="46" type="stmt"/>
        <line num="103" count="46" type="stmt"/>
        <line num="104" count="46" type="stmt"/>
        <line num="105" count="46" type="stmt"/>
        <line num="107" count="46" type="stmt"/>
        <line num="108" count="46" type="stmt"/>
        <line num="109" count="46" type="stmt"/>
        <line num="110" count="46" type="stmt"/>
        <line num="111" count="46" type="stmt"/>
        <line num="112" count="46" type="stmt"/>
        <line num="113" count="46" type="stmt"/>
        <line num="114" count="46" type="stmt"/>
        <line num="115" count="46" type="stmt"/>
        <line num="116" count="46" type="stmt"/>
        <line num="117" count="46" type="stmt"/>
        <line num="118" count="46" type="stmt"/>
        <line num="120" count="46" type="stmt"/>
        <line num="121" count="38" type="cond" truecount="2" falsecount="0"/>
        <line num="122" count="37" type="stmt"/>
        <line num="126" count="46" type="stmt"/>
        <line num="127" count="1012" type="stmt"/>
        <line num="128" count="3" type="stmt"/>
        <line num="129" count="3" type="stmt"/>
        <line num="134" count="46" type="stmt"/>
        <line num="135" count="46" type="cond" truecount="1" falsecount="1"/>
        <line num="136" count="46" type="stmt"/>
        <line num="137" count="46" type="stmt"/>
        <line num="138" count="46" type="cond" truecount="1" falsecount="1"/>
        <line num="139" count="46" type="cond" truecount="1" falsecount="1"/>
        <line num="140" count="46" type="cond" truecount="1" falsecount="1"/>
        <line num="142" count="46" type="cond" truecount="1" falsecount="1"/>
        <line num="145" count="46" type="cond" truecount="1" falsecount="1"/>
        <line num="148" count="46" type="cond" truecount="1" falsecount="1"/>
        <line num="150" count="46" type="stmt"/>
        <line num="154" count="46" type="stmt"/>
        <line num="155" count="46" type="stmt"/>
        <line num="161" count="1" type="stmt"/>
        <line num="168" count="0" type="stmt"/>
        <line num="175" count="1" type="stmt"/>
        <line num="182" count="0" type="stmt"/>
        <line num="189" count="1" type="stmt"/>
        <line num="197" count="0" type="stmt"/>
        <line num="199" count="0" type="stmt"/>
        <line num="200" count="0" type="stmt"/>
        <line num="210" count="0" type="stmt"/>
        <line num="219" count="0" type="stmt"/>
        <line num="228" count="0" type="stmt"/>
        <line num="237" count="0" type="stmt"/>
        <line num="246" count="0" type="stmt"/>
        <line num="253" count="0" type="stmt"/>
        <line num="261" count="0" type="stmt"/>
        <line num="268" count="0" type="stmt"/>
        <line num="272" count="92" type="stmt"/>
        <line num="278" count="0" type="stmt"/>
        <line num="279" count="0" type="stmt"/>
        <line num="283" count="92" type="stmt"/>
        <line num="288" count="0" type="stmt"/>
        <line num="291" count="46" type="stmt"/>
        <line num="297" count="0" type="stmt"/>
        <line num="301" count="46" type="stmt"/>
        <line num="308" count="0" type="stmt"/>
        <line num="316" count="0" type="stmt"/>
        <line num="323" count="0" type="stmt"/>
        <line num="330" count="0" type="stmt"/>
        <line num="334" count="46" type="stmt"/>
        <line num="354" count="46" type="stmt"/>
        <line num="355" count="46" type="cond" truecount="2" falsecount="0"/>
        <line num="356" count="10" type="stmt"/>
        <line num="357" count="10" type="stmt"/>
        <line num="359" count="220" type="cond" truecount="3" falsecount="0"/>
        <line num="365" count="46" type="stmt"/>
        <line num="366" count="46" type="stmt"/>
        <line num="367" count="46" type="stmt"/>
        <line num="368" count="2960" type="stmt"/>
        <line num="369" count="230" type="cond" truecount="2" falsecount="0"/>
        <line num="371" count="46" type="stmt"/>
        <line num="374" count="84" type="stmt"/>
        <line num="376" count="46" type="stmt"/>
        <line num="377" count="22" type="stmt"/>
        <line num="380" count="46" type="stmt"/>
        <line num="381" count="17" type="cond" truecount="2" falsecount="0"/>
        <line num="382" count="16" type="stmt"/>
        <line num="383" count="16" type="stmt"/>
        <line num="384" count="16" type="stmt"/>
        <line num="388" count="46" type="stmt"/>
        <line num="389" count="33" type="stmt"/>
        <line num="392" count="33" type="stmt"/>
        <line num="395" count="46" type="stmt"/>
        <line num="397" count="53" type="cond" truecount="3" falsecount="1"/>
        <line num="399" count="51" type="stmt"/>
        <line num="400" count="51" type="stmt"/>
        <line num="401" count="51" type="stmt"/>
        <line num="403" count="1" type="stmt"/>
        <line num="404" count="1" type="stmt"/>
        <line num="405" count="1" type="stmt"/>
        <line num="407" count="0" type="stmt"/>
        <line num="408" count="0" type="stmt"/>
        <line num="409" count="0" type="stmt"/>
        <line num="411" count="1" type="stmt"/>
        <line num="412" count="1" type="stmt"/>
        <line num="413" count="1" type="stmt"/>
        <line num="419" count="46" type="stmt"/>
        <line num="421" count="46" type="stmt"/>
        <line num="469" count="82" type="stmt"/>
        <line num="474" count="576" type="stmt"/>
        <line num="475" count="576" type="stmt"/>
        <line num="476" count="576" type="stmt"/>
        <line num="481" count="0" type="stmt"/>
      </file>
      <file name="GraphCanvas.tsx" path="/Volumes/Projects/Development_Projects/Github_Repos/element/webview/src/components/canvas/GraphCanvas.tsx">
        <metrics statements="168" coveredstatements="77" conditionals="82" coveredconditionals="18" methods="59" coveredmethods="30"/>
        <line num="51" count="1" type="stmt"/>
        <line num="52" count="1" type="stmt"/>
        <line num="56" count="1" type="stmt"/>
        <line num="66" count="10" type="stmt"/>
        <line num="82" count="10" type="stmt"/>
        <line num="98" count="10" type="stmt"/>
        <line num="137" count="10" type="stmt"/>
        <line num="138" count="10" type="stmt"/>
        <line num="139" count="10" type="stmt"/>
        <line num="140" count="10" type="stmt"/>
        <line num="141" count="10" type="stmt"/>
        <line num="142" count="10" type="stmt"/>
        <line num="143" count="10" type="stmt"/>
        <line num="144" count="10" type="stmt"/>
        <line num="145" count="10" type="stmt"/>
        <line num="146" count="10" type="stmt"/>
        <line num="147" count="10" type="stmt"/>
        <line num="148" count="10" type="stmt"/>
        <line num="149" count="10" type="stmt"/>
        <line num="151" count="10" type="stmt"/>
        <line num="152" count="10" type="stmt"/>
        <line num="154" count="10" type="stmt"/>
        <line num="156" count="10" type="stmt"/>
        <line num="157" count="10" type="stmt"/>
        <line num="159" count="10" type="stmt"/>
        <line num="163" count="10" type="stmt"/>
        <line num="167" count="10" type="stmt"/>
        <line num="169" count="10" type="stmt"/>
        <line num="170" count="9" type="cond" truecount="1" falsecount="1"/>
        <line num="172" count="0" type="stmt"/>
        <line num="175" count="10" type="stmt"/>
        <line num="176" count="10" type="stmt"/>
        <line num="177" count="10" type="stmt"/>
        <line num="178" count="10" type="stmt"/>
        <line num="180" count="10" type="stmt"/>
        <line num="181" count="10" type="stmt"/>
        <line num="182" count="10" type="stmt"/>
        <line num="184" count="10" type="stmt"/>
        <line num="185" count="10" type="stmt"/>
        <line num="191" count="10" type="stmt"/>
        <line num="192" count="10" type="stmt"/>
        <line num="197" count="10" type="stmt"/>
        <line num="199" count="0" type="stmt"/>
        <line num="200" count="0" type="stmt"/>
        <line num="201" count="0" type="cond" truecount="0" falsecount="4"/>
        <line num="202" count="0" type="stmt"/>
        <line num="207" count="10" type="stmt"/>
        <line num="209" count="0" type="cond" truecount="0" falsecount="2"/>
        <line num="210" count="0" type="stmt"/>
        <line num="211" count="0" type="cond" truecount="0" falsecount="4"/>
        <line num="212" count="0" type="stmt"/>
        <line num="213" count="0" type="stmt"/>
        <line num="218" count="0" type="cond" truecount="0" falsecount="2"/>
        <line num="219" count="0" type="cond" truecount="0" falsecount="2"/>
        <line num="220" count="0" type="stmt"/>
        <line num="225" count="10" type="stmt"/>
        <line num="227" count="0" type="stmt"/>
        <line num="232" count="10" type="stmt"/>
        <line num="233" count="0" type="stmt"/>
        <line num="234" count="0" type="stmt"/>
        <line num="235" count="0" type="stmt"/>
        <line num="236" count="0" type="stmt"/>
        <line num="244" count="10" type="stmt"/>
        <line num="246" count="0" type="stmt"/>
        <line num="247" count="0" type="stmt"/>
        <line num="248" count="0" type="cond" truecount="0" falsecount="2"/>
        <line num="249" count="0" type="stmt"/>
        <line num="250" count="0" type="stmt"/>
        <line num="251" count="0" type="stmt"/>
        <line num="252" count="0" type="stmt"/>
        <line num="261" count="10" type="stmt"/>
        <line num="262" count="0" type="stmt"/>
        <line num="265" count="10" type="stmt"/>
        <line num="267" count="2" type="stmt"/>
        <line num="268" count="2" type="cond" truecount="2" falsecount="0"/>
        <line num="269" count="1" type="stmt"/>
        <line num="273" count="1" type="stmt"/>
        <line num="274" count="1" type="stmt"/>
        <line num="279" count="10" type="stmt"/>
        <line num="281" count="0" type="stmt"/>
        <line num="282" count="0" type="stmt"/>
        <line num="283" count="0" type="cond" truecount="0" falsecount="4"/>
        <line num="284" count="0" type="stmt"/>
        <line num="285" count="0" type="stmt"/>
        <line num="286" count="0" type="stmt"/>
        <line num="287" count="0" type="stmt"/>
        <line num="296" count="10" type="stmt"/>
        <line num="308" count="0" type="cond" truecount="0" falsecount="4"/>
        <line num="310" count="0" type="stmt"/>
        <line num="311" count="0" type="stmt"/>
        <line num="312" count="0" type="stmt"/>
        <line num="313" count="0" type="cond" truecount="0" falsecount="2"/>
        <line num="314" count="0" type="stmt"/>
        <line num="315" count="0" type="stmt"/>
        <line num="316" count="0" type="stmt"/>
        <line num="317" count="0" type="stmt"/>
        <line num="323" count="0" type="stmt"/>
        <line num="333" count="0" type="stmt"/>
        <line num="336" count="0" type="cond" truecount="0" falsecount="2"/>
        <line num="337" count="0" type="stmt"/>
        <line num="338" count="0" type="stmt"/>
        <line num="344" count="10" type="stmt"/>
        <line num="345" count="0" type="cond" truecount="0" falsecount="4"/>
        <line num="346" count="0" type="cond" truecount="0" falsecount="2"/>
        <line num="347" count="0" type="cond" truecount="0" falsecount="2"/>
        <line num="348" count="0" type="stmt"/>
        <line num="351" count="10" type="stmt"/>
        <line num="352" count="0" type="stmt"/>
        <line num="353" count="0" type="cond" truecount="0" falsecount="2"/>
        <line num="354" count="0" type="cond" truecount="0" falsecount="2"/>
        <line num="355" count="0" type="stmt"/>
        <line num="361" count="10" type="stmt"/>
        <line num="362" count="0" type="cond" truecount="0" falsecount="2"/>
        <line num="363" count="0" type="stmt"/>
        <line num="364" count="0" type="cond" truecount="0" falsecount="2"/>
        <line num="367" count="10" type="stmt"/>
        <line num="372" count="10" type="stmt"/>
        <line num="375" count="10" type="stmt"/>
        <line num="378" count="10" type="stmt"/>
        <line num="380" count="9" type="cond" truecount="1" falsecount="1"/>
        <line num="381" count="0" type="stmt"/>
        <line num="383" count="9" type="cond" truecount="1" falsecount="1"/>
        <line num="384" count="0" type="stmt"/>
        <line num="390" count="10" type="stmt"/>
        <line num="391" count="10" type="stmt"/>
        <line num="392" count="0" type="stmt"/>
        <line num="395" count="10" type="stmt"/>
        <line num="396" count="0" type="stmt"/>
        <line num="400" count="0" type="stmt"/>
        <line num="403" count="10" type="stmt"/>
        <line num="404" count="0" type="stmt"/>
        <line num="405" count="0" type="stmt"/>
        <line num="406" count="0" type="cond" truecount="0" falsecount="2"/>
        <line num="407" count="0" type="stmt"/>
        <line num="410" count="10" type="stmt"/>
        <line num="411" count="10" type="stmt"/>
        <line num="412" count="10" type="stmt"/>
        <line num="413" count="10" type="stmt"/>
        <line num="414" count="10" type="stmt"/>
        <line num="415" count="10" type="stmt"/>
        <line num="416" count="10" type="stmt"/>
        <line num="421" count="10" type="stmt"/>
        <line num="426" count="0" type="cond" truecount="0" falsecount="2"/>
        <line num="427" count="0" type="stmt"/>
        <line num="429" count="0" type="stmt"/>
        <line num="430" count="0" type="stmt"/>
        <line num="436" count="10" type="stmt"/>
        <line num="442" count="0" type="cond" truecount="0" falsecount="2"/>
        <line num="443" count="0" type="stmt"/>
        <line num="444" count="0" type="stmt"/>
        <line num="446" count="0" type="stmt"/>
        <line num="448" count="0" type="cond" truecount="0" falsecount="2"/>
        <line num="449" count="0" type="stmt"/>
        <line num="451" count="0" type="stmt"/>
        <line num="452" count="0" type="stmt"/>
        <line num="458" count="10" type="stmt"/>
        <line num="546" count="0" type="stmt"/>
        <line num="554" count="0" type="stmt"/>
        <line num="562" count="0" type="stmt"/>
        <line num="578" count="0" type="stmt"/>
        <line num="581" count="0" type="cond" truecount="0" falsecount="2"/>
        <line num="582" count="0" type="stmt"/>
        <line num="583" count="0" type="cond" truecount="0" falsecount="2"/>
        <line num="584" count="0" type="stmt"/>
        <line num="586" count="0" type="stmt"/>
        <line num="587" count="0" type="cond" truecount="0" falsecount="2"/>
        <line num="588" count="0" type="stmt"/>
        <line num="591" count="0" type="stmt"/>
      </file>
      <file name="QuickAddPopup.tsx" path="/Volumes/Projects/Development_Projects/Github_Repos/element/webview/src/components/canvas/QuickAddPopup.tsx">
        <metrics statements="70" coveredstatements="65" conditionals="27" coveredconditionals="23" methods="34" coveredmethods="30"/>
        <line num="25" count="26" type="stmt"/>
        <line num="38" count="24" type="stmt"/>
        <line num="51" count="24" type="stmt"/>
        <line num="64" count="0" type="stmt"/>
        <line num="75" count="1" type="stmt"/>
        <line num="83" count="74" type="cond" truecount="1" falsecount="1"/>
        <line num="84" count="74" type="stmt"/>
        <line num="89" count="74" type="cond" truecount="3" falsecount="1"/>
        <line num="90" count="74" type="stmt"/>
        <line num="105" count="74" type="stmt"/>
        <line num="108" count="2" type="stmt"/>
        <line num="147" count="35" type="stmt"/>
        <line num="148" count="35" type="stmt"/>
        <line num="149" count="35" type="stmt"/>
        <line num="150" count="35" type="stmt"/>
        <line num="152" count="35" type="stmt"/>
        <line num="153" count="35" type="stmt"/>
        <line num="154" count="35" type="stmt"/>
        <line num="156" count="35" type="stmt"/>
        <line num="157" count="21" type="stmt"/>
        <line num="160" count="35" type="stmt"/>
        <line num="161" count="60" type="stmt"/>
        <line num="169" count="35" type="stmt"/>
        <line num="170" count="25" type="stmt"/>
        <line num="171" count="72" type="stmt"/>
        <line num="174" count="35" type="stmt"/>
        <line num="175" count="65" type="stmt"/>
        <line num="176" count="65" type="stmt"/>
        <line num="177" count="25" type="stmt"/>
        <line num="181" count="35" type="stmt"/>
        <line num="182" count="25" type="stmt"/>
        <line num="186" count="35" type="stmt"/>
        <line num="187" count="21" type="stmt"/>
        <line num="190" count="35" type="stmt"/>
        <line num="191" count="25" type="stmt"/>
        <line num="194" count="35" type="stmt"/>
        <line num="195" count="24" type="stmt"/>
        <line num="196" count="24" type="cond" truecount="1" falsecount="1"/>
        <line num="197" count="24" type="stmt"/>
        <line num="198" count="24" type="stmt"/>
        <line num="201" count="35" type="stmt"/>
        <line num="203" count="4" type="stmt"/>
        <line num="204" count="4" type="stmt"/>
        <line num="209" count="35" type="stmt"/>
        <line num="211" count="105" type="cond" truecount="4" falsecount="0"/>
        <line num="213" count="101" type="stmt"/>
        <line num="214" count="101" type="stmt"/>
        <line num="215" count="101" type="stmt"/>
        <line num="217" count="1" type="stmt"/>
        <line num="218" count="1" type="stmt"/>
        <line num="219" count="1" type="stmt"/>
        <line num="221" count="2" type="stmt"/>
        <line num="222" count="2" type="cond" truecount="1" falsecount="1"/>
        <line num="223" count="2" type="stmt"/>
        <line num="225" count="2" type="stmt"/>
        <line num="227" count="1" type="stmt"/>
        <line num="228" count="1" type="stmt"/>
        <line num="229" count="1" type="stmt"/>
        <line num="235" count="35" type="stmt"/>
        <line num="236" count="35" type="stmt"/>
        <line num="240" count="35" type="stmt"/>
        <line num="244" count="35" type="stmt"/>
        <line num="249" count="35" type="stmt"/>
        <line num="294" count="0" type="stmt"/>
        <line num="295" count="0" type="stmt"/>
        <line num="316" count="1" type="stmt"/>
        <line num="321" count="0" type="stmt"/>
        <line num="335" count="87" type="stmt"/>
        <line num="336" count="87" type="stmt"/>
        <line num="342" count="0" type="stmt"/>
      </file>
      <file name="ScriptEditor.tsx" path="/Volumes/Projects/Development_Projects/Github_Repos/element/webview/src/components/canvas/ScriptEditor.tsx">
        <metrics statements="58" coveredstatements="1" conditionals="50" coveredconditionals="0" methods="17" coveredmethods="0"/>
        <line num="14" count="1" type="stmt"/>
        <line num="17" count="0" type="stmt"/>
        <line num="18" count="0" type="stmt"/>
        <line num="39" count="0" type="stmt"/>
        <line num="40" count="0" type="stmt"/>
        <line num="41" count="0" type="stmt"/>
        <line num="42" count="0" type="stmt"/>
        <line num="43" count="0" type="stmt"/>
        <line num="45" count="0" type="stmt"/>
        <line num="46" count="0" type="stmt"/>
        <line num="49" count="0" type="stmt"/>
        <line num="50" count="0" type="stmt"/>
        <line num="51" count="0" type="stmt"/>
        <line num="52" count="0" type="stmt"/>
        <line num="53" count="0" type="stmt"/>
        <line num="58" count="0" type="stmt"/>
        <line num="59" count="0" type="stmt"/>
        <line num="60" count="0" type="stmt"/>
        <line num="61" count="0" type="cond" truecount="0" falsecount="2"/>
        <line num="62" count="0" type="stmt"/>
        <line num="63" count="0" type="cond" truecount="0" falsecount="2"/>
        <line num="64" count="0" type="cond" truecount="0" falsecount="4"/>
        <line num="66" count="0" type="stmt"/>
        <line num="67" count="0" type="stmt"/>
        <line num="68" count="0" type="stmt"/>
        <line num="72" count="0" type="stmt"/>
        <line num="73" count="0" type="cond" truecount="0" falsecount="4"/>
        <line num="74" count="0" type="stmt"/>
        <line num="78" count="0" type="stmt"/>
        <line num="79" count="0" type="stmt"/>
        <line num="80" count="0" type="stmt"/>
        <line num="81" count="0" type="stmt"/>
        <line num="82" count="0" type="stmt"/>
        <line num="83" count="0" type="stmt"/>
        <line num="86" count="0" type="stmt"/>
        <line num="89" count="0" type="cond" truecount="0" falsecount="5"/>
        <line num="90" count="0" type="stmt"/>
        <line num="91" count="0" type="stmt"/>
        <line num="92" count="0" type="stmt"/>
        <line num="95" count="0" type="cond" truecount="0" falsecount="2"/>
        <line num="96" count="0" type="stmt"/>
        <line num="97" count="0" type="stmt"/>
        <line num="98" count="0" type="stmt"/>
        <line num="99" count="0" type="stmt"/>
        <line num="100" count="0" type="stmt"/>
        <line num="101" count="0" type="stmt"/>
        <line num="103" count="0" type="stmt"/>
        <line num="104" count="0" type="stmt"/>
        <line num="105" count="0" type="stmt"/>
        <line num="112" count="0" type="stmt"/>
        <line num="113" count="0" type="cond" truecount="0" falsecount="2"/>
        <line num="114" count="0" type="cond" truecount="0" falsecount="2"/>
        <line num="116" count="0" type="stmt"/>
        <line num="124" count="0" type="stmt"/>
        <line num="177" count="0" type="stmt"/>
        <line num="188" count="0" type="stmt"/>
        <line num="189" count="0" type="stmt"/>
        <line num="212" count="0" type="stmt"/>
      </file>
    </package>
    <package name="src.components.layout">
      <metrics statements="604" coveredstatements="411" conditionals="529" coveredconditionals="324" methods="268" coveredmethods="177"/>
      <file name="AboutModal.tsx" path="/Volumes/Projects/Development_Projects/Github_Repos/element/webview/src/components/layout/AboutModal.tsx">
        <metrics statements="20" coveredstatements="20" conditionals="22" coveredconditionals="20" methods="9" coveredmethods="9"/>
        <line num="54" count="21" type="stmt"/>
        <line num="55" count="21" type="stmt"/>
        <line num="57" count="21" type="stmt"/>
        <line num="58" count="8" type="stmt"/>
        <line num="62" count="21" type="stmt"/>
        <line num="63" count="8" type="stmt"/>
        <line num="64" count="1" type="cond" truecount="1" falsecount="1"/>
        <line num="66" count="8" type="stmt"/>
        <line num="67" count="8" type="stmt"/>
        <line num="70" count="21" type="stmt"/>
        <line num="71" count="4" type="stmt"/>
        <line num="72" count="4" type="stmt"/>
        <line num="73" count="3" type="stmt"/>
        <line num="76" count="1" type="cond" truecount="1" falsecount="1"/>
        <line num="77" count="1" type="stmt"/>
        <line num="81" count="21" type="stmt"/>
        <line num="130" count="21" type="cond" truecount="2" falsecount="0"/>
        <line num="133" count="7" type="cond" truecount="2" falsecount="0"/>
        <line num="140" count="21" type="cond" truecount="2" falsecount="0"/>
        <line num="146" count="21" type="stmt"/>
      </file>
      <file name="Breadcrumb.tsx" path="/Volumes/Projects/Development_Projects/Github_Repos/element/webview/src/components/layout/Breadcrumb.tsx">
        <metrics statements="8" coveredstatements="8" conditionals="8" coveredconditionals="8" methods="4" coveredmethods="4"/>
        <line num="4" count="1" type="stmt"/>
        <line num="23" count="9" type="stmt"/>
        <line num="24" count="9" type="stmt"/>
        <line num="26" count="9" type="cond" truecount="2" falsecount="0"/>
        <line num="28" count="7" type="stmt"/>
        <line num="31" count="18" type="stmt"/>
        <line num="32" count="18" type="stmt"/>
        <line num="36" count="4" type="cond" truecount="2" falsecount="0"/>
      </file>
      <file name="BusInspector.tsx" path="/Volumes/Projects/Development_Projects/Github_Repos/element/webview/src/components/layout/BusInspector.tsx">
        <metrics statements="29" coveredstatements="29" conditionals="14" coveredconditionals="9" methods="14" coveredmethods="14"/>
        <line num="15" count="2" type="stmt"/>
        <line num="37" count="15" type="stmt"/>
        <line num="38" count="15" type="stmt"/>
        <line num="39" count="15" type="stmt"/>
        <line num="40" count="47" type="stmt"/>
        <line num="41" count="45" type="stmt"/>
        <line num="43" count="15" type="stmt"/>
        <line num="44" count="15" type="stmt"/>
        <line num="45" count="13" type="stmt"/>
        <line num="46" count="19" type="stmt"/>
        <line num="47" count="13" type="stmt"/>
        <line num="50" count="15" type="cond" truecount="2" falsecount="0"/>
        <line num="51" count="5" type="stmt"/>
        <line num="65" count="10" type="stmt"/>
        <line num="66" count="2" type="stmt"/>
        <line num="67" count="2" type="stmt"/>
        <line num="68" count="2" type="stmt"/>
        <line num="72" count="10" type="stmt"/>
        <line num="83" count="11" type="stmt"/>
        <line num="88" count="1" type="cond" truecount="1" falsecount="1"/>
        <line num="90" count="2" type="stmt"/>
        <line num="109" count="11" type="cond" truecount="1" falsecount="1"/>
        <line num="112" count="11" type="stmt"/>
        <line num="113" count="22" type="stmt"/>
        <line num="114" count="11" type="cond" truecount="2" falsecount="0"/>
        <line num="115" count="11" type="stmt"/>
        <line num="116" count="22" type="stmt"/>
        <line num="117" count="11" type="cond" truecount="1" falsecount="1"/>
        <line num="119" count="11" type="stmt"/>
      </file>
      <file name="ConnectionEditor.tsx" path="/Volumes/Projects/Development_Projects/Github_Repos/element/webview/src/components/layout/ConnectionEditor.tsx">
        <metrics statements="101" coveredstatements="101" conditionals="76" coveredconditionals="63" methods="48" coveredmethods="48"/>
        <line num="19" count="2" type="stmt"/>
        <line num="25" count="2" type="stmt"/>
        <line num="32" count="26" type="stmt"/>
        <line num="46" count="2" type="stmt"/>
        <line num="54" count="52" type="cond" truecount="1" falsecount="1"/>
        <line num="55" count="52" type="stmt"/>
        <line num="65" count="31" type="cond" truecount="2" falsecount="0"/>
        <line num="66" count="21" type="cond" truecount="1" falsecount="1"/>
        <line num="67" count="21" type="stmt"/>
        <line num="85" count="26" type="cond" truecount="2" falsecount="0"/>
        <line num="86" count="26" type="cond" truecount="2" falsecount="0"/>
        <line num="88" count="26" type="cond" truecount="2" falsecount="0"/>
        <line num="91" count="26" type="cond" truecount="2" falsecount="0"/>
        <line num="92" count="26" type="cond" truecount="2" falsecount="0"/>
        <line num="94" count="50" type="cond" truecount="2" falsecount="0"/>
        <line num="97" count="26" type="stmt"/>
        <line num="99" count="26" type="stmt"/>
        <line num="134" count="3" type="stmt"/>
        <line num="158" count="13" type="stmt"/>
        <line num="159" count="13" type="stmt"/>
        <line num="160" count="13" type="stmt"/>
        <line num="161" count="13" type="stmt"/>
        <line num="163" count="14" type="stmt"/>
        <line num="164" count="22" type="stmt"/>
        <line num="166" count="13" type="stmt"/>
        <line num="167" count="7" type="cond" truecount="2" falsecount="0"/>
        <line num="170" count="13" type="stmt"/>
        <line num="171" count="7" type="cond" truecount="2" falsecount="0"/>
        <line num="176" count="13" type="cond" truecount="4" falsecount="0"/>
        <line num="181" count="13" type="stmt"/>
        <line num="182" count="2" type="stmt"/>
        <line num="183" count="2" type="stmt"/>
        <line num="186" count="13" type="stmt"/>
        <line num="187" count="2" type="stmt"/>
        <line num="188" count="2" type="stmt"/>
        <line num="192" count="13" type="stmt"/>
        <line num="196" count="13" type="stmt"/>
        <line num="208" count="2" type="stmt"/>
        <line num="213" count="22" type="stmt"/>
        <line num="225" count="2" type="stmt"/>
        <line num="231" count="8" type="stmt"/>
        <line num="243" count="2" type="stmt"/>
        <line num="248" count="22" type="stmt"/>
        <line num="260" count="2" type="stmt"/>
        <line num="266" count="4" type="stmt"/>
        <line num="279" count="3" type="cond" truecount="2" falsecount="0"/>
        <line num="280" count="2" type="stmt"/>
        <line num="308" count="49" type="stmt"/>
        <line num="309" count="49" type="stmt"/>
        <line num="312" count="49" type="stmt"/>
        <line num="313" count="49" type="stmt"/>
        <line num="314" count="49" type="stmt"/>
        <line num="315" count="49" type="stmt"/>
        <line num="318" count="49" type="stmt"/>
        <line num="319" count="20" type="cond" truecount="2" falsecount="0"/>
        <line num="320" count="11" type="stmt"/>
        <line num="321" count="11" type="stmt"/>
        <line num="324" count="9" type="stmt"/>
        <line num="325" count="9" type="stmt"/>
        <line num="326" count="1" type="stmt"/>
        <line num="341" count="49" type="stmt"/>
        <line num="342" count="29" type="stmt"/>
        <line num="347" count="49" type="stmt"/>
        <line num="348" count="43" type="stmt"/>
        <line num="349" count="43" type="stmt"/>
        <line num="350" count="30" type="stmt"/>
        <line num="351" count="30" type="stmt"/>
        <line num="354" count="30" type="cond" truecount="2" falsecount="0"/>
        <line num="355" count="4" type="stmt"/>
        <line num="356" count="4" type="cond" truecount="2" falsecount="0"/>
        <line num="360" count="28" type="cond" truecount="2" falsecount="0"/>
        <line num="361" count="5" type="cond" truecount="1" falsecount="1"/>
        <line num="362" count="5" type="cond" truecount="1" falsecount="1"/>
        <line num="363" count="5" type="stmt"/>
        <line num="365" count="5" type="cond" truecount="1" falsecount="1"/>
        <line num="368" count="5" type="stmt"/>
        <line num="370" count="10" type="cond" truecount="1" falsecount="1"/>
        <line num="373" count="5" type="cond" truecount="2" falsecount="0"/>
        <line num="379" count="2" type="stmt"/>
        <line num="383" count="26" type="stmt"/>
        <line num="387" count="49" type="stmt"/>
        <line num="388" count="3" type="stmt"/>
        <line num="394" count="3" type="cond" truecount="2" falsecount="0"/>
        <line num="395" count="2" type="stmt"/>
        <line num="400" count="49" type="stmt"/>
        <line num="406" count="2" type="stmt"/>
        <line num="408" count="2" type="cond" truecount="1" falsecount="1"/>
        <line num="410" count="2" type="stmt"/>
        <line num="411" count="2" type="stmt"/>
        <line num="412" count="2" type="cond" truecount="1" falsecount="1"/>
        <line num="413" count="2" type="stmt"/>
        <line num="423" count="2" type="stmt"/>
        <line num="424" count="2" type="stmt"/>
        <line num="430" count="49" type="stmt"/>
        <line num="431" count="49" type="stmt"/>
        <line num="438" count="49" type="stmt"/>
        <line num="463" count="196" type="stmt"/>
        <line num="465" count="3" type="stmt"/>
        <line num="494" count="26" type="stmt"/>
        <line num="510" count="1" type="stmt"/>
        <line num="516" count="5" type="stmt"/>
      </file>
      <file name="InspectorHub.tsx" path="/Volumes/Projects/Development_Projects/Github_Repos/element/webview/src/components/layout/InspectorHub.tsx">
        <metrics statements="181" coveredstatements="75" conditionals="154" coveredconditionals="47" methods="67" coveredmethods="23"/>
        <line num="58" count="6" type="stmt"/>
        <line num="69" count="14" type="stmt"/>
        <line num="70" count="14" type="stmt"/>
        <line num="72" count="14" type="stmt"/>
        <line num="73" count="14" type="stmt"/>
        <line num="75" count="14" type="stmt"/>
        <line num="76" count="0" type="stmt"/>
        <line num="77" count="0" type="cond" truecount="0" falsecount="2"/>
        <line num="85" count="14" type="stmt"/>
        <line num="86" count="5" type="stmt"/>
        <line num="87" count="5" type="stmt"/>
        <line num="88" count="5" type="stmt"/>
        <line num="89" count="4" type="cond" truecount="2" falsecount="0"/>
        <line num="90" count="3" type="cond" truecount="1" falsecount="1"/>
        <line num="92" count="5" type="stmt"/>
        <line num="93" count="5" type="stmt"/>
        <line num="98" count="14" type="stmt"/>
        <line num="99" count="0" type="cond" truecount="0" falsecount="2"/>
        <line num="100" count="0" type="stmt"/>
        <line num="101" count="0" type="stmt"/>
        <line num="105" count="14" type="stmt"/>
        <line num="106" count="0" type="cond" truecount="0" falsecount="2"/>
        <line num="107" count="0" type="stmt"/>
        <line num="111" count="14" type="stmt"/>
        <line num="113" count="14" type="stmt"/>
        <line num="114" count="0" type="cond" truecount="0" falsecount="2"/>
        <line num="115" count="0" type="stmt"/>
        <line num="116" count="0" type="stmt"/>
        <line num="118" count="0" type="stmt"/>
        <line num="121" count="14" type="stmt"/>
        <line num="122" count="0" type="stmt"/>
        <line num="123" count="0" type="stmt"/>
        <line num="124" count="0" type="cond" truecount="0" falsecount="2"/>
        <line num="128" count="14" type="stmt"/>
        <line num="129" count="0" type="stmt"/>
        <line num="130" count="0" type="stmt"/>
        <line num="134" count="14" type="cond" truecount="2" falsecount="0"/>
        <line num="139" count="14" type="stmt"/>
        <line num="141" count="14" type="stmt"/>
        <line num="143" count="14" type="stmt"/>
        <line num="145" count="14" type="stmt"/>
        <line num="147" count="14" type="stmt"/>
        <line num="154" count="0" type="stmt"/>
        <line num="160" count="0" type="stmt"/>
        <line num="164" count="0" type="stmt"/>
        <line num="181" count="0" type="stmt"/>
        <line num="190" count="0" type="stmt"/>
        <line num="197" count="6" type="stmt"/>
        <line num="198" count="6" type="stmt"/>
        <line num="205" count="6" type="stmt"/>
        <line num="207" count="6" type="stmt"/>
        <line num="227" count="0" type="cond" truecount="0" falsecount="4"/>
        <line num="228" count="0" type="stmt"/>
        <line num="229" count="0" type="stmt"/>
        <line num="230" count="0" type="cond" truecount="0" falsecount="5"/>
        <line num="231" count="0" type="stmt"/>
        <line num="232" count="0" type="cond" truecount="0" falsecount="2"/>
        <line num="233" count="0" type="cond" truecount="0" falsecount="5"/>
        <line num="234" count="0" type="stmt"/>
        <line num="235" count="0" type="stmt"/>
        <line num="237" count="0" type="stmt"/>
        <line num="241" count="6" type="stmt"/>
        <line num="249" count="6" type="stmt"/>
        <line num="255" count="18" type="stmt"/>
        <line num="271" count="6" type="cond" truecount="2" falsecount="0"/>
        <line num="272" count="6" type="cond" truecount="2" falsecount="0"/>
        <line num="273" count="6" type="stmt"/>
        <line num="276" count="6" type="stmt"/>
        <line num="277" count="5" type="cond" truecount="2" falsecount="0"/>
        <line num="278" count="5" type="cond" truecount="1" falsecount="1"/>
        <line num="279" count="0" type="stmt"/>
        <line num="280" count="0" type="stmt"/>
        <line num="285" count="6" type="stmt"/>
        <line num="286" count="5" type="cond" truecount="1" falsecount="1"/>
        <line num="287" count="0" type="cond" truecount="0" falsecount="2"/>
        <line num="288" count="0" type="stmt"/>
        <line num="289" count="0" type="stmt"/>
        <line num="290" count="0" type="stmt"/>
        <line num="291" count="0" type="stmt"/>
        <line num="293" count="0" type="stmt"/>
        <line num="294" count="0" type="cond" truecount="0" falsecount="2"/>
        <line num="295" count="0" type="stmt"/>
        <line num="296" count="0" type="stmt"/>
        <line num="301" count="6" type="stmt"/>
        <line num="308" count="0" type="stmt"/>
        <line num="319" count="13" type="stmt"/>
        <line num="320" count="13" type="stmt"/>
        <line num="322" count="13" type="stmt"/>
        <line num="323" count="5" type="stmt"/>
        <line num="324" count="5" type="stmt"/>
        <line num="325" count="5" type="stmt"/>
        <line num="329" count="13" type="stmt"/>
        <line num="330" count="5" type="stmt"/>
        <line num="331" count="5" type="stmt"/>
        <line num="334" count="13" type="stmt"/>
        <line num="335" count="0" type="stmt"/>
        <line num="336" count="0" type="stmt"/>
        <line num="337" count="0" type="cond" truecount="0" falsecount="2"/>
        <line num="339" count="0" type="stmt"/>
        <line num="342" count="13" type="cond" truecount="2" falsecount="0"/>
        <line num="343" count="6" type="stmt"/>
        <line num="350" count="7" type="cond" truecount="1" falsecount="1"/>
        <line num="351" count="7" type="stmt"/>
        <line num="359" count="0" type="stmt"/>
        <line num="362" count="0" type="cond" truecount="0" falsecount="4"/>
        <line num="363" count="0" type="cond" truecount="0" falsecount="2"/>
        <line num="364" count="0" type="stmt"/>
        <line num="365" count="0" type="stmt"/>
        <line num="376" count="0" type="cond" truecount="0" falsecount="2"/>
        <line num="384" count="0" type="cond" truecount="0" falsecount="2"/>
        <line num="385" count="0" type="cond" truecount="0" falsecount="2"/>
        <line num="386" count="0" type="stmt"/>
        <line num="387" count="0" type="stmt"/>
        <line num="389" count="0" type="stmt"/>
        <line num="406" count="0" type="stmt"/>
        <line num="407" count="0" type="stmt"/>
        <line num="429" count="0" type="stmt"/>
        <line num="430" count="0" type="stmt"/>
        <line num="431" count="0" type="stmt"/>
        <line num="439" count="0" type="stmt"/>
        <line num="440" count="0" type="stmt"/>
        <line num="441" count="0" type="stmt"/>
        <line num="442" count="0" type="stmt"/>
        <line num="443" count="0" type="stmt"/>
        <line num="444" count="0" type="stmt"/>
        <line num="448" count="0" type="cond" truecount="0" falsecount="2"/>
        <line num="450" count="0" type="cond" truecount="0" falsecount="2"/>
        <line num="453" count="0" type="cond" truecount="0" falsecount="2"/>
        <line num="455" count="0" type="cond" truecount="0" falsecount="2"/>
        <line num="459" count="0" type="cond" truecount="0" falsecount="2"/>
        <line num="461" count="0" type="stmt"/>
        <line num="486" count="0" type="stmt"/>
        <line num="504" count="0" type="stmt"/>
        <line num="505" count="0" type="stmt"/>
        <line num="506" count="0" type="stmt"/>
        <line num="514" count="0" type="stmt"/>
        <line num="527" count="0" type="stmt"/>
        <line num="528" count="0" type="stmt"/>
        <line num="529" count="0" type="stmt"/>
        <line num="556" count="6" type="stmt"/>
        <line num="557" count="6" type="stmt"/>
        <line num="558" count="6" type="stmt"/>
        <line num="560" count="6" type="stmt"/>
        <line num="561" count="0" type="stmt"/>
        <line num="562" count="0" type="cond" truecount="0" falsecount="2"/>
        <line num="563" count="0" type="stmt"/>
        <line num="564" count="0" type="stmt"/>
        <line num="572" count="6" type="stmt"/>
        <line num="573" count="5" type="cond" truecount="2" falsecount="2"/>
        <line num="574" count="0" type="stmt"/>
        <line num="575" count="0" type="cond" truecount="0" falsecount="2"/>
        <line num="576" count="0" type="stmt"/>
        <line num="577" count="0" type="stmt"/>
        <line num="581" count="6" type="stmt"/>
        <line num="582" count="5" type="cond" truecount="2" falsecount="2"/>
        <line num="583" count="0" type="stmt"/>
        <line num="584" count="0" type="cond" truecount="0" falsecount="2"/>
        <line num="585" count="0" type="stmt"/>
        <line num="586" count="0" type="stmt"/>
        <line num="587" count="0" type="cond" truecount="0" falsecount="2"/>
        <line num="589" count="0" type="stmt"/>
        <line num="590" count="0" type="stmt"/>
        <line num="593" count="6" type="cond" truecount="1" falsecount="1"/>
        <line num="595" count="0" type="stmt"/>
        <line num="604" count="0" type="stmt"/>
        <line num="611" count="0" type="stmt"/>
        <line num="612" count="0" type="stmt"/>
        <line num="646" count="6" type="stmt"/>
        <line num="647" count="6" type="stmt"/>
        <line num="648" count="20" type="stmt"/>
        <line num="649" count="20" type="stmt"/>
        <line num="650" count="20" type="stmt"/>
        <line num="652" count="6" type="cond" truecount="2" falsecount="0"/>
        <line num="654" count="6" type="stmt"/>
        <line num="664" count="6" type="cond" truecount="2" falsecount="2"/>
        <line num="666" count="6" type="stmt"/>
        <line num="670" count="24" type="stmt"/>
        <line num="672" count="0" type="stmt"/>
        <line num="712" count="0" type="stmt"/>
        <line num="719" count="0" type="stmt"/>
        <line num="726" count="0" type="stmt"/>
      </file>
      <file name="LiveHealth.tsx" path="/Volumes/Projects/Development_Projects/Github_Repos/element/webview/src/components/layout/LiveHealth.tsx">
        <metrics statements="12" coveredstatements="10" conditionals="10" coveredconditionals="3" methods="6" coveredmethods="5"/>
        <line num="20" count="2" type="cond" truecount="1" falsecount="1"/>
        <line num="23" count="2" type="stmt"/>
        <line num="24" count="2" type="stmt"/>
        <line num="25" count="8" type="cond" truecount="1" falsecount="1"/>
        <line num="26" count="0" type="cond" truecount="0" falsecount="2"/>
        <line num="27" count="8" type="stmt"/>
        <line num="32" count="2" type="stmt"/>
        <line num="35" count="8" type="stmt"/>
        <line num="57" count="1" type="stmt"/>
        <line num="58" count="1" type="stmt"/>
        <line num="60" count="1" type="stmt"/>
        <line num="141" count="0" type="stmt"/>
      </file>
      <file name="NeuPromptModal.tsx" path="/Volumes/Projects/Development_Projects/Github_Repos/element/webview/src/components/layout/NeuPromptModal.tsx">
        <metrics statements="45" coveredstatements="35" conditionals="35" coveredconditionals="22" methods="12" coveredmethods="11"/>
        <line num="79" count="53" type="stmt"/>
        <line num="80" count="53" type="stmt"/>
        <line num="81" count="53" type="stmt"/>
        <line num="82" count="53" type="stmt"/>
        <line num="83" count="53" type="stmt"/>
        <line num="84" count="53" type="stmt"/>
        <line num="88" count="53" type="stmt"/>
        <line num="89" count="14" type="cond" truecount="2" falsecount="0"/>
        <line num="93" count="53" type="stmt"/>
        <line num="94" count="14" type="cond" truecount="2" falsecount="0"/>
        <line num="95" count="7" type="stmt"/>
        <line num="96" count="4" type="stmt"/>
        <line num="97" count="4" type="stmt"/>
        <line num="99" count="7" type="stmt"/>
        <line num="103" count="53" type="stmt"/>
        <line num="105" count="17" type="cond" truecount="1" falsecount="1"/>
        <line num="106" count="17" type="cond" truecount="2" falsecount="0"/>
        <line num="107" count="1" type="stmt"/>
        <line num="108" count="1" type="stmt"/>
        <line num="109" count="1" type="stmt"/>
        <line num="111" count="16" type="cond" truecount="1" falsecount="1"/>
        <line num="112" count="0" type="stmt"/>
        <line num="117" count="0" type="stmt"/>
        <line num="118" count="0" type="stmt"/>
        <line num="120" count="0" type="cond" truecount="0" falsecount="2"/>
        <line num="121" count="0" type="stmt"/>
        <line num="122" count="0" type="cond" truecount="0" falsecount="2"/>
        <line num="123" count="0" type="cond" truecount="0" falsecount="2"/>
        <line num="126" count="0" type="cond" truecount="0" falsecount="2"/>
        <line num="127" count="0" type="stmt"/>
        <line num="128" count="0" type="stmt"/>
        <line num="135" count="53" type="stmt"/>
        <line num="136" count="36" type="cond" truecount="2" falsecount="0"/>
        <line num="137" count="7" type="stmt"/>
        <line num="138" count="7" type="stmt"/>
        <line num="141" count="53" type="cond" truecount="2" falsecount="0"/>
        <line num="143" count="24" type="stmt"/>
        <line num="144" count="2" type="stmt"/>
        <line num="145" count="2" type="cond" truecount="1" falsecount="1"/>
        <line num="146" count="2" type="stmt"/>
        <line num="149" count="24" type="stmt"/>
        <line num="180" count="15" type="stmt"/>
        <line num="182" count="16" type="cond" truecount="2" falsecount="0"/>
        <line num="183" count="1" type="stmt"/>
        <line num="184" count="1" type="stmt"/>
      </file>
      <file name="PreferencesModal.tsx" path="/Volumes/Projects/Development_Projects/Github_Repos/element/webview/src/components/layout/PreferencesModal.tsx">
        <metrics statements="52" coveredstatements="45" conditionals="33" coveredconditionals="31" methods="31" coveredmethods="24"/>
        <line num="31" count="173" type="stmt"/>
        <line num="32" count="173" type="stmt"/>
        <line num="33" count="173" type="stmt"/>
        <line num="34" count="173" type="stmt"/>
        <line num="36" count="57" type="stmt"/>
        <line num="37" count="57" type="stmt"/>
        <line num="38" count="57" type="stmt"/>
        <line num="39" count="57" type="stmt"/>
        <line num="40" count="57" type="stmt"/>
        <line num="41" count="57" type="stmt"/>
        <line num="42" count="57" type="stmt"/>
        <line num="43" count="57" type="stmt"/>
        <line num="44" count="57" type="stmt"/>
        <line num="45" count="57" type="stmt"/>
        <line num="47" count="57" type="stmt"/>
        <line num="48" count="27" type="cond" truecount="2" falsecount="0"/>
        <line num="49" count="26" type="stmt"/>
        <line num="50" count="26" type="stmt"/>
        <line num="51" count="26" type="stmt"/>
        <line num="52" count="26" type="stmt"/>
        <line num="53" count="26" type="stmt"/>
        <line num="57" count="57" type="stmt"/>
        <line num="58" count="27" type="cond" truecount="1" falsecount="1"/>
        <line num="59" count="27" type="stmt"/>
        <line num="60" count="27" type="stmt"/>
        <line num="64" count="57" type="stmt"/>
        <line num="65" count="26" type="stmt"/>
        <line num="66" count="26" type="stmt"/>
        <line num="69" count="57" type="stmt"/>
        <line num="100" count="0" type="stmt"/>
        <line num="106" count="113" type="cond" truecount="2" falsecount="0"/>
        <line num="117" count="0" type="stmt"/>
        <line num="120" count="112" type="stmt"/>
        <line num="131" count="0" type="stmt"/>
        <line num="134" count="112" type="stmt"/>
        <line num="146" count="0" type="stmt"/>
        <line num="149" count="112" type="stmt"/>
        <line num="160" count="0" type="stmt"/>
        <line num="163" count="168" type="stmt"/>
        <line num="174" count="1" type="stmt"/>
        <line num="195" count="1" type="stmt"/>
        <line num="205" count="0" type="stmt"/>
        <line num="212" count="1" type="stmt"/>
        <line num="227" count="1" type="stmt"/>
        <line num="239" count="0" type="stmt"/>
        <line num="246" count="2" type="stmt"/>
        <line num="265" count="2" type="stmt"/>
        <line num="283" count="6" type="stmt"/>
        <line num="308" count="1" type="stmt"/>
        <line num="327" count="1" type="stmt"/>
        <line num="334" count="1" type="stmt"/>
        <line num="341" count="1" type="stmt"/>
      </file>
      <file name="SessionTree.tsx" path="/Volumes/Projects/Development_Projects/Github_Repos/element/webview/src/components/layout/SessionTree.tsx">
        <metrics statements="37" coveredstatements="36" conditionals="69" coveredconditionals="60" methods="24" coveredmethods="22"/>
        <line num="13" count="1" type="stmt"/>
        <line num="20" count="4" type="stmt"/>
        <line num="27" count="2" type="stmt"/>
        <line num="38" count="2" type="stmt"/>
        <line num="49" count="1" type="stmt"/>
        <line num="50" count="1" type="stmt"/>
        <line num="60" count="4" type="stmt"/>
        <line num="61" count="4" type="cond" truecount="2" falsecount="0"/>
        <line num="63" count="4" type="stmt"/>
        <line num="73" count="0" type="stmt"/>
        <line num="90" count="2" type="cond" truecount="1" falsecount="1"/>
        <line num="106" count="18" type="stmt"/>
        <line num="107" count="18" type="stmt"/>
        <line num="109" count="18" type="stmt"/>
        <line num="119" count="2" type="cond" truecount="2" falsecount="0"/>
        <line num="126" count="1" type="stmt"/>
        <line num="127" count="1" type="stmt"/>
        <line num="156" count="1" type="stmt"/>
        <line num="157" count="1" type="stmt"/>
        <line num="167" count="2" type="cond" truecount="1" falsecount="1"/>
        <line num="177" count="61" type="stmt"/>
        <line num="178" count="61" type="stmt"/>
        <line num="179" count="61" type="stmt"/>
        <line num="180" count="60" type="stmt"/>
        <line num="182" count="20" type="stmt"/>
        <line num="183" count="19" type="stmt"/>
        <line num="184" count="19" type="stmt"/>
        <line num="185" count="19" type="stmt"/>
        <line num="186" count="18" type="cond" truecount="2" falsecount="0"/>
        <line num="187" count="1" type="stmt"/>
        <line num="188" count="1" type="stmt"/>
        <line num="200" count="20" type="stmt"/>
        <line num="201" count="2" type="stmt"/>
        <line num="205" count="20" type="cond" truecount="4" falsecount="0"/>
        <line num="209" count="20" type="stmt"/>
        <line num="242" count="17" type="stmt"/>
        <line num="262" count="1" type="stmt"/>
      </file>
      <file name="StatusBar.tsx" path="/Volumes/Projects/Development_Projects/Github_Repos/element/webview/src/components/layout/StatusBar.tsx">
        <metrics statements="9" coveredstatements="9" conditionals="30" coveredconditionals="29" methods="2" coveredmethods="2"/>
        <line num="19" count="20" type="stmt"/>
        <line num="20" count="60" type="stmt"/>
        <line num="26" count="20" type="cond" truecount="2" falsecount="0"/>
        <line num="29" count="20" type="cond" truecount="4" falsecount="0"/>
        <line num="30" count="20" type="cond" truecount="1" falsecount="1"/>
        <line num="32" count="20" type="cond" truecount="4" falsecount="0"/>
        <line num="36" count="20" type="cond" truecount="4" falsecount="0"/>
        <line num="39" count="20" type="stmt"/>
        <line num="41" count="20" type="stmt"/>
      </file>
      <file name="Toolbar.tsx" path="/Volumes/Projects/Development_Projects/Github_Repos/element/webview/src/components/layout/Toolbar.tsx">
        <metrics statements="110" coveredstatements="43" conditionals="78" coveredconditionals="32" methods="51" coveredmethods="15"/>
        <line num="48" count="1" type="cond" truecount="2" falsecount="2"/>
        <line num="49" count="1" type="cond" truecount="1" falsecount="1"/>
        <line num="50" count="0" type="stmt"/>
        <line num="51" count="0" type="stmt"/>
        <line num="52" count="0" type="cond" truecount="0" falsecount="2"/>
        <line num="65" count="2" type="stmt"/>
        <line num="66" count="2" type="stmt"/>
        <line num="67" count="2" type="stmt"/>
        <line num="68" count="2" type="stmt"/>
        <line num="69" count="2" type="stmt"/>
        <line num="75" count="2" type="stmt"/>
        <line num="80" count="2" type="stmt"/>
        <line num="85" count="2" type="stmt"/>
        <line num="86" count="2" type="stmt"/>
        <line num="93" count="2" type="stmt"/>
        <line num="94" count="2" type="stmt"/>
        <line num="96" count="2" type="stmt"/>
[...]
        <line num="252" count="1" type="stmt"/>
        <line num="254" count="1" type="cond" truecount="1" falsecount="1"/>
        <line num="259" count="0" type="stmt"/>
        <line num="260" count="0" type="stmt"/>
        <line num="262" count="0" type="cond" truecount="0" falsecount="2"/>
        <line num="273" count="68" type="stmt"/>
        <line num="274" count="68" type="stmt"/>
        <line num="275" count="12" type="cond" truecount="4" falsecount="0"/>
        <line num="276" count="1" type="stmt"/>
        <line num="278" count="68" type="stmt"/>
        <line num="280" count="68" type="stmt"/>
        <line num="294" count="3" type="stmt"/>
        <line num="295" count="4" type="stmt"/>
        <line num="296" count="3" type="stmt"/>
        <line num="298" count="8" type="stmt"/>
        <line num="299" count="8" type="cond" truecount="2" falsecount="0"/>
        <line num="305" count="2" type="stmt"/>
        <line num="307" count="4" type="cond" truecount="2" falsecount="0"/>
        <line num="318" count="10" type="stmt"/>
        <line num="319" count="10" type="cond" truecount="2" falsecount="0"/>
        <line num="320" count="9" type="stmt"/>
        <line num="321" count="26" type="stmt"/>
        <line num="322" count="9" type="cond" truecount="2" falsecount="0"/>
        <line num="324" count="22" type="stmt"/>
        <line num="325" count="22" type="stmt"/>
        <line num="326" count="8" type="stmt"/>
        <line num="327" count="8" type="stmt"/>
        <line num="328" count="8" type="stmt"/>
        <line num="329" count="8" type="stmt"/>
        <line num="330" count="8" type="stmt"/>
        <line num="331" count="8" type="stmt"/>
        <line num="333" count="8" type="stmt"/>
        <line num="334" count="22" type="cond" truecount="4" falsecount="0"/>
        <line num="336" count="7" type="stmt"/>
        <line num="338" count="3" type="stmt"/>
        <line num="340" count="3" type="stmt"/>
        <line num="342" count="9" type="stmt"/>
        <line num="345" count="8" type="stmt"/>
        <line num="346" count="22" type="cond" truecount="4" falsecount="0"/>
        <line num="348" count="3" type="stmt"/>
        <line num="350" count="3" type="stmt"/>
        <line num="352" count="3" type="stmt"/>
        <line num="354" count="13" type="stmt"/>
        <line num="358" count="8" type="stmt"/>
        <line num="359" count="8" type="stmt"/>
        <line num="360" count="23" type="cond" truecount="2" falsecount="0"/>
        <line num="361" count="22" type="stmt"/>
        <line num="362" count="22" type="stmt"/>
        <line num="363" count="22" type="cond" truecount="4" falsecount="0"/>
        <line num="364" count="15" type="stmt"/>
        <line num="365" count="15" type="stmt"/>
        <line num="367" count="8" type="cond" truecount="2" falsecount="0"/>
        <line num="368" count="8" type="stmt"/>
        <line num="372" count="4" type="stmt"/>
        <line num="373" count="4" type="cond" truecount="2" falsecount="0"/>
        <line num="374" count="3" type="stmt"/>
        <line num="375" count="9" type="stmt"/>
        <line num="376" count="3" type="cond" truecount="2" falsecount="0"/>
        <line num="380" count="2" type="stmt"/>
        <line num="381" count="4" type="cond" truecount="2" falsecount="0"/>
        <line num="385" count="2" type="stmt"/>
        <line num="386" count="2" type="stmt"/>
        <line num="388" count="2" type="cond" truecount="2" falsecount="0"/>
        <line num="391" count="4" type="stmt"/>
        <line num="393" count="4" type="stmt"/>
        <line num="394" count="4" type="stmt"/>
        <line num="395" count="6" type="cond" truecount="4" falsecount="0"/>
        <line num="396" count="2" type="stmt"/>
        <line num="403" count="4" type="stmt"/>
        <line num="404" count="4" type="stmt"/>
        <line num="405" count="6" type="stmt"/>
        <line num="406" count="6" type="cond" truecount="2" falsecount="0"/>
        <line num="407" count="2" type="cond" truecount="2" falsecount="0"/>
        <line num="408" count="6" type="cond" truecount="2" falsecount="0"/>
        <line num="409" count="6" type="cond" truecount="3" falsecount="1"/>
        <line num="410" count="2" type="stmt"/>
        <line num="411" count="2" type="stmt"/>
        <line num="413" count="4" type="cond" truecount="2" falsecount="0"/>
        <line num="414" count="2" type="stmt"/>
        <line num="420" count="162" type="stmt"/>
        <line num="421" count="162" type="stmt"/>
        <line num="422" count="10" type="stmt"/>
        <line num="423" count="10" type="stmt"/>
        <line num="424" count="10" type="stmt"/>
        <line num="425" count="10" type="stmt"/>
        <line num="427" count="10" type="stmt"/>
        <line num="429" count="10" type="stmt"/>
        <line num="430" count="4" type="stmt"/>
        <line num="432" count="10" type="stmt"/>
        <line num="433" count="35" type="cond" truecount="2" falsecount="0"/>
        <line num="435" count="10" type="stmt"/>
        <line num="436" count="10" type="cond" truecount="2" falsecount="0"/>
      </file>
      <file name="useHostExtrasStore.ts" path="/Volumes/Projects/Development_Projects/Github_Repos/element/webview/src/stores/useHostExtrasStore.ts">
        <metrics statements="32" coveredstatements="32" conditionals="97" coveredconditionals="95" methods="11" coveredmethods="11"/>
        <line num="84" count="9" type="stmt"/>
        <line num="91" count="9" type="stmt"/>
        <line num="101" count="86" type="stmt"/>
        <line num="102" count="86" type="stmt"/>
        <line num="103" count="86" type="cond" truecount="2" falsecount="0"/>
        <line num="104" count="4" type="stmt"/>
        <line num="105" count="4" type="stmt"/>
        <line num="106" count="4" type="stmt"/>
        <line num="119" count="1" type="stmt"/>
        <line num="122" count="5" type="stmt"/>
        <line num="125" count="1" type="stmt"/>
        <line num="128" count="6" type="stmt"/>
        <line num="131" count="2" type="stmt"/>
        <line num="135" count="86" type="cond" truecount="2" falsecount="0"/>
        <line num="136" count="3" type="stmt"/>
        <line num="137" count="3" type="stmt"/>
        <line num="145" count="86" type="cond" truecount="2" falsecount="0"/>
        <line num="146" count="3" type="stmt"/>
        <line num="151" count="86" type="cond" truecount="2" falsecount="0"/>
        <line num="152" count="6" type="stmt"/>
        <line num="153" count="6" type="stmt"/>
        <line num="154" count="6" type="stmt"/>
        <line num="155" count="6" type="stmt"/>
        <line num="192" count="86" type="cond" truecount="2" falsecount="0"/>
        <line num="193" count="4" type="stmt"/>
        <line num="194" count="4" type="cond" truecount="2" falsecount="0"/>
        <line num="195" count="4" type="stmt"/>
        <line num="205" count="4" type="stmt"/>
        <line num="213" count="86" type="cond" truecount="2" falsecount="0"/>
        <line num="214" count="64" type="stmt"/>
        <line num="215" count="86" type="stmt"/>
        <line num="218" count="4" type="stmt"/>
      </file>
      <file name="useParameterStore.ts" path="/Volumes/Projects/Development_Projects/Github_Repos/element/webview/src/stores/useParameterStore.ts">
        <metrics statements="37" coveredstatements="37" conditionals="26" coveredconditionals="25" methods="11" coveredmethods="11"/>
        <line num="27" count="5" type="stmt"/>
        <line num="28" count="14" type="stmt"/>
        <line num="30" count="5" type="stmt"/>
        <line num="34" count="10" type="stmt"/>
        <line num="35" count="10" type="cond" truecount="4" falsecount="0"/>
        <line num="36" count="9" type="stmt"/>
        <line num="37" count="9" type="stmt"/>
        <line num="38" count="9" type="stmt"/>
        <line num="39" count="11" type="cond" truecount="5" falsecount="0"/>
        <line num="40" count="4" type="stmt"/>
        <line num="41" count="7" type="stmt"/>
        <line num="42" count="10" type="cond" truecount="5" falsecount="0"/>
        <line num="43" count="2" type="stmt"/>
        <line num="44" count="8" type="stmt"/>
        <line num="45" count="8" type="cond" truecount="2" falsecount="0"/>
        <line num="46" count="7" type="stmt"/>
        <line num="47" count="7" type="stmt"/>
        <line num="51" count="9" type="cond" truecount="2" falsecount="0"/>
        <line num="55" count="67" type="stmt"/>
        <line num="56" count="67" type="stmt"/>
        <line num="57" count="67" type="stmt"/>
        <line num="58" count="67" type="stmt"/>
        <line num="59" count="67" type="stmt"/>
        <line num="60" count="67" type="stmt"/>
        <line num="61" count="8" type="stmt"/>
        <line num="62" count="8" type="cond" truecount="1" falsecount="1"/>
        <line num="63" count="8" type="cond" truecount="2" falsecount="0"/>
        <line num="64" count="4" type="stmt"/>
        <line num="66" count="67" type="cond" truecount="2" falsecount="0"/>
        <line num="70" count="2" type="stmt"/>
        <line num="71" count="2" type="stmt"/>
        <line num="72" count="2" type="cond" truecount="2" falsecount="0"/>
        <line num="73" count="1" type="stmt"/>
        <line num="76" count="1" type="stmt"/>
        <line num="80" count="5" type="stmt"/>
        <line num="81" count="2" type="stmt"/>
        <line num="83" count="2" type="stmt"/>
      </file>
      <file name="usePerformStore.ts" path="/Volumes/Projects/Development_Projects/Github_Repos/element/webview/src/stores/usePerformStore.ts">
        <metrics statements="77" coveredstatements="75" conditionals="46" coveredconditionals="41" methods="38" coveredmethods="35"/>
        <line num="78" count="15" type="stmt"/>
        <line num="92" count="15" type="stmt"/>
        <line num="94" count="15" type="stmt"/>
        <line num="104" count="2" type="stmt"/>
        <line num="105" count="3" type="cond" truecount="2" falsecount="0"/>
        <line num="109" count="14" type="stmt"/>
        <line num="110" count="14" type="stmt"/>
        <line num="111" count="26" type="stmt"/>
        <line num="116" count="14" type="stmt"/>
        <line num="117" count="14" type="stmt"/>
        <line num="118" count="13" type="cond" truecount="2" falsecount="0"/>
        <line num="119" count="5" type="stmt"/>
        <line num="123" count="5" type="stmt"/>
        <line num="126" count="1" type="stmt"/>
        <line num="127" count="1" type="stmt"/>
        <line num="131" count="2" type="stmt"/>
        <line num="134" count="4" type="stmt"/>
        <line num="135" count="4" type="stmt"/>
        <line num="136" count="4" type="stmt"/>
        <line num="137" count="4" type="stmt"/>
        <line num="138" count="4" type="cond" truecount="2" falsecount="0"/>
        <line num="139" count="3" type="stmt"/>
        <line num="141" count="1" type="stmt"/>
        <line num="143" count="4" type="stmt"/>
        <line num="145" count="4" type="cond" truecount="1" falsecount="1"/>
        <line num="146" count="4" type="stmt"/>
        <line num="147" count="4" type="stmt"/>
        <line num="151" count="3" type="cond" truecount="2" falsecount="0"/>
        <line num="152" count="1" type="stmt"/>
        <line num="156" count="1" type="stmt"/>
        <line num="159" count="1" type="stmt"/>
        <line num="160" count="1" type="stmt"/>
        <line num="165" count="71" type="stmt"/>
        <line num="166" count="71" type="stmt"/>
        <line num="167" count="71" type="cond" truecount="2" falsecount="0"/>
        <line num="169" count="3" type="cond" truecount="2" falsecount="0"/>
        <line num="170" count="1" type="stmt"/>
        <line num="172" count="2" type="cond" truecount="1" falsecount="1"/>
        <line num="173" count="4" type="stmt"/>
        <line num="180" count="71" type="stmt"/>
        <line num="215" count="15" type="cond" truecount="1" falsecount="1"/>
        <line num="219" count="15" type="cond" truecount="2" falsecount="0"/>
        <line num="222" count="15" type="stmt"/>
        <line num="223" count="15" type="stmt"/>
        <line num="224" count="1" type="stmt"/>
        <line num="225" count="1" type="cond" truecount="1" falsecount="1"/>
        <line num="228" count="1" type="stmt"/>
        <line num="232" count="15" type="stmt"/>
        <line num="235" count="15" type="stmt"/>
        <line num="239" count="15" type="stmt"/>
        <line num="240" count="15" type="stmt"/>
        <line num="241" count="15" type="stmt"/>
        <line num="242" count="68" type="stmt"/>
        <line num="243" count="15" type="stmt"/>
        <line num="244" count="15" type="stmt"/>
        <line num="246" count="15" type="stmt"/>
        <line num="247" count="15" type="stmt"/>
        <line num="249" count="15" type="stmt"/>
        <line num="250" count="15" type="stmt"/>
        <line num="251" count="15" type="stmt"/>
        <line num="252" count="15" type="stmt"/>
        <line num="253" count="15" type="stmt"/>
        <line num="254" count="15" type="stmt"/>
        <line num="256" count="15" type="stmt"/>
        <line num="257" count="2" type="stmt"/>
        <line num="259" count="15" type="stmt"/>
        <line num="260" count="0" type="stmt"/>
        <line num="261" count="0" type="stmt"/>
        <line num="271" count="3" type="stmt"/>
        <line num="272" count="3" type="cond" truecount="2" falsecount="0"/>
        <line num="273" count="2" type="stmt"/>
        <line num="274" count="2" type="stmt"/>
        <line num="275" count="2" type="stmt"/>
        <line num="277" count="2" type="stmt"/>
        <line num="278" count="2" type="stmt"/>
        <line num="279" count="2" type="stmt"/>
        <line num="281" count="2" type="stmt"/>
      </file>
      <file name="usePluginBrowserStore.ts" path="/Volumes/Projects/Development_Projects/Github_Repos/element/webview/src/stores/usePluginBrowserStore.ts">
        <metrics statements="35" coveredstatements="35" conditionals="44" coveredconditionals="42" methods="5" coveredmethods="5"/>
        <line num="17" count="17" type="stmt"/>
        <line num="18" count="17" type="cond" truecount="2" falsecount="0"/>
        <line num="24" count="2" type="stmt"/>
        <line num="25" count="15" type="cond" truecount="2" falsecount="0"/>
        <line num="32" count="2" type="stmt"/>
        <line num="33" count="13" type="cond" truecount="2" falsecount="0"/>
        <line num="39" count="4" type="stmt"/>
        <line num="40" count="9" type="stmt"/>
        <line num="50" count="5" type="stmt"/>
        <line num="56" count="95" type="stmt"/>
        <line num="57" count="95" type="stmt"/>
        <line num="58" count="94" type="cond" truecount="1" falsecount="1"/>
        <line num="62" count="94" type="stmt"/>
        <line num="68" count="94" type="cond" truecount="2" falsecount="0"/>
        <line num="69" count="73" type="stmt"/>
        <line num="70" count="73" type="stmt"/>
        <line num="72" count="21" type="cond" truecount="2" falsecount="0"/>
        <line num="73" count="95" type="stmt"/>
        <line num="74" count="95" type="stmt"/>
        <line num="75" count="95" type="stmt"/>
        <line num="76" count="95" type="cond" truecount="2" falsecount="0"/>
        <line num="77" count="20" type="stmt"/>
        <line num="78" count="6" type="cond" truecount="2" falsecount="0"/>
        <line num="79" count="21" type="stmt"/>
        <line num="80" count="21" type="cond" truecount="2" falsecount="0"/>
        <line num="81" count="20" type="stmt"/>
        <line num="82" count="2" type="cond" truecount="1" falsecount="1"/>
        <line num="83" count="21" type="stmt"/>
        <line num="93" count="95" type="cond" truecount="2" falsecount="0"/>
        <line num="94" count="20" type="stmt"/>
        <line num="95" count="18" type="stmt"/>
        <line num="97" count="17" type="cond" truecount="2" falsecount="0"/>
        <line num="98" count="17" type="stmt"/>
        <line num="107" count="20" type="stmt"/>
        <line num="111" count="1" type="stmt"/>
      </file>
      <file name="useSessionStore.ts" path="/Volumes/Projects/Development_Projects/Github_Repos/element/webview/src/stores/useSessionStore.ts">
        <metrics statements="6" coveredstatements="5" conditionals="8" coveredconditionals="7" methods="6" coveredmethods="5"/>
        <line num="34" count="6" type="stmt"/>
        <line num="35" count="6" type="stmt"/>
        <line num="43" count="67" type="stmt"/>
        <line num="48" count="0" type="stmt"/>
        <line num="53" count="67" type="stmt"/>
        <line num="57" count="6" type="stmt"/>
      </file>
    </package>
    <package name="src.test">
      <metrics statements="48" coveredstatements="36" conditionals="26" coveredconditionals="9" methods="18" coveredmethods="15"/>
      <file name="mockJuceBridge.ts" path="/Volumes/Projects/Development_Projects/Github_Repos/element/webview/src/test/mockJuceBridge.ts">
        <metrics statements="48" coveredstatements="36" conditionals="26" coveredconditionals="9" methods="18" coveredmethods="15"/>
        <line num="76" count="21" type="stmt"/>
        <line num="77" count="21" type="stmt"/>
        <line num="149" count="21" type="stmt"/>
        <line num="155" count="15" type="stmt"/>
        <line num="156" count="15" type="cond" truecount="1" falsecount="1"/>
        <line num="157" count="15" type="stmt"/>
        <line num="158" count="15" type="stmt"/>
        <line num="162" count="1040" type="stmt"/>
        <line num="163" count="1040" type="cond" truecount="1" falsecount="1"/>
        <line num="165" count="1040" type="stmt"/>
        <line num="180" count="417" type="stmt"/>
        <line num="182" count="417" type="stmt"/>
        <line num="184" count="15" type="stmt"/>
        <line num="187" count="0" type="cond" truecount="0" falsecount="4"/>
        <line num="188" count="0" type="stmt"/>
        <line num="189" count="0" type="cond" truecount="0" falsecount="2"/>
        <line num="190" count="0" type="stmt"/>
        <line num="191" count="0" type="cond" truecount="0" falsecount="2"/>
        <line num="192" count="0" type="stmt"/>
        <line num="193" count="0" type="cond" truecount="0" falsecount="2"/>
        <line num="196" count="1041" type="cond" truecount="1" falsecount="1"/>
        <line num="198" count="0" type="stmt"/>
        <line num="199" count="0" type="stmt"/>
        <line num="201" count="1041" type="cond" truecount="1" falsecount="1"/>
        <line num="202" count="1041" type="cond" truecount="1" falsecount="1"/>
        <line num="203" count="1041" type="cond" truecount="1" falsecount="1"/>
        <line num="204" count="1041" type="stmt"/>
        <line num="211" count="1041" type="stmt"/>
        <line num="212" count="1041" type="stmt"/>
        <line num="214" count="1037" type="stmt"/>
        <line num="221" count="3" type="stmt"/>
        <line num="226" count="417" type="stmt"/>
        <line num="227" count="417" type="stmt"/>
        <line num="228" count="417" type="stmt"/>
        <line num="230" count="417" type="stmt"/>
        <line num="233" count="0" type="stmt"/>
        <line num="234" count="0" type="stmt"/>
        <line num="237" count="417" type="cond" truecount="2" falsecount="0"/>
        <line num="238" count="405" type="stmt"/>
        <line num="240" count="12" type="stmt"/>
        <line num="244" count="13" type="stmt"/>
        <line num="245" count="752" type="stmt"/>
        <line num="246" count="752" type="cond" truecount="1" falsecount="1"/>
        <line num="249" count="0" type="stmt"/>
        <line num="271" count="3" type="stmt"/>
        <line num="272" count="3" type="stmt"/>
        <line num="273" count="3" type="stmt"/>
        <line num="282" count="21" type="stmt"/>
      </file>
    </package>
  </project>
</coverage>
