{"/Volumes/Projects/Development_Projects/Github_Repos/element/webview/src/events.ts": {"path":"/Volumes/Projects/Development_Projects/Github_Repos/element/webview/src/events.ts","statementMap":{"0":{"start":{"line":3,"column":28},"end":{"line":3,"column":null}},"1":{"start":{"line":4,"column":33},"end":{"line":4,"column":null}},"2":{"start":{"line":5,"column":35},"end":{"line":5,"column":null}},"3":{"start":{"line":6,"column":31},"end":{"line":6,"column":null}}},"fnMap":{},"branchMap":{},"s":{"0":5,"1":5,"2":5,"3":5},"f":{},"b":{},"meta":{"lastBranch":0,"lastFunction":0,"lastStatement":4,"seen":{"s:3:28:3:Infinity":0,"s:4:33:4:Infinity":1,"s:5:35:5:Infinity":2,"s:6:31:6:Infinity":3}}}
,"/Volumes/Projects/Development_Projects/Github_Repos/element/webview/src/bridge/bridgeError.ts": {"path":"/Volumes/Projects/Development_Projects/Github_Repos/element/webview/src/bridge/bridgeError.ts","statementMap":{"0":{"start":{"line":33,"column":2},"end":{"line":33,"column":null}}},"fnMap":{"0":{"name":"logBridgeError","decl":{"start":{"line":27,"column":16},"end":{"line":27,"column":31}},"loc":{"start":{"line":27,"column":66},"end":{"line":34,"column":null}},"line":27}},"branchMap":{},"s":{"0":95},"f":{"0":95},"b":{},"meta":{"lastBranch":0,"lastFunction":1,"lastStatement":1,"seen":{"f:27:16:27:31":0,"s:33:2:33:Infinity":0}}}
,"/Volumes/Projects/Development_Projects/Github_Repos/element/webview/src/bridge/juceBackend.ts": {"path":"/Volumes/Projects/Development_Projects/Github_Repos/element/webview/src/bridge/juceBackend.ts","statementMap":{"0":{"start":{"line":34,"column":12},"end":{"line":34,"column":null}},"1":{"start":{"line":35,"column":2},"end":{"line":35,"column":null}},"2":{"start":{"line":38,"column":20},"end":{"line":38,"column":null}},"3":{"start":{"line":42,"column":4},"end":{"line":42,"column":null}},"4":{"start":{"line":43,"column":20},"end":{"line":43,"column":null}},"5":{"start":{"line":46,"column":2},"end":{"line":46,"column":null}},"6":{"start":{"line":46,"column":21},"end":{"line":46,"column":null}},"7":{"start":{"line":47,"column":2},"end":{"line":47,"column":null}},"8":{"start":{"line":48,"column":2},"end":{"line":56,"column":null}},"9":{"start":{"line":49,"column":4},"end":{"line":49,"column":null}},"10":{"start":{"line":49,"column":56},"end":{"line":49,"column":null}},"11":{"start":{"line":50,"column":16},"end":{"line":50,"column":null}},"12":{"start":{"line":51,"column":4},"end":{"line":51,"column":null}},"13":{"start":{"line":51,"column":43},"end":{"line":51,"column":null}},"14":{"start":{"line":52,"column":18},"end":{"line":52,"column":null}},"15":{"start":{"line":53,"column":4},"end":{"line":53,"column":null}},"16":{"start":{"line":53,"column":23},"end":{"line":53,"column":null}},"17":{"start":{"line":54,"column":4},"end":{"line":54,"column":null}},"18":{"start":{"line":55,"column":4},"end":{"line":55,"column":null}},"19":{"start":{"line":66,"column":18},"end":{"line":66,"column":null}},"20":{"start":{"line":67,"column":2},"end":{"line":69,"column":null}},"21":{"start":{"line":68,"column":4},"end":{"line":68,"column":null}},"22":{"start":{"line":70,"column":2},"end":{"line":70,"column":null}},"23":{"start":{"line":71,"column":20},"end":{"line":71,"column":null}},"24":{"start":{"line":72,"column":18},"end":{"line":74,"column":null}},"25":{"start":{"line":73,"column":4},"end":{"line":73,"column":null}},"26":{"start":{"line":75,"column":2},"end":{"line":79,"column":null}},"27":{"start":{"line":80,"column":2},"end":{"line":80,"column":null}}},"fnMap":{"0":{"name":"getBackend","decl":{"start":{"line":33,"column":9},"end":{"line":33,"column":48}},"loc":{"start":{"line":33,"column":48},"end":{"line":36,"column":null}},"line":33},"1":{"name":"wireCompletionListener","decl":{"start":{"line":45,"column":9},"end":{"line":45,"column":32}},"loc":{"start":{"line":45,"column":61},"end":{"line":57,"column":null}},"line":45},"2":{"name":"(anonymous_2)","decl":{"start":{"line":48,"column":27},"end":{"line":48,"column":48}},"loc":{"start":{"line":48,"column":69},"end":{"line":56,"column":3}},"line":48},"3":{"name":"invokeElementNative","decl":{"start":{"line":62,"column":22},"end":{"line":62,"column":null}},"loc":{"start":{"line":65,"column":20},"end":{"line":81,"column":null}},"line":65},"4":{"name":"(anonymous_4)","decl":{"start":{"line":72,"column":22},"end":{"line":72,"column":40}},"loc":{"start":{"line":72,"column":60},"end":{"line":74,"column":3}},"line":72}},"branchMap":{"0":{"loc":{"start":{"line":46,"column":2},"end":{"line":46,"column":null}},"type":"if","locations":[{"start":{"line":46,"column":2},"end":{"line":46,"column":null}},{"start":{},"end":{}}],"line":46},"1":{"loc":{"start":{"line":49,"column":4},"end":{"line":49,"column":null}},"type":"if","locations":[{"start":{"line":49,"column":4},"end":{"line":49,"column":null}},{"start":{},"end":{}}],"line":49},"2":{"loc":{"start":{"line":49,"column":8},"end":{"line":49,"column":56}},"type":"binary-expr","locations":[{"start":{"line":49,"column":8},"end":{"line":49,"column":27}},{"start":{"line":49,"column":27},"end":{"line":49,"column":56}}],"line":49},"3":{"loc":{"start":{"line":51,"column":4},"end":{"line":51,"column":null}},"type":"if","locations":[{"start":{"line":51,"column":4},"end":{"line":51,"column":null}},{"start":{},"end":{}}],"line":51},"4":{"loc":{"start":{"line":53,"column":4},"end":{"line":53,"column":null}},"type":"if","locations":[{"start":{"line":53,"column":4},"end":{"line":53,"column":null}},{"start":{},"end":{}}],"line":53},"5":{"loc":{"start":{"line":64,"column":2},"end":{"line":64,"column":null}},"type":"default-arg","locations":[{"start":{"line":64,"column":20},"end":{"line":64,"column":null}}],"line":64},"6":{"loc":{"start":{"line":67,"column":2},"end":{"line":69,"column":null}},"type":"if","locations":[{"start":{"line":67,"column":2},"end":{"line":69,"column":null}},{"start":{},"end":{}}],"line":67},"7":{"loc":{"start":{"line":67,"column":6},"end":{"line":67,"column":66}},"type":"binary-expr","locations":[{"start":{"line":67,"column":6},"end":{"line":67,"column":25}},{"start":{"line":67,"column":25},"end":{"line":67,"column":66}}],"line":67}},"s":{"0":1043,"1":1043,"2":21,"3":21,"4":21,"5":1041,"6":1026,"7":15,"8":15,"9":1040,"10":0,"11":1040,"12":1040,"13":0,"14":1040,"15":1040,"16":0,"17":1040,"18":1040,"19":1043,"20":1043,"21":2,"22":1041,"23":1041,"24":1041,"25":1041,"26":1041,"27":1041},"f":{"0":1043,"1":1041,"2":1040,"3":1043,"4":1041},"b":{"0":[1026,15],"1":[0,1040],"2":[1040,1040],"3":[0,1040],"4":[0,1040],"5":[1043],"6":[2,1041],"7":[1043,1041]},"meta":{"lastBranch":8,"lastFunction":5,"lastStatement":28,"seen":{"f:33:9:33:48":0,"s:34:12:34:Infinity":0,"s:35:2:35:Infinity":1,"s:38:20:38:Infinity":2,"s:42:4:42:Infinity":3,"s:43:20:43:Infinity":4,"f:45:9:45:32":1,"b:46:2:46:Infinity:undefined:undefined:undefined:undefined":0,"s:46:2:46:Infinity":5,"s:46:21:46:Infinity":6,"s:47:2:47:Infinity":7,"s:48:2:56:Infinity":8,"f:48:27:48:48":2,"b:49:4:49:Infinity:undefined:undefined:undefined:undefined":1,"s:49:4:49:Infinity":9,"b:49:8:49:27:49:27:49:56":2,"s:49:56:49:Infinity":10,"s:50:16:50:Infinity":11,"b:51:4:51:Infinity:undefined:undefined:undefined:undefined":3,"s:51:4:51:Infinity":12,"s:51:43:51:Infinity":13,"s:52:18:52:Infinity":14,"b:53:4:53:Infinity:undefined:undefined:undefined:undefined":4,"s:53:4:53:Infinity":15,"s:53:23:53:Infinity":16,"s:54:4:54:Infinity":17,"s:55:4:55:Infinity":18,"f:62:22:62:Infinity":3,"b:64:20:64:Infinity":5,"s:66:18:66:Infinity":19,"b:67:2:69:Infinity:undefined:undefined:undefined:undefined":6,"s:67:2:69:Infinity":20,"b:67:6:67:25:67:25:67:66":7,"s:68:4:68:Infinity":21,"s:70:2:70:Infinity":22,"s:71:20:71:Infinity":23,"s:72:18:74:Infinity":24,"f:72:22:72:40":4,"s:73:4:73:Infinity":25,"s:75:2:79:Infinity":26,"s:80:2:80:Infinity":27}}}
,"/Volumes/Projects/Development_Projects/Github_Repos/element/webview/src/bridge/nativeApp.ts": {"path":"/Volumes/Projects/Development_Projects/Github_Repos/element/webview/src/bridge/nativeApp.ts","statementMap":{"0":{"start":{"line":10,"column":12},"end":{"line":10,"column":null}},"1":{"start":{"line":11,"column":2},"end":{"line":11,"column":null}},"2":{"start":{"line":11,"column":42},"end":{"line":11,"column":null}},"3":{"start":{"line":12,"column":12},"end":{"line":12,"column":null}},"4":{"start":{"line":13,"column":2},"end":{"line":17,"column":null}},"5":{"start":{"line":21,"column":2},"end":{"line":21,"column":null}}},"fnMap":{"0":{"name":"nativeAppGetAbout","decl":{"start":{"line":9,"column":22},"end":{"line":9,"column":69}},"loc":{"start":{"line":9,"column":69},"end":{"line":18,"column":null}},"line":9},"1":{"name":"nativeAppCheckForUpdates","decl":{"start":{"line":20,"column":22},"end":{"line":20,"column":64}},"loc":{"start":{"line":20,"column":64},"end":{"line":22,"column":null}},"line":20}},"branchMap":{"0":{"loc":{"start":{"line":11,"column":2},"end":{"line":11,"column":null}},"type":"if","locations":[{"start":{"line":11,"column":2},"end":{"line":11,"column":null}},{"start":{},"end":{}}],"line":11},"1":{"loc":{"start":{"line":11,"column":6},"end":{"line":11,"column":42}},"type":"binary-expr","locations":[{"start":{"line":11,"column":6},"end":{"line":11,"column":19}},{"start":{"line":11,"column":19},"end":{"line":11,"column":42}}],"line":11},"2":{"loc":{"start":{"line":14,"column":17},"end":{"line":14,"column":36}},"type":"binary-expr","locations":[{"start":{"line":14,"column":17},"end":{"line":14,"column":27}},{"start":{"line":14,"column":27},"end":{"line":14,"column":36}}],"line":14},"3":{"loc":{"start":{"line":15,"column":20},"end":{"line":15,"column":35}},"type":"binary-expr","locations":[{"start":{"line":15,"column":20},"end":{"line":15,"column":33}},{"start":{"line":15,"column":33},"end":{"line":15,"column":35}}],"line":15},"4":{"loc":{"start":{"line":16,"column":22},"end":{"line":16,"column":39}},"type":"binary-expr","locations":[{"start":{"line":16,"column":22},"end":{"line":16,"column":37}},{"start":{"line":16,"column":37},"end":{"line":16,"column":39}}],"line":16}},"s":{"0":5,"1":5,"2":3,"3":2,"4":2,"5":1},"f":{"0":5,"1":1},"b":{"0":[3,2],"1":[5,4],"2":[2,1],"3":[5,1],"4":[5,1]},"meta":{"lastBranch":5,"lastFunction":2,"lastStatement":6,"seen":{"f:9:22:9:69":0,"s:10:12:10:Infinity":0,"b:11:2:11:Infinity:undefined:undefined:undefined:undefined":0,"s:11:2:11:Infinity":1,"b:11:6:11:19:11:19:11:42":1,"s:11:42:11:Infinity":2,"s:12:12:12:Infinity":3,"s:13:2:17:Infinity":4,"b:14:17:14:27:14:27:14:36":2,"b:15:20:15:33:15:33:15:35":3,"b:16:22:16:37:16:37:16:39":4,"f:20:22:20:64":1,"s:21:2:21:Infinity":5}}}
,"/Volumes/Projects/Development_Projects/Github_Repos/element/webview/src/bridge/nativeEngineSnapshot.ts": {"path":"/Volumes/Projects/Development_Projects/Github_Repos/element/webview/src/bridge/nativeEngineSnapshot.ts","statementMap":{"0":{"start":{"line":38,"column":55},"end":{"line":52,"column":null}},"1":{"start":{"line":55,"column":2},"end":{"line":55,"column":null}},"2":{"start":{"line":55,"column":49},"end":{"line":55,"column":null}},"3":{"start":{"line":56,"column":2},"end":{"line":59,"column":null}},"4":{"start":{"line":57,"column":14},"end":{"line":57,"column":null}},"5":{"start":{"line":58,"column":4},"end":{"line":58,"column":null}},"6":{"start":{"line":58,"column":26},"end":{"line":58,"column":null}},"7":{"start":{"line":60,"column":2},"end":{"line":60,"column":null}},"8":{"start":{"line":64,"column":2},"end":{"line":64,"column":null}},"9":{"start":{"line":68,"column":2},"end":{"line":68,"column":null}},"10":{"start":{"line":77,"column":2},"end":{"line":82,"column":null}},"11":{"start":{"line":78,"column":4},"end":{"line":78,"column":null}},"12":{"start":{"line":80,"column":4},"end":{"line":80,"column":null}},"13":{"start":{"line":81,"column":4},"end":{"line":81,"column":null}},"14":{"start":{"line":85,"column":2},"end":{"line":85,"column":null}},"15":{"start":{"line":85,"column":19},"end":{"line":85,"column":null}},"16":{"start":{"line":86,"column":47},"end":{"line":86,"column":null}},"17":{"start":{"line":87,"column":2},"end":{"line":96,"column":null}},"18":{"start":{"line":88,"column":4},"end":{"line":93,"column":null}},"19":{"start":{"line":89,"column":6},"end":{"line":89,"column":null}},"20":{"start":{"line":91,"column":6},"end":{"line":91,"column":null}},"21":{"start":{"line":92,"column":6},"end":{"line":92,"column":null}},"22":{"start":{"line":94,"column":9},"end":{"line":96,"column":null}},"23":{"start":{"line":95,"column":4},"end":{"line":95,"column":null}},"24":{"start":{"line":97,"column":2},"end":{"line":97,"column":null}},"25":{"start":{"line":97,"column":22},"end":{"line":97,"column":null}},"26":{"start":{"line":99,"column":16},"end":{"line":99,"column":null}},"27":{"start":{"line":100,"column":34},"end":{"line":100,"column":null}},"28":{"start":{"line":101,"column":2},"end":{"line":102,"column":null}},"29":{"start":{"line":102,"column":4},"end":{"line":102,"column":null}},"30":{"start":{"line":104,"column":16},"end":{"line":104,"column":null}},"31":{"start":{"line":106,"column":4},"end":{"line":106,"column":null}},"32":{"start":{"line":108,"column":2},"end":{"line":122,"column":null}}},"fnMap":{"0":{"name":"num","decl":{"start":{"line":54,"column":9},"end":{"line":54,"column":13}},"loc":{"start":{"line":54,"column":47},"end":{"line":61,"column":null}},"line":54},"1":{"name":"bool","decl":{"start":{"line":63,"column":9},"end":{"line":63,"column":14}},"loc":{"start":{"line":63,"column":35},"end":{"line":65,"column":null}},"line":63},"2":{"name":"str","decl":{"start":{"line":67,"column":9},"end":{"line":67,"column":13}},"loc":{"start":{"line":67,"column":33},"end":{"line":69,"column":null}},"line":67},"3":{"name":"nativeGetEngineSnapshot","decl":{"start":{"line":75,"column":22},"end":{"line":75,"column":80}},"loc":{"start":{"line":75,"column":80},"end":{"line":123,"column":null}},"line":75}},"branchMap":{"0":{"loc":{"start":{"line":54,"column":25},"end":{"line":54,"column":47}},"type":"default-arg","locations":[{"start":{"line":54,"column":36},"end":{"line":54,"column":47}}],"line":54},"1":{"loc":{"start":{"line":55,"column":2},"end":{"line":55,"column":null}},"type":"if","locations":[{"start":{"line":55,"column":2},"end":{"line":55,"column":null}},{"start":{},"end":{}}],"line":55},"2":{"loc":{"start":{"line":55,"column":6},"end":{"line":55,"column":49}},"type":"binary-expr","locations":[{"start":{"line":55,"column":6},"end":{"line":55,"column":31}},{"start":{"line":55,"column":31},"end":{"line":55,"column":49}}],"line":55},"3":{"loc":{"start":{"line":56,"column":2},"end":{"line":59,"column":null}},"type":"if","locations":[{"start":{"line":56,"column":2},"end":{"line":59,"column":null}},{"start":{},"end":{}}],"line":56},"4":{"loc":{"start":{"line":58,"column":4},"end":{"line":58,"column":null}},"type":"if","locations":[{"start":{"line":58,"column":4},"end":{"line":58,"column":null}},{"start":{},"end":{}}],"line":58},"5":{"loc":{"start":{"line":64,"column":9},"end":{"line":64,"column":null}},"type":"binary-expr","locations":[{"start":{"line":64,"column":9},"end":{"line":64,"column":23}},{"start":{"line":64,"column":23},"end":{"line":64,"column":39}},{"start":{"line":64,"column":39},"end":{"line":64,"column":null}}],"line":64},"6":{"loc":{"start":{"line":68,"column":9},"end":{"line":68,"column":null}},"type":"cond-expr","locations":[{"start":{"line":68,"column":33},"end":{"line":68,"column":37}},{"start":{"line":68,"column":37},"end":{"line":68,"column":null}}],"line":68},"7":{"loc":{"start":{"line":85,"column":2},"end":{"line":85,"column":null}},"type":"if","locations":[{"start":{"line":85,"column":2},"end":{"line":85,"column":null}},{"start":{},"end":{}}],"line":85},"8":{"loc":{"start":{"line":87,"column":2},"end":{"line":96,"column":null}},"type":"if","locations":[{"start":{"line":87,"column":2},"end":{"line":96,"column":null}},{"start":{"line":94,"column":9},"end":{"line":96,"column":null}}],"line":87},"9":{"loc":{"start":{"line":94,"column":9},"end":{"line":96,"column":null}},"type":"if","locations":[{"start":{"line":94,"column":9},"end":{"line":96,"column":null}},{"start":{},"end":{}}],"line":94},"10":{"loc":{"start":{"line":97,"column":2},"end":{"line":97,"column":null}},"type":"if","locations":[{"start":{"line":97,"column":2},"end":{"line":97,"column":null}},{"start":{},"end":{}}],"line":97},"11":{"loc":{"start":{"line":101,"column":2},"end":{"line":102,"column":null}},"type":"if","locations":[{"start":{"line":101,"column":2},"end":{"line":102,"column":null}},{"start":{},"end":{}}],"line":101},"12":{"loc":{"start":{"line":101,"column":6},"end":{"line":101,"column":null}},"type":"binary-expr","locations":[{"start":{"line":101,"column":6},"end":{"line":101,"column":30}},{"start":{"line":101,"column":30},"end":{"line":101,"column":null}}],"line":101},"13":{"loc":{"start":{"line":106,"column":4},"end":{"line":106,"column":null}},"type":"cond-expr","locations":[{"start":{"line":106,"column":52},"end":{"line":106,"column":60}},{"start":{"line":106,"column":60},"end":{"line":106,"column":null}}],"line":106},"14":{"loc":{"start":{"line":106,"column":4},"end":{"line":106,"column":52}},"type":"binary-expr","locations":[{"start":{"line":106,"column":4},"end":{"line":106,"column":33}},{"start":{"line":106,"column":33},"end":{"line":106,"column":52}}],"line":106}},"s":{"0":8,"1":157,"2":42,"3":115,"4":0,"5":0,"6":0,"7":115,"8":63,"9":21,"10":651,"11":651,"12":1,"13":1,"14":650,"15":628,"16":22,"17":22,"18":4,"19":4,"20":1,"21":1,"22":18,"23":18,"24":21,"25":0,"26":21,"27":21,"28":21,"29":5,"30":21,"31":21,"32":651},"f":{"0":157,"1":63,"2":21,"3":651},"b":{"0":[157],"1":[42,115],"2":[157,42],"3":[0,115],"4":[0,0],"5":[63,59,59],"6":[5,16],"7":[628,22],"8":[4,18],"9":[18,0],"10":[0,21],"11":[5,16],"12":[21,5],"13":[2,19],"14":[21,2]},"meta":{"lastBranch":15,"lastFunction":4,"lastStatement":33,"seen":{"s:38:55:52:Infinity":0,"f:54:9:54:13":0,"b:54:36:54:47":0,"b:55:2:55:Infinity:undefined:undefined:undefined:undefined":1,"s:55:2:55:Infinity":1,"b:55:6:55:31:55:31:55:49":2,"s:55:49:55:Infinity":2,"b:56:2:59:Infinity:undefined:undefined:undefined:undefined":3,"s:56:2:59:Infinity":3,"s:57:14:57:Infinity":4,"b:58:4:58:Infinity:undefined:undefined:undefined:undefined":4,"s:58:4:58:Infinity":5,"s:58:26:58:Infinity":6,"s:60:2:60:Infinity":7,"f:63:9:63:14":1,"s:64:2:64:Infinity":8,"b:64:9:64:23:64:23:64:39:64:39:64:Infinity":5,"f:67:9:67:13":2,"s:68:2:68:Infinity":9,"b:68:33:68:37:68:37:68:Infinity":6,"f:75:22:75:80":3,"s:77:2:82:Infinity":10,"s:78:4:78:Infinity":11,"s:80:4:80:Infinity":12,"s:81:4:81:Infinity":13,"b:85:2:85:Infinity:undefined:undefined:undefined:undefined":7,"s:85:2:85:Infinity":14,"s:85:19:85:Infinity":15,"s:86:47:86:Infinity":16,"b:87:2:96:Infinity:94:9:96:Infinity":8,"s:87:2:96:Infinity":17,"s:88:4:93:Infinity":18,"s:89:6:89:Infinity":19,"s:91:6:91:Infinity":20,"s:92:6:92:Infinity":21,"b:94:9:96:Infinity:undefined:undefined:undefined:undefined":9,"s:94:9:96:Infinity":22,"s:95:4:95:Infinity":23,"b:97:2:97:Infinity:undefined:undefined:undefined:undefined":10,"s:97:2:97:Infinity":24,"s:97:22:97:Infinity":25,"s:99:16:99:Infinity":26,"s:100:34:100:Infinity":27,"b:101:2:102:Infinity:undefined:undefined:undefined:undefined":11,"s:101:2:102:Infinity":28,"b:101:6:101:30:101:30:101:Infinity":12,"s:102:4:102:Infinity":29,"s:104:16:104:Infinity":30,"s:106:4:106:Infinity":31,"b:106:52:106:60:106:60:106:Infinity":13,"b:106:4:106:33:106:33:106:52":14,"s:108:2:122:Infinity":32}}}
,"/Volumes/Projects/Development_Projects/Github_Repos/element/webview/src/bridge/nativeGraph.ts": {"path":"/Volumes/Projects/Development_Projects/Github_Repos/element/webview/src/bridge/nativeGraph.ts","statementMap":{"0":{"start":{"line":7,"column":12},"end":{"line":7,"column":null}},"1":{"start":{"line":8,"column":2},"end":{"line":8,"column":null}},"2":{"start":{"line":12,"column":12},"end":{"line":12,"column":null}},"3":{"start":{"line":13,"column":2},"end":{"line":13,"column":null}},"4":{"start":{"line":22,"column":12},"end":{"line":27,"column":null}},"5":{"start":{"line":28,"column":2},"end":{"line":28,"column":null}},"6":{"start":{"line":37,"column":12},"end":{"line":42,"column":null}},"7":{"start":{"line":43,"column":2},"end":{"line":43,"column":null}},"8":{"start":{"line":49,"column":12},"end":{"line":49,"column":null}},"9":{"start":{"line":50,"column":2},"end":{"line":50,"column":null}},"10":{"start":{"line":57,"column":12},"end":{"line":60,"column":null}},"11":{"start":{"line":61,"column":2},"end":{"line":61,"column":null}},"12":{"start":{"line":68,"column":12},"end":{"line":68,"column":null}},"13":{"start":{"line":69,"column":2},"end":{"line":69,"column":null}},"14":{"start":{"line":76,"column":12},"end":{"line":79,"column":null}},"15":{"start":{"line":80,"column":2},"end":{"line":80,"column":null}},"16":{"start":{"line":87,"column":12},"end":{"line":90,"column":null}},"17":{"start":{"line":91,"column":2},"end":{"line":91,"column":null}},"18":{"start":{"line":110,"column":12},"end":{"line":113,"column":null}},"19":{"start":{"line":114,"column":2},"end":{"line":114,"column":null}},"20":{"start":{"line":122,"column":12},"end":{"line":122,"column":null}},"21":{"start":{"line":123,"column":2},"end":{"line":123,"column":null}},"22":{"start":{"line":131,"column":12},"end":{"line":131,"column":null}},"23":{"start":{"line":132,"column":2},"end":{"line":132,"column":null}},"24":{"start":{"line":138,"column":12},"end":{"line":138,"column":null}},"25":{"start":{"line":139,"column":2},"end":{"line":139,"column":null}},"26":{"start":{"line":145,"column":12},"end":{"line":145,"column":null}},"27":{"start":{"line":146,"column":2},"end":{"line":146,"column":null}},"28":{"start":{"line":151,"column":12},"end":{"line":151,"column":null}},"29":{"start":{"line":152,"column":2},"end":{"line":152,"column":null}},"30":{"start":{"line":157,"column":12},"end":{"line":157,"column":null}},"31":{"start":{"line":158,"column":2},"end":{"line":158,"column":null}},"32":{"start":{"line":165,"column":12},"end":{"line":165,"column":null}},"33":{"start":{"line":166,"column":2},"end":{"line":166,"column":null}},"34":{"start":{"line":178,"column":12},"end":{"line":178,"column":null}},"35":{"start":{"line":179,"column":2},"end":{"line":179,"column":null}},"36":{"start":{"line":188,"column":12},"end":{"line":193,"column":null}},"37":{"start":{"line":194,"column":2},"end":{"line":194,"column":null}},"38":{"start":{"line":206,"column":12},"end":{"line":208,"column":null}},"39":{"start":{"line":209,"column":2},"end":{"line":209,"column":null}},"40":{"start":{"line":213,"column":12},"end":{"line":213,"column":null}},"41":{"start":{"line":214,"column":2},"end":{"line":214,"column":null}},"42":{"start":{"line":218,"column":2},"end":{"line":218,"column":null}},"43":{"start":{"line":222,"column":2},"end":{"line":222,"column":null}},"44":{"start":{"line":226,"column":2},"end":{"line":226,"column":null}},"45":{"start":{"line":230,"column":2},"end":{"line":230,"column":null}},"46":{"start":{"line":235,"column":12},"end":{"line":235,"column":null}},"47":{"start":{"line":236,"column":2},"end":{"line":236,"column":null}},"48":{"start":{"line":241,"column":12},"end":{"line":241,"column":null}},"49":{"start":{"line":242,"column":2},"end":{"line":242,"column":null}},"50":{"start":{"line":249,"column":12},"end":{"line":251,"column":null}},"51":{"start":{"line":252,"column":2},"end":{"line":252,"column":null}},"52":{"start":{"line":261,"column":12},"end":{"line":261,"column":null}},"53":{"start":{"line":262,"column":2},"end":{"line":262,"column":null}},"54":{"start":{"line":281,"column":12},"end":{"line":281,"column":null}},"55":{"start":{"line":282,"column":2},"end":{"line":282,"column":null}},"56":{"start":{"line":282,"column":17},"end":{"line":282,"column":null}},"57":{"start":{"line":283,"column":2},"end":{"line":291,"column":null}},"58":{"start":{"line":284,"column":15},"end":{"line":284,"column":null}},"59":{"start":{"line":287,"column":4},"end":{"line":287,"column":null}},"60":{"start":{"line":289,"column":4},"end":{"line":289,"column":null}},"61":{"start":{"line":290,"column":4},"end":{"line":290,"column":null}},"62":{"start":{"line":299,"column":12},"end":{"line":303,"column":null}},"63":{"start":{"line":304,"column":2},"end":{"line":304,"column":null}},"64":{"start":{"line":324,"column":12},"end":{"line":324,"column":null}},"65":{"start":{"line":325,"column":2},"end":{"line":325,"column":null}},"66":{"start":{"line":325,"column":29},"end":{"line":325,"column":null}},"67":{"start":{"line":326,"column":2},"end":{"line":331,"column":null}},"68":{"start":{"line":327,"column":4},"end":{"line":327,"column":null}},"69":{"start":{"line":329,"column":4},"end":{"line":329,"column":null}},"70":{"start":{"line":330,"column":4},"end":{"line":330,"column":null}},"71":{"start":{"line":353,"column":12},"end":{"line":353,"column":null}},"72":{"start":{"line":354,"column":2},"end":{"line":354,"column":null}},"73":{"start":{"line":354,"column":29},"end":{"line":354,"column":null}},"74":{"start":{"line":355,"column":2},"end":{"line":360,"column":null}},"75":{"start":{"line":356,"column":4},"end":{"line":356,"column":null}},"76":{"start":{"line":358,"column":4},"end":{"line":358,"column":null}},"77":{"start":{"line":359,"column":4},"end":{"line":359,"column":null}},"78":{"start":{"line":364,"column":12},"end":{"line":364,"column":null}},"79":{"start":{"line":365,"column":2},"end":{"line":365,"column":null}},"80":{"start":{"line":374,"column":12},"end":{"line":374,"column":null}},"81":{"start":{"line":375,"column":2},"end":{"line":375,"column":null}},"82":{"start":{"line":375,"column":29},"end":{"line":375,"column":null}},"83":{"start":{"line":376,"column":2},"end":{"line":382,"column":null}},"84":{"start":{"line":377,"column":14},"end":{"line":377,"column":null}},"85":{"start":{"line":378,"column":4},"end":{"line":378,"column":null}},"86":{"start":{"line":380,"column":4},"end":{"line":380,"column":null}},"87":{"start":{"line":381,"column":4},"end":{"line":381,"column":null}},"88":{"start":{"line":386,"column":12},"end":{"line":386,"column":null}},"89":{"start":{"line":387,"column":2},"end":{"line":387,"column":null}},"90":{"start":{"line":387,"column":29},"end":{"line":387,"column":null}},"91":{"start":{"line":388,"column":2},"end":{"line":394,"column":null}},"92":{"start":{"line":389,"column":14},"end":{"line":389,"column":null}},"93":{"start":{"line":390,"column":4},"end":{"line":390,"column":null}},"94":{"start":{"line":392,"column":4},"end":{"line":392,"column":null}},"95":{"start":{"line":393,"column":4},"end":{"line":393,"column":null}},"96":{"start":{"line":412,"column":14},"end":{"line":412,"column":null}},"97":{"start":{"line":413,"column":2},"end":{"line":420,"column":null}},"98":{"start":{"line":414,"column":4},"end":{"line":419,"column":null}},"99":{"start":{"line":415,"column":6},"end":{"line":415,"column":null}},"100":{"start":{"line":417,"column":6},"end":{"line":417,"column":null}},"101":{"start":{"line":418,"column":6},"end":{"line":418,"column":null}},"102":{"start":{"line":421,"column":2},"end":{"line":421,"column":null}},"103":{"start":{"line":421,"column":38},"end":{"line":421,"column":null}},"104":{"start":{"line":422,"column":2},"end":{"line":422,"column":null}},"105":{"start":{"line":432,"column":14},"end":{"line":432,"column":null}},"106":{"start":{"line":433,"column":2},"end":{"line":440,"column":null}},"107":{"start":{"line":434,"column":4},"end":{"line":439,"column":null}},"108":{"start":{"line":435,"column":6},"end":{"line":435,"column":null}},"109":{"start":{"line":437,"column":6},"end":{"line":437,"column":null}},"110":{"start":{"line":438,"column":6},"end":{"line":438,"column":null}},"111":{"start":{"line":441,"column":2},"end":{"line":441,"column":null}},"112":{"start":{"line":452,"column":14},"end":{"line":452,"column":null}},"113":{"start":{"line":453,"column":2},"end":{"line":460,"column":null}},"114":{"start":{"line":454,"column":4},"end":{"line":459,"column":null}},"115":{"start":{"line":455,"column":6},"end":{"line":455,"column":null}},"116":{"start":{"line":457,"column":6},"end":{"line":457,"column":null}},"117":{"start":{"line":458,"column":6},"end":{"line":458,"column":null}},"118":{"start":{"line":461,"column":2},"end":{"line":461,"column":null}},"119":{"start":{"line":469,"column":14},"end":{"line":469,"column":null}},"120":{"start":{"line":470,"column":2},"end":{"line":477,"column":null}},"121":{"start":{"line":471,"column":4},"end":{"line":476,"column":null}},"122":{"start":{"line":472,"column":6},"end":{"line":472,"column":null}},"123":{"start":{"line":474,"column":6},"end":{"line":474,"column":null}},"124":{"start":{"line":475,"column":6},"end":{"line":475,"column":null}},"125":{"start":{"line":478,"column":2},"end":{"line":478,"column":null}},"126":{"start":{"line":486,"column":14},"end":{"line":486,"column":null}},"127":{"start":{"line":487,"column":2},"end":{"line":494,"column":null}},"128":{"start":{"line":488,"column":4},"end":{"line":493,"column":null}},"129":{"start":{"line":489,"column":6},"end":{"line":489,"column":null}},"130":{"start":{"line":491,"column":6},"end":{"line":491,"column":null}},"131":{"start":{"line":492,"column":6},"end":{"line":492,"column":null}},"132":{"start":{"line":495,"column":2},"end":{"line":495,"column":null}},"133":{"start":{"line":502,"column":14},"end":{"line":502,"column":null}},"134":{"start":{"line":503,"column":2},"end":{"line":510,"column":null}},"135":{"start":{"line":504,"column":4},"end":{"line":509,"column":null}},"136":{"start":{"line":505,"column":6},"end":{"line":505,"column":null}},"137":{"start":{"line":507,"column":6},"end":{"line":507,"column":null}},"138":{"start":{"line":508,"column":6},"end":{"line":508,"column":null}},"139":{"start":{"line":511,"column":2},"end":{"line":511,"column":null}}},"fnMap":{"0":{"name":"nativeGraphAddPlugin","decl":{"start":{"line":4,"column":22},"end":{"line":4,"column":null}},"loc":{"start":{"line":6,"column":20},"end":{"line":9,"column":null}},"line":6},"1":{"name":"nativeGraphRemoveNode","decl":{"start":{"line":11,"column":22},"end":{"line":11,"column":44}},"loc":{"start":{"line":11,"column":78},"end":{"line":14,"column":null}},"line":11},"2":{"name":"nativeGraphConnect","decl":{"start":{"line":16,"column":22},"end":{"line":16,"column":null}},"loc":{"start":{"line":21,"column":20},"end":{"line":29,"column":null}},"line":21},"3":{"name":"nativeGraphDisconnect","decl":{"start":{"line":31,"column":22},"end":{"line":31,"column":null}},"loc":{"start":{"line":36,"column":20},"end":{"line":44,"column":null}},"line":36},"4":{"name":"nativeGraphMoveNodes","decl":{"start":{"line":46,"column":22},"end":{"line":46,"column":null}},"loc":{"start":{"line":48,"column":19},"end":{"line":51,"column":null}},"line":48},"5":{"name":"nativeGraphSetBypass","decl":{"start":{"line":53,"column":22},"end":{"line":53,"column":null}},"loc":{"start":{"line":56,"column":20},"end":{"line":62,"column":null}},"line":56},"6":{"name":"nativeGraphSetMute","decl":{"start":{"line":64,"column":22},"end":{"line":64,"column":null}},"loc":{"start":{"line":67,"column":20},"end":{"line":70,"column":null}},"line":67},"7":{"name":"nativeGraphSetMuteInput","decl":{"start":{"line":72,"column":22},"end":{"line":72,"column":null}},"loc":{"start":{"line":75,"column":20},"end":{"line":81,"column":null}},"line":75},"8":{"name":"nativeGraphSetCanvasOptions","decl":{"start":{"line":83,"column":22},"end":{"line":83,"column":null}},"loc":{"start":{"line":86,"column":20},"end":{"line":92,"column":null}},"line":86},"9":{"name":"nativeGraphSetCableBus","decl":{"start":{"line":106,"column":22},"end":{"line":106,"column":null}},"loc":{"start":{"line":109,"column":20},"end":{"line":115,"column":null}},"line":109},"10":{"name":"nativeGraphSetViewport","decl":{"start":{"line":117,"column":22},"end":{"line":117,"column":null}},"loc":{"start":{"line":121,"column":20},"end":{"line":124,"column":null}},"line":121},"11":{"name":"nativeMoleculeInsert","decl":{"start":{"line":126,"column":22},"end":{"line":126,"column":null}},"loc":{"start":{"line":130,"column":19},"end":{"line":133,"column":null}},"line":130},"12":{"name":"nativeGraphDuplicateNode","decl":{"start":{"line":135,"column":22},"end":{"line":135,"column":null}},"loc":{"start":{"line":137,"column":20},"end":{"line":140,"column":null}},"line":137},"13":{"name":"nativeGraphDuplicateNodes","decl":{"start":{"line":142,"column":22},"end":{"line":142,"column":null}},"loc":{"start":{"line":144,"column":19},"end":{"line":147,"column":null}},"line":144},"14":{"name":"nativeGraphCopyNodes","decl":{"start":{"line":150,"column":22},"end":{"line":150,"column":43}},"loc":{"start":{"line":150,"column":79},"end":{"line":153,"column":null}},"line":150},"15":{"name":"nativeGraphPasteNodes","decl":{"start":{"line":156,"column":22},"end":{"line":156,"column":63}},"loc":{"start":{"line":156,"column":63},"end":{"line":159,"column":null}},"line":156},"16":{"name":"nativeGraphRenameNode","decl":{"start":{"line":161,"column":22},"end":{"line":161,"column":null}},"loc":{"start":{"line":164,"column":20},"end":{"line":167,"column":null}},"line":164},"17":{"name":"nativeGraphSetNodeNote","decl":{"start":{"line":174,"column":22},"end":{"line":174,"column":null}},"loc":{"start":{"line":177,"column":20},"end":{"line":180,"column":null}},"line":177},"18":{"name":"nativeGraphCommentAdd","decl":{"start":{"line":182,"column":22},"end":{"line":182,"column":null}},"loc":{"start":{"line":187,"column":20},"end":{"line":195,"column":null}},"line":187},"19":{"name":"nativeGraphCommentUpsert","decl":{"start":{"line":197,"column":22},"end":{"line":197,"column":47}},"loc":{"start":{"line":205,"column":21},"end":{"line":210,"column":null}},"line":205},"20":{"name":"nativeGraphCommentDelete","decl":{"start":{"line":212,"column":22},"end":{"line":212,"column":47}},"loc":{"start":{"line":212,"column":77},"end":{"line":215,"column":null}},"line":212},"21":{"name":"nativeUndo","decl":{"start":{"line":217,"column":22},"end":{"line":217,"column":50}},"loc":{"start":{"line":217,"column":50},"end":{"line":219,"column":null}},"line":217},"22":{"name":"nativeRedo","decl":{"start":{"line":221,"column":22},"end":{"line":221,"column":50}},"loc":{"start":{"line":221,"column":50},"end":{"line":223,"column":null}},"line":221},"23":{"name":"nativeTransportPanic","decl":{"start":{"line":225,"column":22},"end":{"line":225,"column":60}},"loc":{"start":{"line":225,"column":60},"end":{"line":227,"column":null}},"line":225},"24":{"name":"nativeTransportTogglePlay","decl":{"start":{"line":229,"column":22},"end":{"line":229,"column":65}},"loc":{"start":{"line":229,"column":65},"end":{"line":231,"column":null}},"line":229},"25":{"name":"nativeTransportStop","decl":{"start":{"line":234,"column":22},"end":{"line":234,"column":62}},"loc":{"start":{"line":234,"column":62},"end":{"line":237,"column":null}},"line":234},"26":{"name":"nativeTransportRewind","decl":{"start":{"line":240,"column":22},"end":{"line":240,"column":64}},"loc":{"start":{"line":240,"column":64},"end":{"line":243,"column":null}},"line":240},"27":{"name":"nativeTransportSetRecording","decl":{"start":{"line":246,"column":22},"end":{"line":246,"column":null}},"loc":{"start":{"line":248,"column":20},"end":{"line":253,"column":null}},"line":248},"28":{"name":"nativeTransportSetTempo","decl":{"start":{"line":260,"column":22},"end":{"line":260,"column":46}},"loc":{"start":{"line":260,"column":77},"end":{"line":263,"column":null}},"line":260},"29":{"name":"nativeGetNodeParameters","decl":{"start":{"line":278,"column":22},"end":{"line":278,"column":null}},"loc":{"start":{"line":280,"column":47},"end":{"line":292,"column":null}},"line":280},"30":{"name":"nativeSetNodeParameter","decl":{"start":{"line":294,"column":22},"end":{"line":294,"column":null}},"loc":{"start":{"line":298,"column":20},"end":{"line":305,"column":null}},"line":298},"31":{"name":"nativeSessionGetGraphTree","decl":{"start":{"line":321,"column":22},"end":{"line":321,"column":null}},"loc":{"start":{"line":323,"column":2},"end":{"line":332,"column":null}},"line":323},"32":{"name":"nativeGraphGetConnectionList","decl":{"start":{"line":350,"column":22},"end":{"line":350,"column":null}},"loc":{"start":{"line":352,"column":2},"end":{"line":361,"column":null}},"line":352},"33":{"name":"nativeScriptGetSource","decl":{"start":{"line":363,"column":22},"end":{"line":363,"column":44}},"loc":{"start":{"line":363,"column":77},"end":{"line":366,"column":null}},"line":363},"34":{"name":"nativeScriptSetSource","decl":{"start":{"line":370,"column":22},"end":{"line":370,"column":null}},"loc":{"start":{"line":373,"column":32},"end":{"line":383,"column":null}},"line":373},"35":{"name":"nativeScriptCompile","decl":{"start":{"line":385,"column":22},"end":{"line":385,"column":42}},"loc":{"start":{"line":385,"column":88},"end":{"line":395,"column":null}},"line":385},"36":{"name":"nativeScriptGetRuntimeState","decl":{"start":{"line":409,"column":22},"end":{"line":409,"column":null}},"loc":{"start":{"line":411,"column":31},"end":{"line":423,"column":null}},"line":411},"37":{"name":"nativePresetSnapshot","decl":{"start":{"line":428,"column":22},"end":{"line":428,"column":null}},"loc":{"start":{"line":431,"column":44},"end":{"line":442,"column":null}},"line":431},"38":{"name":"nativePresetSwap","decl":{"start":{"line":448,"column":22},"end":{"line":448,"column":null}},"loc":{"start":{"line":451,"column":61},"end":{"line":462,"column":null}},"line":451},"39":{"name":"nativePresetSave","decl":{"start":{"line":465,"column":22},"end":{"line":465,"column":null}},"loc":{"start":{"line":468,"column":44},"end":{"line":479,"column":null}},"line":468},"40":{"name":"nativePresetLoad","decl":{"start":{"line":482,"column":22},"end":{"line":482,"column":null}},"loc":{"start":{"line":485,"column":44},"end":{"line":496,"column":null}},"line":485},"41":{"name":"nativePresetList","decl":{"start":{"line":499,"column":22},"end":{"line":499,"column":null}},"loc":{"start":{"line":501,"column":63},"end":{"line":512,"column":null}},"line":501}},"branchMap":{"0":{"loc":{"start":{"line":50,"column":9},"end":{"line":50,"column":null}},"type":"cond-expr","locations":[{"start":{"line":50,"column":33},"end":{"line":50,"column":37}},{"start":{"line":50,"column":37},"end":{"line":50,"column":null}}],"line":50},"1":{"loc":{"start":{"line":128,"column":2},"end":{"line":128,"column":null}},"type":"default-arg","locations":[{"start":{"line":128,"column":6},"end":{"line":128,"column":null}}],"line":128},"2":{"loc":{"start":{"line":129,"column":2},"end":{"line":129,"column":null}},"type":"default-arg","locations":[{"start":{"line":129,"column":6},"end":{"line":129,"column":null}}],"line":129},"3":{"loc":{"start":{"line":132,"column":9},"end":{"line":132,"column":null}},"type":"cond-expr","locations":[{"start":{"line":132,"column":33},"end":{"line":132,"column":37}},{"start":{"line":132,"column":37},"end":{"line":132,"column":null}}],"line":132},"4":{"loc":{"start":{"line":146,"column":9},"end":{"line":146,"column":null}},"type":"cond-expr","locations":[{"start":{"line":146,"column":33},"end":{"line":146,"column":37}},{"start":{"line":146,"column":37},"end":{"line":146,"column":null}}],"line":146},"5":{"loc":{"start":{"line":152,"column":9},"end":{"line":152,"column":null}},"type":"cond-expr","locations":[{"start":{"line":152,"column":33},"end":{"line":152,"column":37}},{"start":{"line":152,"column":37},"end":{"line":152,"column":null}}],"line":152},"6":{"loc":{"start":{"line":158,"column":9},"end":{"line":158,"column":null}},"type":"cond-expr","locations":[{"start":{"line":158,"column":33},"end":{"line":158,"column":37}},{"start":{"line":158,"column":37},"end":{"line":158,"column":null}}],"line":158},"7":{"loc":{"start":{"line":185,"column":2},"end":{"line":185,"column":null}},"type":"default-arg","locations":[{"start":{"line":185,"column":10},"end":{"line":185,"column":null}}],"line":185},"8":{"loc":{"start":{"line":186,"column":2},"end":{"line":186,"column":null}},"type":"default-arg","locations":[{"start":{"line":186,"column":11},"end":{"line":186,"column":null}}],"line":186},"9":{"loc":{"start":{"line":282,"column":2},"end":{"line":282,"column":null}},"type":"if","locations":[{"start":{"line":282,"column":2},"end":{"line":282,"column":null}},{"start":{},"end":{}}],"line":282},"10":{"loc":{"start":{"line":284,"column":15},"end":{"line":284,"column":null}},"type":"cond-expr","locations":[{"start":{"line":284,"column":39},"end":{"line":284,"column":55}},{"start":{"line":284,"column":55},"end":{"line":284,"column":null}}],"line":284},"11":{"loc":{"start":{"line":287,"column":25},"end":{"line":287,"column":73}},"type":"cond-expr","locations":[{"start":{"line":287,"column":55},"end":{"line":287,"column":70}},{"start":{"line":287,"column":70},"end":{"line":287,"column":73}}],"line":287},"12":{"loc":{"start":{"line":325,"column":2},"end":{"line":325,"column":null}},"type":"if","locations":[{"start":{"line":325,"column":2},"end":{"line":325,"column":null}},{"start":{},"end":{}}],"line":325},"13":{"loc":{"start":{"line":354,"column":2},"end":{"line":354,"column":null}},"type":"if","locations":[{"start":{"line":354,"column":2},"end":{"line":354,"column":null}},{"start":{},"end":{}}],"line":354},"14":{"loc":{"start":{"line":365,"column":9},"end":{"line":365,"column":null}},"type":"cond-expr","locations":[{"start":{"line":365,"column":33},"end":{"line":365,"column":37}},{"start":{"line":365,"column":37},"end":{"line":365,"column":null}}],"line":365},"15":{"loc":{"start":{"line":375,"column":2},"end":{"line":375,"column":null}},"type":"if","locations":[{"start":{"line":375,"column":2},"end":{"line":375,"column":null}},{"start":{},"end":{}}],"line":375},"16":{"loc":{"start":{"line":378,"column":32},"end":{"line":378,"column":75}},"type":"cond-expr","locations":[{"start":{"line":378,"column":62},"end":{"line":378,"column":72}},{"start":{"line":378,"column":72},"end":{"line":378,"column":75}}],"line":378},"17":{"loc":{"start":{"line":387,"column":2},"end":{"line":387,"column":null}},"type":"if","locations":[{"start":{"line":387,"column":2},"end":{"line":387,"column":null}},{"start":{},"end":{}}],"line":387},"18":{"loc":{"start":{"line":390,"column":32},"end":{"line":390,"column":75}},"type":"cond-expr","locations":[{"start":{"line":390,"column":62},"end":{"line":390,"column":72}},{"start":{"line":390,"column":72},"end":{"line":390,"column":75}}],"line":390},"19":{"loc":{"start":{"line":413,"column":2},"end":{"line":420,"column":null}},"type":"if","locations":[{"start":{"line":413,"column":2},"end":{"line":420,"column":null}},{"start":{},"end":{}}],"line":413},"20":{"loc":{"start":{"line":421,"column":2},"end":{"line":421,"column":null}},"type":"if","locations":[{"start":{"line":421,"column":2},"end":{"line":421,"column":null}},{"start":{},"end":{}}],"line":421},"21":{"loc":{"start":{"line":421,"column":6},"end":{"line":421,"column":38}},"type":"binary-expr","locations":[{"start":{"line":421,"column":6},"end":{"line":421,"column":13}},{"start":{"line":421,"column":13},"end":{"line":421,"column":38}}],"line":421},"22":{"loc":{"start":{"line":433,"column":2},"end":{"line":440,"column":null}},"type":"if","locations":[{"start":{"line":433,"column":2},"end":{"line":440,"column":null}},{"start":{},"end":{}}],"line":433},"23":{"loc":{"start":{"line":453,"column":2},"end":{"line":460,"column":null}},"type":"if","locations":[{"start":{"line":453,"column":2},"end":{"line":460,"column":null}},{"start":{},"end":{}}],"line":453},"24":{"loc":{"start":{"line":470,"column":2},"end":{"line":477,"column":null}},"type":"if","locations":[{"start":{"line":470,"column":2},"end":{"line":477,"column":null}},{"start":{},"end":{}}],"line":470},"25":{"loc":{"start":{"line":487,"column":2},"end":{"line":494,"column":null}},"type":"if","locations":[{"start":{"line":487,"column":2},"end":{"line":494,"column":null}},{"start":{},"end":{}}],"line":487},"26":{"loc":{"start":{"line":500,"column":2},"end":{"line":500,"column":null}},"type":"default-arg","locations":[{"start":{"line":500,"column":13},"end":{"line":500,"column":null}}],"line":500},"27":{"loc":{"start":{"line":503,"column":2},"end":{"line":510,"column":null}},"type":"if","locations":[{"start":{"line":503,"column":2},"end":{"line":510,"column":null}},{"start":{},"end":{}}],"line":503}},"s":{"0":4,"1":4,"2":4,"3":4,"4":4,"5":4,"6":4,"7":4,"8":3,"9":3,"10":3,"11":3,"12":4,"13":4,"14":4,"15":4,"16":4,"17":4,"18":4,"19":4,"20":4,"21":4,"22":6,"23":6,"24":4,"25":4,"26":3,"27":3,"28":3,"29":3,"30":3,"31":3,"32":4,"33":4,"34":4,"35":4,"36":8,"37":8,"38":2,"39":2,"40":4,"41":4,"42":1,"43":1,"44":1,"45":1,"46":4,"47":4,"48":4,"49":4,"50":4,"51":4,"52":4,"53":4,"54":8,"55":8,"56":1,"57":7,"58":7,"59":8,"60":1,"61":1,"62":4,"63":4,"64":3,"65":3,"66":1,"67":2,"68":2,"69":1,"70":1,"71":3,"72":3,"73":1,"74":2,"75":2,"76":1,"77":1,"78":3,"79":3,"80":4,"81":4,"82":1,"83":3,"84":3,"85":3,"86":1,"87":1,"88":3,"89":3,"90":1,"91":2,"92":2,"93":2,"94":1,"95":1,"96":4,"97":4,"98":2,"99":2,"100":1,"101":1,"102":2,"103":1,"104":1,"105":3,"106":3,"107":2,"108":2,"109":1,"110":1,"111":1,"112":3,"113":3,"114":2,"115":2,"116":1,"117":1,"118":1,"119":3,"120":3,"121":2,"122":2,"123":1,"124":1,"125":1,"126":2,"127":2,"128":2,"129":2,"130":1,"131":1,"132":0,"133":9,"134":8,"135":7,"136":7,"137":1,"138":1,"139":1},"f":{"0":4,"1":4,"2":4,"3":4,"4":3,"5":3,"6":4,"7":4,"8":4,"9":4,"10":4,"11":6,"12":4,"13":3,"14":3,"15":3,"16":4,"17":4,"18":8,"19":2,"20":4,"21":1,"22":1,"23":1,"24":1,"25":4,"26":4,"27":4,"28":4,"29":8,"30":4,"31":3,"32":3,"33":3,"34":4,"35":3,"36":4,"37":3,"38":3,"39":3,"40":2,"41":9},"b":{"0":[1,2],"1":[6],"2":[6],"3":[2,4],"4":[1,2],"5":[1,2],"6":[1,2],"7":[8],"8":[8],"9":[1,7],"10":[7,0],"11":[1,5],"12":[1,2],"13":[1,2],"14":[1,2],"15":[1,3],"16":[1,1],"17":[1,2],"18":[1,0],"19":[2,2],"20":[1,1],"21":[2,1],"22":[2,1],"23":[2,1],"24":[2,1],"25":[2,0],"26":[9],"27":[7,1]},"meta":{"lastBranch":28,"lastFunction":42,"lastStatement":140,"seen":{"f:4:22:4:Infinity":0,"s:7:12:7:Infinity":0,"s:8:2:8:Infinity":1,"f:11:22:11:44":1,"s:12:12:12:Infinity":2,"s:13:2:13:Infinity":3,"f:16:22:16:Infinity":2,"s:22:12:27:Infinity":4,"s:28:2:28:Infinity":5,"f:31:22:31:Infinity":3,"s:37:12:42:Infinity":6,"s:43:2:43:Infinity":7,"f:46:22:46:Infinity":4,"s:49:12:49:Infinity":8,"s:50:2:50:Infinity":9,"b:50:33:50:37:50:37:50:Infinity":0,"f:53:22:53:Infinity":5,"s:57:12:60:Infinity":10,"s:61:2:61:Infinity":11,"f:64:22:64:Infinity":6,"s:68:12:68:Infinity":12,"s:69:2:69:Infinity":13,"f:72:22:72:Infinity":7,"s:76:12:79:Infinity":14,"s:80:2:80:Infinity":15,"f:83:22:83:Infinity":8,"s:87:12:90:Infinity":16,"s:91:2:91:Infinity":17,"f:106:22:106:Infinity":9,"s:110:12:113:Infinity":18,"s:114:2:114:Infinity":19,"f:117:22:117:Infinity":10,"s:122:12:122:Infinity":20,"s:123:2:123:Infinity":21,"f:126:22:126:Infinity":11,"b:128:6:128:Infinity":1,"b:129:6:129:Infinity":2,"s:131:12:131:Infinity":22,"s:132:2:132:Infinity":23,"b:132:33:132:37:132:37:132:Infinity":3,"f:135:22:135:Infinity":12,"s:138:12:138:Infinity":24,"s:139:2:139:Infinity":25,"f:142:22:142:Infinity":13,"s:145:12:145:Infinity":26,"s:146:2:146:Infinity":27,"b:146:33:146:37:146:37:146:Infinity":4,"f:150:22:150:43":14,"s:151:12:151:Infinity":28,"s:152:2:152:Infinity":29,"b:152:33:152:37:152:37:152:Infinity":5,"f:156:22:156:63":15,"s:157:12:157:Infinity":30,"s:158:2:158:Infinity":31,"b:158:33:158:37:158:37:158:Infinity":6,"f:161:22:161:Infinity":16,"s:165:12:165:Infinity":32,"s:166:2:166:Infinity":33,"f:174:22:174:Infinity":17,"s:178:12:178:Infinity":34,"s:179:2:179:Infinity":35,"f:182:22:182:Infinity":18,"b:185:10:185:Infinity":7,"b:186:11:186:Infinity":8,"s:188:12:193:Infinity":36,"s:194:2:194:Infinity":37,"f:197:22:197:47":19,"s:206:12:208:Infinity":38,"s:209:2:209:Infinity":39,"f:212:22:212:47":20,"s:213:12:213:Infinity":40,"s:214:2:214:Infinity":41,"f:217:22:217:50":21,"s:218:2:218:Infinity":42,"f:221:22:221:50":22,"s:222:2:222:Infinity":43,"f:225:22:225:60":23,"s:226:2:226:Infinity":44,"f:229:22:229:65":24,"s:230:2:230:Infinity":45,"f:234:22:234:62":25,"s:235:12:235:Infinity":46,"s:236:2:236:Infinity":47,"f:240:22:240:64":26,"s:241:12:241:Infinity":48,"s:242:2:242:Infinity":49,"f:246:22:246:Infinity":27,"s:249:12:251:Infinity":50,"s:252:2:252:Infinity":51,"f:260:22:260:46":28,"s:261:12:261:Infinity":52,"s:262:2:262:Infinity":53,"f:278:22:278:Infinity":29,"s:281:12:281:Infinity":54,"b:282:2:282:Infinity:undefined:undefined:undefined:undefined":9,"s:282:2:282:Infinity":55,"s:282:17:282:Infinity":56,"s:283:2:291:Infinity":57,"s:284:15:284:Infinity":58,"b:284:39:284:55:284:55:284:Infinity":10,"s:287:4:287:Infinity":59,"b:287:55:287:70:287:70:287:73":11,"s:289:4:289:Infinity":60,"s:290:4:290:Infinity":61,"f:294:22:294:Infinity":30,"s:299:12:303:Infinity":62,"s:304:2:304:Infinity":63,"f:321:22:321:Infinity":31,"s:324:12:324:Infinity":64,"b:325:2:325:Infinity:undefined:undefined:undefined:undefined":12,"s:325:2:325:Infinity":65,"s:325:29:325:Infinity":66,"s:326:2:331:Infinity":67,"s:327:4:327:Infinity":68,"s:329:4:329:Infinity":69,"s:330:4:330:Infinity":70,"f:350:22:350:Infinity":32,"s:353:12:353:Infinity":71,"b:354:2:354:Infinity:undefined:undefined:undefined:undefined":13,"s:354:2:354:Infinity":72,"s:354:29:354:Infinity":73,"s:355:2:360:Infinity":74,"s:356:4:356:Infinity":75,"s:358:4:358:Infinity":76,"s:359:4:359:Infinity":77,"f:363:22:363:44":33,"s:364:12:364:Infinity":78,"s:365:2:365:Infinity":79,"b:365:33:365:37:365:37:365:Infinity":14,"f:370:22:370:Infinity":34,"s:374:12:374:Infinity":80,"b:375:2:375:Infinity:undefined:undefined:undefined:undefined":15,"s:375:2:375:Infinity":81,"s:375:29:375:Infinity":82,"s:376:2:382:Infinity":83,"s:377:14:377:Infinity":84,"s:378:4:378:Infinity":85,"b:378:62:378:72:378:72:378:75":16,"s:380:4:380:Infinity":86,"s:381:4:381:Infinity":87,"f:385:22:385:42":35,"s:386:12:386:Infinity":88,"b:387:2:387:Infinity:undefined:undefined:undefined:undefined":17,"s:387:2:387:Infinity":89,"s:387:29:387:Infinity":90,"s:388:2:394:Infinity":91,"s:389:14:389:Infinity":92,"s:390:4:390:Infinity":93,"b:390:62:390:72:390:72:390:75":18,"s:392:4:392:Infinity":94,"s:393:4:393:Infinity":95,"f:409:22:409:Infinity":36,"s:412:14:412:Infinity":96,"b:413:2:420:Infinity:undefined:undefined:undefined:undefined":19,"s:413:2:420:Infinity":97,"s:414:4:419:Infinity":98,"s:415:6:415:Infinity":99,"s:417:6:417:Infinity":100,"s:418:6:418:Infinity":101,"b:421:2:421:Infinity:undefined:undefined:undefined:undefined":20,"s:421:2:421:Infinity":102,"b:421:6:421:13:421:13:421:38":21,"s:421:38:421:Infinity":103,"s:422:2:422:Infinity":104,"f:428:22:428:Infinity":37,"s:432:14:432:Infinity":105,"b:433:2:440:Infinity:undefined:undefined:undefined:undefined":22,"s:433:2:440:Infinity":106,"s:434:4:439:Infinity":107,"s:435:6:435:Infinity":108,"s:437:6:437:Infinity":109,"s:438:6:438:Infinity":110,"s:441:2:441:Infinity":111,"f:448:22:448:Infinity":38,"s:452:14:452:Infinity":112,"b:453:2:460:Infinity:undefined:undefined:undefined:undefined":23,"s:453:2:460:Infinity":113,"s:454:4:459:Infinity":114,"s:455:6:455:Infinity":115,"s:457:6:457:Infinity":116,"s:458:6:458:Infinity":117,"s:461:2:461:Infinity":118,"f:465:22:465:Infinity":39,"s:469:14:469:Infinity":119,"b:470:2:477:Infinity:undefined:undefined:undefined:undefined":24,"s:470:2:477:Infinity":120,"s:471:4:476:Infinity":121,"s:472:6:472:Infinity":122,"s:474:6:474:Infinity":123,"s:475:6:475:Infinity":124,"s:478:2:478:Infinity":125,"f:482:22:482:Infinity":40,"s:486:14:486:Infinity":126,"b:487:2:494:Infinity:undefined:undefined:undefined:undefined":25,"s:487:2:494:Infinity":127,"s:488:4:493:Infinity":128,"s:489:6:489:Infinity":129,"s:491:6:491:Infinity":130,"s:492:6:492:Infinity":131,"s:495:2:495:Infinity":132,"f:499:22:499:Infinity":41,"b:500:13:500:Infinity":26,"s:502:14:502:Infinity":133,"b:503:2:510:Infinity:undefined:undefined:undefined:undefined":27,"s:503:2:510:Infinity":134,"s:504:4:509:Infinity":135,"s:505:6:505:Infinity":136,"s:507:6:507:Infinity":137,"s:508:6:508:Infinity":138,"s:511:2:511:Infinity":139}}}
,"/Volumes/Projects/Development_Projects/Github_Repos/element/webview/src/bridge/nativeKeyboard.ts": {"path":"/Volumes/Projects/Development_Projects/Github_Repos/element/webview/src/bridge/nativeKeyboard.ts","statementMap":{"0":{"start":{"line":22,"column":12},"end":{"line":26,"column":null}},"1":{"start":{"line":27,"column":2},"end":{"line":27,"column":null}},"2":{"start":{"line":39,"column":12},"end":{"line":42,"column":null}},"3":{"start":{"line":43,"column":2},"end":{"line":43,"column":null}}},"fnMap":{"0":{"name":"nativeVirtualKeyboardNoteOn","decl":{"start":{"line":17,"column":22},"end":{"line":17,"column":null}},"loc":{"start":{"line":21,"column":20},"end":{"line":28,"column":null}},"line":21},"1":{"name":"nativeVirtualKeyboardNoteOff","decl":{"start":{"line":35,"column":22},"end":{"line":35,"column":null}},"loc":{"start":{"line":38,"column":20},"end":{"line":44,"column":null}},"line":38}},"branchMap":{},"s":{"0":3,"1":3,"2":3,"3":3},"f":{"0":3,"1":3},"b":{},"meta":{"lastBranch":0,"lastFunction":2,"lastStatement":4,"seen":{"f:17:22:17:Infinity":0,"s:22:12:26:Infinity":0,"s:27:2:27:Infinity":1,"f:35:22:35:Infinity":1,"s:39:12:42:Infinity":2,"s:43:2:43:Infinity":3}}}
,"/Volumes/Projects/Development_Projects/Github_Repos/element/webview/src/bridge/nativePerform.ts": {"path":"/Volumes/Projects/Development_Projects/Github_Repos/element/webview/src/bridge/nativePerform.ts","statementMap":{"0":{"start":{"line":6,"column":12},"end":{"line":6,"column":null}},"1":{"start":{"line":7,"column":2},"end":{"line":7,"column":null}},"2":{"start":{"line":11,"column":12},"end":{"line":11,"column":null}},"3":{"start":{"line":12,"column":2},"end":{"line":12,"column":null}},"4":{"start":{"line":17,"column":12},"end":{"line":17,"column":null}},"5":{"start":{"line":18,"column":2},"end":{"line":18,"column":null}},"6":{"start":{"line":28,"column":12},"end":{"line":28,"column":null}},"7":{"start":{"line":29,"column":2},"end":{"line":29,"column":null}},"8":{"start":{"line":40,"column":12},"end":{"line":43,"column":null}},"9":{"start":{"line":44,"column":2},"end":{"line":44,"column":null}}},"fnMap":{"0":{"name":"nativePerformSetActiveScene","decl":{"start":{"line":3,"column":22},"end":{"line":3,"column":null}},"loc":{"start":{"line":5,"column":20},"end":{"line":8,"column":null}},"line":5},"1":{"name":"nativePerformAddScene","decl":{"start":{"line":10,"column":22},"end":{"line":10,"column":44}},"loc":{"start":{"line":10,"column":76},"end":{"line":13,"column":null}},"line":10},"2":{"name":"nativePerformCaptureScene","decl":{"start":{"line":16,"column":22},"end":{"line":16,"column":68}},"loc":{"start":{"line":16,"column":68},"end":{"line":19,"column":null}},"line":16},"3":{"name":"nativePerformDeleteScene","decl":{"start":{"line":25,"column":22},"end":{"line":25,"column":null}},"loc":{"start":{"line":27,"column":20},"end":{"line":30,"column":null}},"line":27},"4":{"name":"nativePerformRenameScene","decl":{"start":{"line":36,"column":22},"end":{"line":36,"column":null}},"loc":{"start":{"line":39,"column":20},"end":{"line":45,"column":null}},"line":39}},"branchMap":{},"s":{"0":13,"1":13,"2":2,"3":2,"4":2,"5":2,"6":2,"7":2,"8":3,"9":3},"f":{"0":13,"1":2,"2":2,"3":2,"4":3},"b":{},"meta":{"lastBranch":0,"lastFunction":5,"lastStatement":10,"seen":{"f:3:22:3:Infinity":0,"s:6:12:6:Infinity":0,"s:7:2:7:Infinity":1,"f:10:22:10:44":1,"s:11:12:11:Infinity":2,"s:12:2:12:Infinity":3,"f:16:22:16:68":2,"s:17:12:17:Infinity":4,"s:18:2:18:Infinity":5,"f:25:22:25:Infinity":3,"s:28:12:28:Infinity":6,"s:29:2:29:Infinity":7,"f:36:22:36:Infinity":4,"s:40:12:43:Infinity":8,"s:44:2:44:Infinity":9}}}
,"/Volumes/Projects/Development_Projects/Github_Repos/element/webview/src/bridge/nativePluginEditor.ts": {"path":"/Volumes/Projects/Development_Projects/Github_Repos/element/webview/src/bridge/nativePluginEditor.ts","statementMap":{"0":{"start":{"line":12,"column":37},"end":{"line":12,"column":null}},"1":{"start":{"line":21,"column":2},"end":{"line":35,"column":null}},"2":{"start":{"line":22,"column":4},"end":{"line":26,"column":null}},"3":{"start":{"line":23,"column":6},"end":{"line":25,"column":null}},"4":{"start":{"line":24,"column":8},"end":{"line":24,"column":null}},"5":{"start":{"line":27,"column":14},"end":{"line":33,"column":null}},"6":{"start":{"line":34,"column":4},"end":{"line":34,"column":null}},"7":{"start":{"line":34,"column":20},"end":{"line":34,"column":null}},"8":{"start":{"line":36,"column":2},"end":{"line":36,"column":null}},"9":{"start":{"line":40,"column":2},"end":{"line":40,"column":null}},"10":{"start":{"line":49,"column":2},"end":{"line":49,"column":null}},"11":{"start":{"line":53,"column":2},"end":{"line":53,"column":null}}},"fnMap":{"0":{"name":"nativePluginEditorOpen","decl":{"start":{"line":14,"column":22},"end":{"line":14,"column":null}},"loc":{"start":{"line":20,"column":20},"end":{"line":37,"column":null}},"line":20},"1":{"name":"(anonymous_1)","decl":{"start":{"line":23,"column":16},"end":{"line":23,"column":31}},"loc":{"start":{"line":24,"column":8},"end":{"line":24,"column":null}},"line":24},"2":{"name":"nativePluginEditorClose","decl":{"start":{"line":39,"column":22},"end":{"line":39,"column":63}},"loc":{"start":{"line":39,"column":63},"end":{"line":41,"column":null}},"line":39},"3":{"name":"nativePluginEditorSetBounds","decl":{"start":{"line":43,"column":22},"end":{"line":43,"column":null}},"loc":{"start":{"line":48,"column":17},"end":{"line":50,"column":null}},"line":48},"4":{"name":"nativePluginEditorFloat","decl":{"start":{"line":52,"column":22},"end":{"line":52,"column":63}},"loc":{"start":{"line":52,"column":63},"end":{"line":54,"column":null}},"line":52}},"branchMap":{"0":{"loc":{"start":{"line":22,"column":4},"end":{"line":26,"column":null}},"type":"if","locations":[{"start":{"line":22,"column":4},"end":{"line":26,"column":null}},{"start":{},"end":{}}],"line":22},"1":{"loc":{"start":{"line":34,"column":4},"end":{"line":34,"column":null}},"type":"if","locations":[{"start":{"line":34,"column":4},"end":{"line":34,"column":null}},{"start":{},"end":{}}],"line":34}},"s":{"0":2,"1":3,"2":8,"3":5,"4":5,"5":8,"6":8,"7":2,"8":1,"9":1,"10":1,"11":1},"f":{"0":3,"1":5,"2":1,"3":1,"4":1},"b":{"0":[5,3],"1":[2,6]},"meta":{"lastBranch":2,"lastFunction":5,"lastStatement":12,"seen":{"s:12:37:12:Infinity":0,"f:14:22:14:Infinity":0,"s:21:2:35:Infinity":1,"b:22:4:26:Infinity:undefined:undefined:undefined:undefined":0,"s:22:4:26:Infinity":2,"s:23:6:25:Infinity":3,"f:23:16:23:31":1,"s:24:8:24:Infinity":4,"s:27:14:33:Infinity":5,"b:34:4:34:Infinity:undefined:undefined:undefined:undefined":1,"s:34:4:34:Infinity":6,"s:34:20:34:Infinity":7,"s:36:2:36:Infinity":8,"f:39:22:39:63":2,"s:40:2:40:Infinity":9,"f:43:22:43:Infinity":3,"s:49:2:49:Infinity":10,"f:52:22:52:63":4,"s:53:2:53:Infinity":11}}}
,"/Volumes/Projects/Development_Projects/Github_Repos/element/webview/src/bridge/nativePrefs.ts": {"path":"/Volumes/Projects/Development_Projects/Github_Repos/element/webview/src/bridge/nativePrefs.ts","statementMap":{"0":{"start":{"line":10,"column":12},"end":{"line":10,"column":null}},"1":{"start":{"line":11,"column":2},"end":{"line":11,"column":null}},"2":{"start":{"line":17,"column":12},"end":{"line":20,"column":null}},"3":{"start":{"line":21,"column":2},"end":{"line":21,"column":null}},"4":{"start":{"line":25,"column":12},"end":{"line":25,"column":null}},"5":{"start":{"line":26,"column":2},"end":{"line":26,"column":null}},"6":{"start":{"line":30,"column":12},"end":{"line":30,"column":null}},"7":{"start":{"line":31,"column":2},"end":{"line":31,"column":null}},"8":{"start":{"line":35,"column":2},"end":{"line":35,"column":null}},"9":{"start":{"line":39,"column":2},"end":{"line":39,"column":null}},"10":{"start":{"line":43,"column":2},"end":{"line":43,"column":null}},"11":{"start":{"line":52,"column":12},"end":{"line":52,"column":null}},"12":{"start":{"line":53,"column":2},"end":{"line":53,"column":null}},"13":{"start":{"line":62,"column":12},"end":{"line":62,"column":null}},"14":{"start":{"line":63,"column":2},"end":{"line":63,"column":null}}},"fnMap":{"0":{"name":"nativeAudioApplySetup","decl":{"start":{"line":7,"column":22},"end":{"line":7,"column":null}},"loc":{"start":{"line":9,"column":20},"end":{"line":12,"column":null}},"line":9},"1":{"name":"nativeOscApplyHost","decl":{"start":{"line":14,"column":22},"end":{"line":14,"column":null}},"loc":{"start":{"line":16,"column":20},"end":{"line":22,"column":null}},"line":16},"2":{"name":"nativeMappingSetLearning","decl":{"start":{"line":24,"column":22},"end":{"line":24,"column":47}},"loc":{"start":{"line":24,"column":78},"end":{"line":27,"column":null}},"line":24},"3":{"name":"nativeMappingRemoveMap","decl":{"start":{"line":29,"column":22},"end":{"line":29,"column":45}},"loc":{"start":{"line":29,"column":78},"end":{"line":32,"column":null}},"line":29},"4":{"name":"nativeWebDismissOverlay","decl":{"start":{"line":34,"column":22},"end":{"line":34,"column":63}},"loc":{"start":{"line":34,"column":63},"end":{"line":36,"column":null}},"line":34},"5":{"name":"nativeOpenLuaConsole","decl":{"start":{"line":38,"column":22},"end":{"line":38,"column":60}},"loc":{"start":{"line":38,"column":60},"end":{"line":40,"column":null}},"line":38},"6":{"name":"nativeOpenGraphMixer","decl":{"start":{"line":42,"column":22},"end":{"line":42,"column":60}},"loc":{"start":{"line":42,"column":60},"end":{"line":44,"column":null}},"line":42},"7":{"name":"nativeHideAllPluginWindows","decl":{"start":{"line":51,"column":22},"end":{"line":51,"column":69}},"loc":{"start":{"line":51,"column":69},"end":{"line":54,"column":null}},"line":51},"8":{"name":"nativeHostShowAllPluginWindows","decl":{"start":{"line":61,"column":22},"end":{"line":61,"column":73}},"loc":{"start":{"line":61,"column":73},"end":{"line":64,"column":null}},"line":61}},"branchMap":{},"s":{"0":2,"1":2,"2":2,"3":2,"4":2,"5":2,"6":2,"7":2,"8":1,"9":1,"10":1,"11":2,"12":2,"13":2,"14":2},"f":{"0":2,"1":2,"2":2,"3":2,"4":1,"5":1,"6":1,"7":2,"8":2},"b":{},"meta":{"lastBranch":0,"lastFunction":9,"lastStatement":15,"seen":{"f:7:22:7:Infinity":0,"s:10:12:10:Infinity":0,"s:11:2:11:Infinity":1,"f:14:22:14:Infinity":1,"s:17:12:20:Infinity":2,"s:21:2:21:Infinity":3,"f:24:22:24:47":2,"s:25:12:25:Infinity":4,"s:26:2:26:Infinity":5,"f:29:22:29:45":3,"s:30:12:30:Infinity":6,"s:31:2:31:Infinity":7,"f:34:22:34:63":4,"s:35:2:35:Infinity":8,"f:38:22:38:60":5,"s:39:2:39:Infinity":9,"f:42:22:42:60":6,"s:43:2:43:Infinity":10,"f:51:22:51:69":7,"s:52:12:52:Infinity":11,"s:53:2:53:Infinity":12,"f:61:22:61:73":8,"s:62:12:62:Infinity":13,"s:63:2:63:Infinity":14}}}
,"/Volumes/Projects/Development_Projects/Github_Repos/element/webview/src/bridge/nativeSession.ts": {"path":"/Volumes/Projects/Development_Projects/Github_Repos/element/webview/src/bridge/nativeSession.ts","statementMap":{"0":{"start":{"line":5,"column":2},"end":{"line":5,"column":null}},"1":{"start":{"line":9,"column":2},"end":{"line":9,"column":null}},"2":{"start":{"line":13,"column":2},"end":{"line":13,"column":null}},"3":{"start":{"line":18,"column":12},"end":{"line":18,"column":null}},"4":{"start":{"line":19,"column":2},"end":{"line":19,"column":null}},"5":{"start":{"line":24,"column":12},"end":{"line":24,"column":null}},"6":{"start":{"line":25,"column":2},"end":{"line":25,"column":null}},"7":{"start":{"line":31,"column":12},"end":{"line":33,"column":null}},"8":{"start":{"line":34,"column":2},"end":{"line":34,"column":null}},"9":{"start":{"line":39,"column":12},"end":{"line":39,"column":null}},"10":{"start":{"line":40,"column":2},"end":{"line":40,"column":null}},"11":{"start":{"line":45,"column":12},"end":{"line":45,"column":null}},"12":{"start":{"line":46,"column":2},"end":{"line":46,"column":null}},"13":{"start":{"line":58,"column":12},"end":{"line":58,"column":null}},"14":{"start":{"line":59,"column":2},"end":{"line":59,"column":null}},"15":{"start":{"line":59,"column":29},"end":{"line":59,"column":null}},"16":{"start":{"line":60,"column":2},"end":{"line":66,"column":null}},"17":{"start":{"line":61,"column":14},"end":{"line":61,"column":null}},"18":{"start":{"line":62,"column":4},"end":{"line":62,"column":null}},"19":{"start":{"line":64,"column":4},"end":{"line":64,"column":null}},"20":{"start":{"line":65,"column":4},"end":{"line":65,"column":null}}},"fnMap":{"0":{"name":"nativeSessionNew","decl":{"start":{"line":4,"column":22},"end":{"line":4,"column":56}},"loc":{"start":{"line":4,"column":56},"end":{"line":6,"column":null}},"line":4},"1":{"name":"nativeSessionSave","decl":{"start":{"line":8,"column":22},"end":{"line":8,"column":57}},"loc":{"start":{"line":8,"column":57},"end":{"line":10,"column":null}},"line":8},"2":{"name":"nativeSessionSaveAs","decl":{"start":{"line":12,"column":22},"end":{"line":12,"column":59}},"loc":{"start":{"line":12,"column":59},"end":{"line":14,"column":null}},"line":12},"3":{"name":"nativeSessionOpen","decl":{"start":{"line":17,"column":22},"end":{"line":17,"column":60}},"loc":{"start":{"line":17,"column":60},"end":{"line":20,"column":null}},"line":17},"4":{"name":"nativeSessionOpenPath","decl":{"start":{"line":23,"column":22},"end":{"line":23,"column":44}},"loc":{"start":{"line":23,"column":76},"end":{"line":26,"column":null}},"line":23},"5":{"name":"nativeSessionSetActiveGraph","decl":{"start":{"line":28,"column":22},"end":{"line":28,"column":null}},"loc":{"start":{"line":30,"column":20},"end":{"line":35,"column":null}},"line":30},"6":{"name":"nativeSessionImportGraph","decl":{"start":{"line":38,"column":22},"end":{"line":38,"column":67}},"loc":{"start":{"line":38,"column":67},"end":{"line":41,"column":null}},"line":38},"7":{"name":"nativeSessionExportGraph","decl":{"start":{"line":44,"column":22},"end":{"line":44,"column":67}},"loc":{"start":{"line":44,"column":67},"end":{"line":47,"column":null}},"line":44},"8":{"name":"nativeSessionListFiles","decl":{"start":{"line":57,"column":22},"end":{"line":57,"column":76}},"loc":{"start":{"line":57,"column":76},"end":{"line":67,"column":null}},"line":57}},"branchMap":{"0":{"loc":{"start":{"line":59,"column":2},"end":{"line":59,"column":null}},"type":"if","locations":[{"start":{"line":59,"column":2},"end":{"line":59,"column":null}},{"start":{},"end":{}}],"line":59},"1":{"loc":{"start":{"line":62,"column":11},"end":{"line":62,"column":null}},"type":"cond-expr","locations":[{"start":{"line":62,"column":38},"end":{"line":62,"column":50}},{"start":{"line":62,"column":50},"end":{"line":62,"column":null}}],"line":62}},"s":{"0":1,"1":1,"2":1,"3":2,"4":2,"5":2,"6":2,"7":2,"8":2,"9":1,"10":1,"11":1,"12":1,"13":4,"14":4,"15":1,"16":3,"17":3,"18":3,"19":1,"20":1},"f":{"0":1,"1":1,"2":1,"3":2,"4":2,"5":2,"6":1,"7":1,"8":4},"b":{"0":[1,3],"1":[1,1]},"meta":{"lastBranch":2,"lastFunction":9,"lastStatement":21,"seen":{"f:4:22:4:56":0,"s:5:2:5:Infinity":0,"f:8:22:8:57":1,"s:9:2:9:Infinity":1,"f:12:22:12:59":2,"s:13:2:13:Infinity":2,"f:17:22:17:60":3,"s:18:12:18:Infinity":3,"s:19:2:19:Infinity":4,"f:23:22:23:44":4,"s:24:12:24:Infinity":5,"s:25:2:25:Infinity":6,"f:28:22:28:Infinity":5,"s:31:12:33:Infinity":7,"s:34:2:34:Infinity":8,"f:38:22:38:67":6,"s:39:12:39:Infinity":9,"s:40:2:40:Infinity":10,"f:44:22:44:67":7,"s:45:12:45:Infinity":11,"s:46:2:46:Infinity":12,"f:57:22:57:76":8,"s:58:12:58:Infinity":13,"b:59:2:59:Infinity:undefined:undefined:undefined:undefined":0,"s:59:2:59:Infinity":14,"s:59:29:59:Infinity":15,"s:60:2:66:Infinity":16,"s:61:14:61:Infinity":17,"s:62:4:62:Infinity":18,"b:62:38:62:50:62:50:62:Infinity":1,"s:64:4:64:Infinity":19,"s:65:4:65:Infinity":20}}}
,"/Volumes/Projects/Development_Projects/Github_Repos/element/webview/src/components/canvas/Block.tsx": {"path":"/Volumes/Projects/Development_Projects/Github_Repos/element/webview/src/components/canvas/Block.tsx","statementMap":{"0":{"start":{"line":17,"column":4},"end":{"line":42,"column":null}},"1":{"start":{"line":46,"column":42},"end":{"line":50,"column":null}},"2":{"start":{"line":63,"column":16},"end":{"line":63,"column":null}},"3":{"start":{"line":64,"column":16},"end":{"line":64,"column":null}},"4":{"start":{"line":65,"column":15},"end":{"line":65,"column":null}},"5":{"start":{"line":67,"column":22},"end":{"line":71,"column":null}},"6":{"start":{"line":74,"column":2},"end":{"line":81,"column":null}},"7":{"start":{"line":75,"column":4},"end":{"line":75,"column":null}},"8":{"start":{"line":76,"column":9},"end":{"line":81,"column":null}},"9":{"start":{"line":77,"column":4},"end":{"line":77,"column":null}},"10":{"start":{"line":80,"column":4},"end":{"line":80,"column":null}},"11":{"start":{"line":83,"column":2},"end":{"line":96,"column":null}},"12":{"start":{"line":108,"column":45},"end":{"line":112,"column":null}},"13":{"start":{"line":123,"column":16},"end":{"line":123,"column":null}},"14":{"start":{"line":125,"column":4},"end":{"line":127,"column":null}},"15":{"start":{"line":129,"column":2},"end":{"line":153,"column":null}},"16":{"start":{"line":180,"column":18},"end":{"line":180,"column":null}},"17":{"start":{"line":184,"column":4},"end":{"line":184,"column":null}},"18":{"start":{"line":186,"column":2},"end":{"line":215,"column":null}},"19":{"start":{"line":204,"column":26},"end":{"line":204,"column":null}},"20":{"start":{"line":205,"column":26},"end":{"line":205,"column":null}},"21":{"start":{"line":222,"column":15},"end":{"line":228,"column":null}},"22":{"start":{"line":229,"column":2},"end":{"line":242,"column":null}},"23":{"start":{"line":232,"column":8},"end":{"line":240,"column":null}},"24":{"start":{"line":249,"column":2},"end":{"line":249,"column":null}},"25":{"start":{"line":251,"column":2},"end":{"line":251,"column":null}},"26":{"start":{"line":254,"column":43},"end":{"line":261,"column":null}},"27":{"start":{"line":263,"column":41},"end":{"line":269,"column":null}},"28":{"start":{"line":273,"column":2},"end":{"line":273,"column":null}},"29":{"start":{"line":273,"column":12},"end":{"line":273,"column":null}},"30":{"start":{"line":274,"column":12},"end":{"line":274,"column":null}},"31":{"start":{"line":275,"column":2},"end":{"line":275,"column":null}},"32":{"start":{"line":275,"column":43},"end":{"line":275,"column":null}},"33":{"start":{"line":276,"column":2},"end":{"line":276,"column":null}},"34":{"start":{"line":276,"column":43},"end":{"line":276,"column":null}},"35":{"start":{"line":277,"column":2},"end":{"line":277,"column":null}},"36":{"start":{"line":302,"column":12},"end":{"line":302,"column":null}},"37":{"start":{"line":303,"column":14},"end":{"line":303,"column":null}},"38":{"start":{"line":304,"column":22},"end":{"line":304,"column":null}},"39":{"start":{"line":305,"column":19},"end":{"line":305,"column":null}},"40":{"start":{"line":306,"column":8},"end":{"line":306,"column":null}},"41":{"start":{"line":308,"column":21},"end":{"line":308,"column":null}},"42":{"start":{"line":308,"column":43},"end":{"line":308,"column":66}},"43":{"start":{"line":309,"column":22},"end":{"line":309,"column":null}},"44":{"start":{"line":309,"column":44},"end":{"line":309,"column":68}},"45":{"start":{"line":315,"column":8},"end":{"line":315,"column":null}},"46":{"start":{"line":316,"column":8},"end":{"line":316,"column":null}},"47":{"start":{"line":316,"column":38},"end":{"line":316,"column":48}},"48":{"start":{"line":317,"column":8},"end":{"line":326,"column":null}},"49":{"start":{"line":318,"column":16},"end":{"line":318,"column":null}},"50":{"start":{"line":319,"column":4},"end":{"line":324,"column":null}},"51":{"start":{"line":320,"column":18},"end":{"line":320,"column":null}},"52":{"start":{"line":321,"column":6},"end":{"line":321,"column":null}},"53":{"start":{"line":321,"column":16},"end":{"line":321,"column":null}},"54":{"start":{"line":322,"column":6},"end":{"line":322,"column":null}},"55":{"start":{"line":322,"column":32},"end":{"line":322,"column":null}},"56":{"start":{"line":323,"column":6},"end":{"line":323,"column":null}},"57":{"start":{"line":323,"column":32},"end":{"line":323,"column":null}},"58":{"start":{"line":325,"column":4},"end":{"line":325,"column":null}},"59":{"start":{"line":329,"column":2},"end":{"line":367,"column":null}},"60":{"start":{"line":330,"column":4},"end":{"line":365,"column":null}},"61":{"start":{"line":342,"column":10},"end":{"line":351,"column":null}},"62":{"start":{"line":354,"column":10},"end":{"line":363,"column":null}},"63":{"start":{"line":370,"column":2},"end":{"line":425,"column":null}},"64":{"start":{"line":371,"column":4},"end":{"line":423,"column":null}},"65":{"start":{"line":387,"column":14},"end":{"line":393,"column":null}},"66":{"start":{"line":400,"column":10},"end":{"line":409,"column":null}},"67":{"start":{"line":412,"column":10},"end":{"line":421,"column":null}},"68":{"start":{"line":429,"column":2},"end":{"line":438,"column":null}},"69":{"start":{"line":430,"column":4},"end":{"line":436,"column":null}},"70":{"start":{"line":442,"column":22},"end":{"line":442,"column":null}},"71":{"start":{"line":444,"column":2},"end":{"line":601,"column":null}},"72":{"start":{"line":576,"column":8},"end":{"line":585,"column":null}},"73":{"start":{"line":590,"column":8},"end":{"line":599,"column":null}},"74":{"start":{"line":605,"column":13},"end":{"line":605,"column":null}}},"fnMap":{"0":{"name":"PortShape","decl":{"start":{"line":54,"column":9},"end":{"line":54,"column":19}},"loc":{"start":{"line":62,"column":3},"end":{"line":98,"column":null}},"line":62},"1":{"name":"BusBadge","decl":{"start":{"line":114,"column":9},"end":{"line":114,"column":18}},"loc":{"start":{"line":122,"column":3},"end":{"line":155,"column":null}},"line":122},"2":{"name":"PortHandle","decl":{"start":{"line":171,"column":9},"end":{"line":171,"column":20}},"loc":{"start":{"line":179,"column":20},"end":{"line":217,"column":null}},"line":179},"3":{"name":"(anonymous_3)","decl":{"start":{"line":204,"column":6},"end":{"line":204,"column":26}},"loc":{"start":{"line":204,"column":26},"end":{"line":204,"column":null}},"line":204},"4":{"name":"(anonymous_4)","decl":{"start":{"line":205,"column":6},"end":{"line":205,"column":26}},"loc":{"start":{"line":205,"column":26},"end":{"line":205,"column":null}},"line":205},"5":{"name":"MiniWaveform","decl":{"start":{"line":221,"column":9},"end":{"line":221,"column":22}},"loc":{"start":{"line":221,"column":52},"end":{"line":244,"column":null}},"line":221},"6":{"name":"(anonymous_6)","decl":{"start":{"line":231,"column":12},"end":{"line":231,"column":17}},"loc":{"start":{"line":232,"column":8},"end":{"line":240,"column":null}},"line":232},"7":{"name":"hostColourOutline","decl":{"start":{"line":272,"column":9},"end":{"line":272,"column":27}},"loc":{"start":{"line":272,"column":72},"end":{"line":278,"column":null}},"line":272},"8":{"name":"BlockComponent","decl":{"start":{"line":301,"column":9},"end":{"line":301,"column":24}},"loc":{"start":{"line":301,"column":55},"end":{"line":603,"column":null}},"line":301},"9":{"name":"(anonymous_9)","decl":{"start":{"line":308,"column":29},"end":{"line":308,"column":37}},"loc":{"start":{"line":308,"column":43},"end":{"line":308,"column":66}},"line":308},"10":{"name":"(anonymous_10)","decl":{"start":{"line":309,"column":30},"end":{"line":309,"column":38}},"loc":{"start":{"line":309,"column":44},"end":{"line":309,"column":68}},"line":309},"11":{"name":"(anonymous_11)","decl":{"start":{"line":316,"column":19},"end":{"line":316,"column":32}},"loc":{"start":{"line":316,"column":38},"end":{"line":316,"column":48}},"line":316},"12":{"name":"(anonymous_12)","decl":{"start":{"line":317,"column":21},"end":{"line":317,"column":35}},"loc":{"start":{"line":317,"column":35},"end":{"line":326,"column":5}},"line":317},"13":{"name":"(anonymous_13)","decl":{"start":{"line":341,"column":20},"end":{"line":341,"column":25}},"loc":{"start":{"line":342,"column":10},"end":{"line":351,"column":null}},"line":342},"14":{"name":"(anonymous_14)","decl":{"start":{"line":353,"column":21},"end":{"line":353,"column":26}},"loc":{"start":{"line":354,"column":10},"end":{"line":363,"column":null}},"line":354},"15":{"name":"(anonymous_15)","decl":{"start":{"line":385,"column":74},"end":{"line":385,"column":null}},"loc":{"start":{"line":387,"column":14},"end":{"line":393,"column":null}},"line":387},"16":{"name":"(anonymous_16)","decl":{"start":{"line":399,"column":20},"end":{"line":399,"column":25}},"loc":{"start":{"line":400,"column":10},"end":{"line":409,"column":null}},"line":400},"17":{"name":"(anonymous_17)","decl":{"start":{"line":411,"column":21},"end":{"line":411,"column":26}},"loc":{"start":{"line":412,"column":10},"end":{"line":421,"column":null}},"line":412},"18":{"name":"(anonymous_18)","decl":{"start":{"line":575,"column":18},"end":{"line":575,"column":23}},"loc":{"start":{"line":576,"column":8},"end":{"line":585,"column":null}},"line":576},"19":{"name":"(anonymous_19)","decl":{"start":{"line":589,"column":19},"end":{"line":589,"column":24}},"loc":{"start":{"line":590,"column":8},"end":{"line":599,"column":null}},"line":590}},"branchMap":{"0":{"loc":{"start":{"line":63,"column":16},"end":{"line":63,"column":null}},"type":"binary-expr","locations":[{"start":{"line":63,"column":16},"end":{"line":63,"column":35}},{"start":{"line":63,"column":35},"end":{"line":63,"column":null}}],"line":63},"1":{"loc":{"start":{"line":64,"column":16},"end":{"line":64,"column":null}},"type":"cond-expr","locations":[{"start":{"line":64,"column":26},"end":{"line":64,"column":33}},{"start":{"line":64,"column":33},"end":{"line":64,"column":null}}],"line":64},"2":{"loc":{"start":{"line":65,"column":15},"end":{"line":65,"column":null}},"type":"cond-expr","locations":[{"start":{"line":65,"column":25},"end":{"line":65,"column":48}},{"start":{"line":65,"column":48},"end":{"line":65,"column":null}}],"line":65},"3":{"loc":{"start":{"line":65,"column":48},"end":{"line":65,"column":null}},"type":"cond-expr","locations":[{"start":{"line":65,"column":60},"end":{"line":65,"column":83}},{"start":{"line":65,"column":83},"end":{"line":65,"column":null}}],"line":65},"4":{"loc":{"start":{"line":68,"column":10},"end":{"line":68,"column":null}},"type":"cond-expr","locations":[{"start":{"line":68,"column":22},"end":{"line":68,"column":30}},{"start":{"line":68,"column":30},"end":{"line":68,"column":null}}],"line":68},"5":{"loc":{"start":{"line":70,"column":17},"end":{"line":70,"column":null}},"type":"cond-expr","locations":[{"start":{"line":70,"column":29},"end":{"line":70,"column":33}},{"start":{"line":70,"column":33},"end":{"line":70,"column":null}}],"line":70},"6":{"loc":{"start":{"line":74,"column":2},"end":{"line":81,"column":null}},"type":"if","locations":[{"start":{"line":74,"column":2},"end":{"line":81,"column":null}},{"start":{"line":76,"column":9},"end":{"line":81,"column":null}}],"line":74},"7":{"loc":{"start":{"line":76,"column":9},"end":{"line":81,"column":null}},"type":"if","locations":[{"start":{"line":76,"column":9},"end":{"line":81,"column":null}},{"start":{"line":78,"column":9},"end":{"line":81,"column":null}}],"line":76},"8":{"loc":{"start":{"line":91,"column":16},"end":{"line":91,"column":null}},"type":"cond-expr","locations":[{"start":{"line":91,"column":34},"end":{"line":91,"column":59}},{"start":{"line":91,"column":59},"end":{"line":91,"column":null}}],"line":91},"9":{"loc":{"start":{"line":123,"column":16},"end":{"line":123,"column":null}},"type":"binary-expr","locations":[{"start":{"line":123,"column":16},"end":{"line":123,"column":44}},{"start":{"line":123,"column":44},"end":{"line":123,"column":null}}],"line":123},"10":{"loc":{"start":{"line":125,"column":4},"end":{"line":127,"column":null}},"type":"cond-expr","locations":[{"start":{"line":126,"column":8},"end":{"line":126,"column":null}},{"start":{"line":127,"column":8},"end":{"line":127,"column":null}}],"line":125},"11":{"loc":{"start":{"line":184,"column":4},"end":{"line":184,"column":null}},"type":"cond-expr","locations":[{"start":{"line":184,"column":33},"end":{"line":184,"column":42}},{"start":{"line":184,"column":42},"end":{"line":184,"column":null}}],"line":184},"12":{"loc":{"start":{"line":208,"column":7},"end":{"line":214,"column":null}},"type":"cond-expr","locations":[{"start":{"line":209,"column":8},"end":{"lin
[...]
:[17,16],"17":[17,16]},"meta":{"lastBranch":18,"lastFunction":5,"lastStatement":39,"seen":{"f:16:9:16:28":0,"s:17:12:17:Infinity":0,"b:18:2:24:Infinity:undefined:undefined:undefined:undefined":0,"s:18:2:24:Infinity":1,"b:19:4:19:Infinity:20:4:20:Infinity:21:4:21:Infinity:22:4:22:Infinity":1,"s:24:4:24:Infinity":2,"b:25:2:32:Infinity:undefined:undefined:undefined:undefined":2,"s:25:2:32:Infinity":3,"b:26:4:26:Infinity:27:4:27:Infinity:28:4:28:Infinity:29:4:29:Infinity:30:4:30:Infinity":3,"s:32:4:32:Infinity":4,"b:33:2:39:Infinity:undefined:undefined:undefined:undefined":4,"s:33:2:39:Infinity":5,"b:34:4:34:Infinity:35:4:35:Infinity:36:4:36:Infinity:37:4:37:Infinity":5,"s:39:4:39:Infinity":6,"s:40:2:40:Infinity":7,"s:50:13:114:Infinity":8,"f:50:64:50:67":1,"s:50:76:114:2":9,"f:55:11:55:23":2,"s:56:4:112:Infinity":10,"s:57:18:57:Infinity":11,"b:58:6:63:Infinity:undefined:undefined:undefined:undefined":6,"s:58:6:63:Infinity":12,"s:62:8:62:Infinity":13,"b:68:6:71:Infinity:undefined:undefined:undefined:undefined":7,"s:68:6:71:Infinity":14,"s:69:8:69:Infinity":15,"s:70:8:70:Infinity":16,"s:72:21:72:Infinity":17,"b:72:47:72:65:72:65:72:Infinity":8,"s:73:21:73:Infinity":18,"s:74:21:74:Infinity":19,"s:75:18:75:Infinity":20,"b:76:6:78:Infinity:undefined:undefined:undefined:undefined":9,"s:76:6:78:Infinity":21,"s:77:13:78:47":22,"b:78:10:78:47:undefined:undefined:undefined:undefined":10,"s:78:10:78:47":23,"s:78:37:78:47":24,"s:79:31:79:Infinity":25,"b:80:6:82:Infinity:undefined:undefined:undefined:undefined":11,"s:80:6:82:Infinity":26,"s:81:13:82:51":27,"b:82:10:82:51:undefined:undefined:undefined:undefined":12,"s:82:10:82:51":28,"s:82:37:82:51":29,"s:83:19:83:Infinity":30,"b:93:6:93:Infinity:undefined:undefined:undefined:undefined":13,"s:93:6:93:Infinity":31,"s:93:32:93:Infinity":32,"s:94:39:106:Infinity":33,"f:95:9:95:17":3,"s:95:23:95:35":34,"f:96:9:96:14":4,"s:97:27:97:Infinity":35,"b:97:34:97:48:97:48:97:63":14,"s:98:10:105:Infinity":36,"b:100:25:100:46:100:46:100:56:100:56:100:68":15,"b:101:33:101:51:101:51:101:53":16,"b:102:27:102:39:102:39:102:41":17,"s:107:6:107:Infinity":37,"s:111:6:111:Infinity":38}}}
,"/Volumes/Projects/Development_Projects/Github_Repos/element/webview/src/stores/useSessionStore.ts": {"path":"/Volumes/Projects/Development_Projects/Github_Repos/element/webview/src/stores/useSessionStore.ts","statementMap":{"0":{"start":{"line":34,"column":13},"end":{"line":55,"column":null}},"1":{"start":{"line":35,"column":12},"end":{"line":54,"column":null}},"2":{"start":{"line":43,"column":6},"end":{"line":51,"column":null}},"3":{"start":{"line":43,"column":18},"end":{"line":51,"column":8}},"4":{"start":{"line":48,"column":43},"end":{"line":48,"column":64}},"5":{"start":{"line":53,"column":29},"end":{"line":53,"column":null}},"6":{"start":{"line":57,"column":13},"end":{"line":57,"column":null}},"7":{"start":{"line":57,"column":56},"end":{"line":57,"column":null}}},"fnMap":{"0":{"name":"(anonymous_0)","decl":{"start":{"line":34,"column":69},"end":{"line":34,"column":null}},"loc":{"start":{"line":35,"column":12},"end":{"line":54,"column":null}},"line":35},"1":{"name":"(anonymous_1)","decl":{"start":{"line":42,"column":4},"end":{"line":42,"column":24}},"loc":{"start":{"line":43,"column":6},"end":{"line":51,"column":null}},"line":43},"2":{"name":"(anonymous_2)","decl":{"start":{"line":43,"column":6},"end":{"line":43,"column":11}},"loc":{"start":{"line":43,"column":18},"end":{"line":51,"column":8}},"line":43},"3":{"name":"(anonymous_3)","decl":{"start":{"line":48,"column":29},"end":{"line":48,"column":37}},"loc":{"start":{"line":48,"column":43},"end":{"line":48,"column":64}},"line":48},"4":{"name":"(anonymous_4)","decl":{"start":{"line":53,"column":4},"end":{"line":53,"column":29}},"loc":{"start":{"line":53,"column":29},"end":{"line":53,"column":null}},"line":53},"5":{"name":"(anonymous_5)","decl":{"start":{"line":57,"column":13},"end":{"line":57,"column":36}},"loc":{"start":{"line":57,"column":56},"end":{"line":57,"column":null}},"line":57}},"branchMap":{"0":{"loc":{"start":{"line":45,"column":10},"end":{"line":45,"column":null}},"type":"cond-expr","locations":[{"start":{"line":45,"column":46},"end":{"line":45,"column":62}},{"start":{"line":45,"column":62},"end":{"line":45,"column":null}}],"line":45},"1":{"loc":{"start":{"line":46,"column":15},"end":{"line":46,"column":null}},"type":"cond-expr","locations":[{"start":{"line":46,"column":49},"end":{"line":46,"column":62}},{"start":{"line":46,"column":62},"end":{"line":46,"column":null}}],"line":46},"2":{"loc":{"start":{"line":47,"column":21},"end":{"line":49,"column":null}},"type":"cond-expr","locations":[{"start":{"line":48,"column":12},"end":{"line":48,"column":null}},{"start":{"line":49,"column":12},"end":{"line":49,"column":null}}],"line":47},"3":{"loc":{"start":{"line":50,"column":16},"end":{"line":50,"column":null}},"type":"cond-expr","locations":[{"start":{"line":50,"column":45},"end":{"line":50,"column":59}},{"start":{"line":50,"column":59},"end":{"line":50,"column":null}}],"line":50}},"s":{"0":6,"1":6,"2":67,"3":67,"4":0,"5":67,"6":6,"7":2},"f":{"0":6,"1":67,"2":67,"3":0,"4":67,"5":2},"b":{"0":[6,61],"1":[5,62],"2":[0,67],"3":[2,65]},"meta":{"lastBranch":4,"lastFunction":6,"lastStatement":8,"seen":{"s:34:13:55:Infinity":0,"f:34:69:34:Infinity":0,"s:35:12:54:Infinity":1,"f:42:4:42:24":1,"s:43:6:51:Infinity":2,"f:43:6:43:11":2,"s:43:18:51:8":3,"b:45:46:45:62:45:62:45:Infinity":0,"b:46:49:46:62:46:62:46:Infinity":1,"b:48:12:48:Infinity:49:12:49:Infinity":2,"f:48:29:48:37":3,"s:48:43:48:64":4,"b:50:45:50:59:50:59:50:Infinity":3,"f:53:4:53:29":4,"s:53:29:53:Infinity":5,"s:57:13:57:Infinity":6,"f:57:13:57:36":5,"s:57:56:57:Infinity":7}}}
,"/Volumes/Projects/Development_Projects/Github_Repos/element/webview/src/test/mockJuceBridge.ts": {"path":"/Volumes/Projects/Development_Projects/Github_Repos/element/webview/src/test/mockJuceBridge.ts","statementMap":{"0":{"start":{"line":76,"column":21},"end":{"line":76,"column":null}},"1":{"start":{"line":77,"column":23},"end":{"line":77,"column":null}},"2":{"start":{"line":149,"column":2},"end":{"line":149,"column":null}},"3":{"start":{"line":155,"column":15},"end":{"line":155,"column":null}},"4":{"start":{"line":156,"column":2},"end":{"line":157,"column":null}},"5":{"start":{"line":156,"column":12},"end":{"line":156,"column":null}},"6":{"start":{"line":157,"column":7},"end":{"line":157,"column":null}},"7":{"start":{"line":158,"column":2},"end":{"line":158,"column":null}},"8":{"start":{"line":162,"column":15},"end":{"line":162,"column":null}},"9":{"start":{"line":163,"column":2},"end":{"line":163,"column":null}},"10":{"start":{"line":163,"column":13},"end":{"line":163,"column":null}},"11":{"start":{"line":165,"column":2},"end":{"line":165,"column":null}},"12":{"start":{"line":165,"column":30},"end":{"line":165,"column":null}},"13":{"start":{"line":180,"column":15},"end":{"line":180,"column":null}},"14":{"start":{"line":180,"column":64},"end":{"line":180,"column":73}},"15":{"start":{"line":182,"column":32},"end":{"line":224,"column":null}},"16":{"start":{"line":184,"column":6},"end":{"line":184,"column":null}},"17":{"start":{"line":187,"column":6},"end":{"line":187,"column":null}},"18":{"start":{"line":187,"column":56},"end":{"line":187,"column":null}},"19":{"start":{"line":188,"column":16},"end":{"line":188,"column":null}},"20":{"start":{"line":189,"column":6},"end":{"line":189,"column":null}},"21":{"start":{"line":189,"column":38},"end":{"line":189,"column":null}},"22":{"start":{"line":190,"column":19},"end":{"line":190,"column":null}},"23":{"start":{"line":191,"column":6},"end":{"line":191,"column":null}},"24":{"start":{"line":191,"column":17},"end":{"line":191,"column":null}},"25":{"start":{"line":192,"column":18},"end":{"line":192,"column":null}},"26":{"start":{"line":193,"column":6},"end":{"line":193,"column":null}},"27":{"start":{"line":193,"column":20},"end":{"line":193,"column":null}},"28":{"start":{"line":196,"column":6},"end":{"line":200,"column":null}},"29":{"start":{"line":198,"column":8},"end":{"line":198,"column":null}},"30":{"start":{"line":199,"column":8},"end":{"line":199,"column":null}},"31":{"start":{"line":201,"column":17},"end":{"line":201,"column":null}},"32":{"start":{"line":202,"column":21},"end":{"line":202,"column":null}},"33":{"start":{"line":203,"column":21},"end":{"line":203,"column":null}},"34":{"start":{"line":204,"column":24},"end":{"line":204,"column":null}},"35":{"start":{"line":211,"column":6},"end":{"line":222,"column":null}},"36":{"start":{"line":212,"column":20},"end":{"line":212,"column":40}},"37":{"start":{"line":214,"column":10},"end":{"line":214,"column":null}},"38":{"start":{"line":221,"column":10},"end":{"line":221,"column":null}},"39":{"start":{"line":226,"column":15},"end":{"line":226,"column":null}},"40":{"start":{"line":227,"column":19},"end":{"line":227,"column":null}},"41":{"start":{"line":228,"column":2},"end":{"line":228,"column":null}},"42":{"start":{"line":230,"column":2},"end":{"line":251,"column":null}},"43":{"start":{"line":233,"column":6},"end":{"line":233,"column":null}},"44":{"start":{"line":234,"column":6},"end":{"line":234,"column":null}},"45":{"start":{"line":237,"column":6},"end":{"line":241,"column":null}},"46":{"start":{"line":238,"column":8},"end":{"line":238,"column":null}},"47":{"start":{"line":240,"column":8},"end":{"line":240,"column":null}},"48":{"start":{"line":244,"column":20},"end":{"line":244,"column":null}},"49":{"start":{"line":245,"column":18},"end":{"line":245,"column":null}},"50":{"start":{"line":245,"column":44},"end":{"line":245,"column":62}},"51":{"start":{"line":246,"column":6},"end":{"line":246,"column":null}},"52":{"start":{"line":246,"column":58},"end":{"line":246,"column":73}},"53":{"start":{"line":249,"column":6},"end":{"line":249,"column":null}},"54":{"start":{"line":271,"column":19},"end":{"line":271,"column":null}},"55":{"start":{"line":272,"column":2},"end":{"line":272,"column":null}},"56":{"start":{"line":272,"column":23},"end":{"line":272,"column":32}},"57":{"start":{"line":273,"column":2},"end":{"line":273,"column":null}},"58":{"start":{"line":282,"column":29},"end":{"line":293,"column":null}}},"fnMap":{"0":{"name":"addSharedListener","decl":{"start":{"line":151,"column":9},"end":{"line":151,"column":null}},"loc":{"start":{"line":154,"column":52},"end":{"line":159,"column":null}},"line":154},"1":{"name":"dispatchShared","decl":{"start":{"line":161,"column":9},"end":{"line":161,"column":24}},"loc":{"start":{"line":161,"column":62},"end":{"line":166,"column":null}},"line":161},"2":{"name":"installJuceBridgeMock","decl":{"start":{"line":178,"column":16},"end":{"line":178,"column":56}},"loc":{"start":{"line":178,"column":56},"end":{"line":252,"column":null}},"line":178},"3":{"name":"(anonymous_3)","decl":{"start":{"line":180,"column":21},"end":{"line":180,"column":28}},"loc":{"start":{"line":180,"column":64},"end":{"line":180,"column":73}},"line":180},"4":{"name":"(anonymous_4)","decl":{"start":{"line":183,"column":4},"end":{"line":183,"column":21}},"loc":{"start":{"line":183,"column":67},"end":{"line":185,"column":null}},"line":183},"5":{"name":"(anonymous_5)","decl":{"start":{"line":186,"column":4},"end":{"line":186,"column":24}},"loc":{"start":{"line":186,"column":41},"end":{"line":194,"column":null}},"line":186},"6":{"name":"(anonymous_6)","decl":{"start":{"line":195,"column":4},"end":{"line":195,"column":14}},"loc":{"start":{"line":195,"column":46},"end":{"line":223,"column":null}},"line":195},"7":{"name":"(anonymous_7)","decl":{"start":{"line":212,"column":9},"end":{"line":212,"column":20}},"loc":{"start":{"line":212,"column":20},"end":{"line":212,"column":40}},"line":212},"8":{"name":"(anonymous_8)","decl":{"start":{"line":213,"column":9},"end":{"line":213,"column":15}},"loc":{"start":{"line":213,"column":26},"end":{"line":215,"column":9}},"line":213},"9":{"name":"(anonymous_9)","decl":{"start":{"line":216,"column":9},"end":{"line":216,"column":16}},"loc":{"start":{"line":216,"column":24},"end":{"line":222,"column":9}},"line":216},"10":{"name":"(anonymous_10)","decl":{"start":{"line":232,"column":4},"end":{"line":232,"column":12}},"loc":{"start":{"line":232,"column":12},"end":{"line":235,"column":null}},"line":232},"11":{"name":"(anonymous_11)","decl":{"start":{"line":236,"column":4},"end":{"line":236,"column":16}},"loc":{"start":{"line":236,"column":16},"end":{"line":242,"column":null}},"line":236},"12":{"name":"(anonymous_12)","decl":{"start":{"line":243,"column":4},"end":{"line":243,"column":12}},"loc":{"start":{"line":243,"column":27},"end":{"line":247,"column":null}},"line":243},"13":{"name":"(anonymous_13)","decl":{"start":{"line":245,"column":24},"end":{"line":245,"column":29}},"loc":{"start":{"line":245,"column":44},"end":{"line":245,"column":62}},"line":245},"14":{"name":"(anonymous_14)","decl":{"start":{"line":246,"column":44},"end":{"line":246,"column":52}},"loc":{"start":{"line":246,"column":58},"end":{"line":246,"column":73}},"line":246},"15":{"name":"(anonymous_15)","decl":{"start":{"line":248,"column":4},"end":{"line":248,"column":9}},"loc":{"start":{"line":248,"column":46},"end":{"line":250,"column":null}},"line":248},"16":{"name":"rejectPending","decl":{"start":{"line":268,"column":9},"end":{"line":268,"column":23}},"loc":{"start":{"line":268,"column":63},"end":{"line":274,"column":null}},"line":268},"17":{"name":"(anonymous_17)","decl":{"start":{"line":272,"column":11},"end":{"line":272,"column":23}},"loc":{"start":{"line":272,"column":23},"end":{"line":272,"column":32}},"line":272}},"branchMap":{"0":{"loc":{"start":{"line":156,"column":2},"end":{"line":157,"column":null}},"type":"if","locations":[{"start":{"line":156,"column":2},"end":{"line":157,"column":null}},{"start":{"line":157,"column":7},"end":{"line":157,"column":null}}],"line":156},"1":{"loc":{"start":{"line":163,"column":2},"end":{"line":163,"column":null}},"type":"if","locations":[{"start":{"line":163,"column":2},"end":{"line":163,"column":null}},{"start":{},"end":{}}],"line":163},"2":{"loc":{"start":{"line":187,"column":6},"end":{"line":187,"column":null}},"type":"if","locations":[{"start":{"line":187,"column":6},"end":{"line":187,"column":null}},{"start":{},"end":{}}],"line":187},"3":{"loc":{"start":{"line":187,"column":10},"end":{"line":187,"column":56}},"type":"binary-expr","locations":[{"start":{"line":187,"column":10},"end":{"line":187,"column":28}},{"start":{"line":187,"column":28},"end":{"line":187,"column":56}}],"line":187},"4":{"loc":{"start":{"line":189,"column":6},"end":{"line":189,"column":null}},"type":"if","locations":[{"start":{"line":189,"column":6},"end":{"line":189,"column":null}},{"start":{},"end":{}}],"line":189},"5":{"loc":{"start":{"line":191,"column":6},"end":{"line":191,"column":null}},"type":"if","locations":[{"start":{"line":191,"column":6},"end":{"line":191,"column":null}},{"start":{},"end":{}}],"line":191},"6":{"loc":{"start":{"line":193,"column":6},"end":{"line":193,"column":null}},"type":"if","locations":[{"start":{"line":193,"column":6},"end":{"line":193,"column":null}},{"start":{},"end":{}}],"line":193},"7":{"loc":{"start":{"line":196,"column":6},"end":{"line":200,"column":null}},"type":"if","locations":[{"start":{"line":196,"column":6},"end":{"line":200,"column":null}},{"start":{},"end":{}}],"line":196},"8":{"loc":{"start":{"line":201,"column":17},"end":{"line":201,"column":null}},"type":"binary-expr","locations":[{"start":{"line":201,"column":17},"end":{"line":201,"column":28}},{"start":{"line":201,"column":28},"end":{"line":201,"column":null}}],"line":201},"9":{"loc":{"start":{"line":202,"column":21},"end":{"line":202,"column":null}},"type":"cond-expr","locations":[{"start":{"line":202,"column":50},"end":{"line":202,"column":59}},{"start":{"line":202,"column":59},"end":{"line":202,"column":null}}],"line":202},"10":{"loc":{"start":{"line":203,"column":21},"end":{"line":203,"column":null}},"type":"cond-expr","locations":[{"start":{"line":203,"column":48},"end":{"line":203,"column":73}},{"start":{"line":203,"column":73},"end":{"line":203,"column":null}}],"line":203},"11":{"loc":{"start":{"line":237,"column":6},"end":{"line":241,"column":null}},"type":"if","locations":[{"start":{"line":237,"column":6},"end":{"line":241,"column":null}},{"start":{"line":239,"column":13},"end":{"line":241,"column":null}}],"line":237},"12":{"loc":{"start":{"line":246,"column":13},"end":{"line":246,"column":null}},"type":"cond-expr","locations":[{"start":{"line":246,"column":34},"end":{"line":246,"column":40}},{"start":{"line":246,"column":40},"end":{"line":246,"column":null}}],"line":246}},"s":{"0":21,"1":21,"2":21,"3":15,"4":15,"5":0,"6":15,"7":15,"8":1040,"9":1040,"10":0,"11":1040,"12":1040,"13":417,"14":4,"15":417,"16":15,"17":0,"18":0,"19":0,"20":0,"21":0,"22":0,"23":0,"24":0,"25":0,"26":0,"27":0,"28":1041,"29":0,"30":0,"31":1041,"32":1041,"33":1041,"34":1041,"35":1041,"36":1041,"37":1037,"38":3,"39":417,"40":417,"41":417,"42":417,"43":0,"44":0,"45":417,"46":405,"47":12,"48":13,"49":13,"50":752,"51":13,"52":752,"53":0,"54":3,"55":3,"56":3,"57":3,"58":21},"f":{"0":15,"1":1040,"2":417,"3":4,"4":15,"5":0,"6":1041,"7":1041,"8":1037,"9":3,"10":0,"11":417,"12":13,"13":752,"14":752,"15":0,"16":3,"17":3},"b":{"0":[0,15],"1":[0,1040],"2":[0,0],"3":[0,0],"4":[0,0],"5":[0,0],"6":[0,0],"7":[0,1041],"8":[1041,0],"9":[1041,0],"10":[1041,0],"11":[405,12],"12":[0,13]},"meta":{"lastBranch":13,"lastFunction":18,"lastStatement":59,"seen":{"s:76:21:76:Infinity":0,"s:77:23:77:Infinity":1,"s:149:2:149:Infinity":2,"f:151:9:151:Infinity":0,"s:155:15:155:Infinity":3,"b:156:2:157:Infinity:157:7:157:Infinity":0,"s:156:2:157:Infinity":4,"s:156:12:156:Infinity":5,"s:157:7:157:Infinity":6,"s:158:2:158:Infinity":7,"f:161:9:161:24":1,"s:162:15:162:Infinity":8,"b:163:2:163:Infinity:undefined:undefined:undefined:undefined":1,"s:163:2:163:Infinity":9,"s:163:13:163:Infinity":10,"s:165:2:165:Infinity":11,"s:165:30:165:Infinity":12,"f:178:16:178:56":2,"s:180:15:180:Infinity":13,"f:180:21:180:28":3,"s:180:64:180:73":14,"s:182:32:224:Infinity":15,"f:183:4:183:21":4,"s:184:6:184:Infinity":16,"f:186:4:186:24":5,"b:187:6:187:Infinity:undefined:undefined:undefined:undefined":2,"s:187:6:187:Infinity":17,"b:187:10:187:28:187:28:187:56":3,"s:187:56:187:Infinity":18,"s:188:16:188:Infinity":19,"b:189:6:189:Infinity:undefined:undefined:undefined:undefined":4,"s:189:6:189:Infinity":20,"s:189:38:189:Infinity":21,"s:190:19:190:Infinity":22,"b:191:6:191:Infinity:undefined:undefined:undefined:undefined":5,"s:191:6:191:Infinity":23,"s:191:17:191:Infinity":24,"s:192:18:192:Infinity":25,"b:193:6:193:Infinity:undefined:undefined:undefined:undefined":6,"s:193:6:193:Infinity":26,"s:193:20:193:Infinity":27,"f:195:4:195:14":6,"b:196:6:200:Infinity:undefined:undefined:undefined:undefined":7,"s:196:6:200:Infinity":28,"s:198:8:198:Infinity":29,"s:199:8:199:Infinity":30,"s:201:17:201:Infinity":31,"b:201:17:201:28:201:28:201:Infinity":8,"s:202:21:202:Infinity":32,"b:202:50:202:59:202:59:202:Infinity":9,"s:203:21:203:Infinity":33,"b:203:48:203:73:203:73:203:Infinity":10,"s:204:24:204:Infinity":34,"s:211:6:222:Infinity":35,"f:212:9:212:20":7,"s:212:20:212:40":36,"f:213:9:213:15":8,"s:214:10:214:Infinity":37,"f:216:9:216:16":9,"s:221:10:221:Infinity":38,"s:226:15:226:Infinity":39,"s:227:19:227:Infinity":40,"s:228:2:228:Infinity":41,"s:230:2:251:Infinity":42,"f:232:4:232:12":10,"s:233:6:233:Infinity":43,"s:234:6:234:Infinity":44,"f:236:4:236:16":11,"b:237:6:241:Infinity:239:13:241:Infinity":11,"s:237:6:241:Infinity":45,"s:238:8:238:Infinity":46,"s:240:8:240:Infinity":47,"f:243:4:243:12":12,"s:244:20:244:Infinity":48,"s:245:18:245:Infinity":49,"f:245:24:245:29":13,"s:245:44:245:62":50,"s:246:6:246:Infinity":51,"b:246:34:246:40:246:40:246:Infinity":12,"f:246:44:246:52":14,"s:246:58:246:73":52,"f:248:4:248:9":15,"s:249:6:249:Infinity":53,"f:268:9:268:23":16,"s:271:19:271:Infinity":54,"s:272:2:272:Infinity":55,"f:272:11:272:23":17,"s:272:23:272:32":56,"s:273:2:273:Infinity":57,"s:282:29:293:Infinity":58}}}
}
